TN:
SF:controllers\authController.js
FN:9,(anonymous_0)
FN:109,(anonymous_1)
FN:171,(anonymous_2)
FN:209,(anonymous_3)
FN:214,(anonymous_4)
FN:249,(anonymous_5)
FN:266,(anonymous_6)
FN:285,(anonymous_7)
FN:306,(anonymous_8)
FNF:9
FNH:9
FNDA:42,(anonymous_0)
FNDA:36,(anonymous_1)
FNDA:24,(anonymous_2)
FNDA:2,(anonymous_3)
FNDA:12,(anonymous_4)
FNDA:6,(anonymous_5)
FNDA:3,(anonymous_6)
FNDA:2,(anonymous_7)
FNDA:7,(anonymous_8)
DA:9,19
DA:10,42
DA:11,42
DA:14,42
DA:15,2
DA:21,40
DA:22,2
DA:28,38
DA:29,3
DA:35,35
DA:36,2
DA:42,33
DA:43,2
DA:49,31
DA:50,2
DA:56,29
DA:59,28
DA:60,5
DA:66,23
DA:68,22
DA:78,21
DA:90,21
DA:96,3
DA:97,3
DA:109,19
DA:110,36
DA:111,36
DA:114,36
DA:115,8
DA:121,28
DA:124,27
DA:125,3
DA:131,24
DA:134,23
DA:135,6
DA:141,17
DA:145,16
DA:159,3
DA:160,3
DA:171,19
DA:172,24
DA:173,24
DA:175,24
DA:176,22
DA:177,20
DA:178,3
DA:180,17
DA:182,16
DA:183,5
DA:189,11
DA:190,10
DA:192,10
DA:197,2
DA:198,2
DA:209,19
DA:210,2
DA:214,19
DA:215,12
DA:216,12
DA:217,12
DA:219,10
DA:220,3
DA:222,7
DA:223,7
DA:233,7
DA:239,2
DA:240,2
DA:249,19
DA:250,6
DA:251,6
DA:255,4
DA:257,2
DA:258,2
DA:266,19
DA:267,3
DA:268,3
DA:273,2
DA:275,1
DA:276,1
DA:285,19
DA:286,2
DA:287,2
DA:288,2
DA:289,2
DA:294,1
DA:296,1
DA:297,1
DA:306,19
DA:307,7
DA:308,7
DA:313,5
DA:315,2
DA:316,2
LF:93
LH:93
BRDA:14,0,0,2
BRDA:14,0,1,40
BRDA:21,1,0,2
BRDA:21,1,1,38
BRDA:28,2,0,3
BRDA:28,2,1,35
BRDA:35,3,0,2
BRDA:35,3,1,33
BRDA:42,4,0,2
BRDA:42,4,1,31
BRDA:49,5,0,2
BRDA:49,5,1,29
BRDA:59,6,0,5
BRDA:59,6,1,23
BRDA:114,7,0,8
BRDA:114,7,1,28
BRDA:114,8,0,36
BRDA:114,8,1,31
BRDA:124,9,0,3
BRDA:124,9,1,24
BRDA:134,10,0,6
BRDA:134,10,1,17
BRDA:175,11,0,2
BRDA:175,11,1,22
BRDA:176,12,0,2
BRDA:176,12,1,20
BRDA:177,13,0,3
BRDA:177,13,1,17
BRDA:182,14,0,5
BRDA:182,14,1,11
BRDA:219,15,0,3
BRDA:219,15,1,7
BRDA:219,16,0,10
BRDA:219,16,1,6
BRDA:222,17,0,3
BRDA:222,17,1,4
BRDA:226,18,0,7
BRDA:226,18,1,3
BRDA:227,19,0,7
BRDA:227,19,1,4
BRDA:228,20,0,7
BRDA:228,20,1,3
BRDA:229,21,0,7
BRDA:229,21,1,3
BRF:44
BRH:44
end_of_record
TN:
SF:controllers\categoryController.js
FN:3,(anonymous_0)
FN:38,(anonymous_1)
FN:75,(anonymous_2)
FN:94,(anonymous_3)
FN:119,(anonymous_4)
FNF:5
FNH:5
FNDA:8,(anonymous_0)
FNDA:8,(anonymous_1)
FNDA:6,(anonymous_2)
FNDA:6,(anonymous_3)
FNDA:7,(anonymous_4)
DA:3,10
DA:4,8
DA:5,8
DA:6,8
DA:7,2
DA:11,6
DA:12,5
DA:13,2
DA:18,3
DA:22,3
DA:28,1
DA:29,1
DA:38,10
DA:39,8
DA:40,8
DA:41,8
DA:43,8
DA:44,2
DA:48,6
DA:53,5
DA:54,2
DA:59,3
DA:65,1
DA:66,1
DA:75,10
DA:76,6
DA:77,6
DA:78,4
DA:84,2
DA:85,2
DA:94,10
DA:95,6
DA:96,6
DA:97,4
DA:98,2
DA:103,2
DA:109,2
DA:110,2
DA:119,10
DA:120,7
DA:121,7
DA:122,7
DA:123,6
DA:124,2
DA:129,4
DA:134,1
DA:135,1
LF:47
LH:47
BRDA:6,0,0,2
BRDA:6,0,1,6
BRDA:12,1,0,2
BRDA:12,1,1,3
BRDA:43,2,0,2
BRDA:43,2,1,6
BRDA:53,3,0,2
BRDA:53,3,1,3
BRDA:97,4,0,2
BRDA:97,4,1,2
BRDA:123,5,0,2
BRDA:123,5,1,4
BRF:12
BRH:12
end_of_record
TN:
SF:controllers\productController.js
FN:20,(anonymous_0)
FN:64,(anonymous_1)
FN:89,(anonymous_2)
FN:111,(anonymous_3)
FN:137,(anonymous_4)
FN:163,(anonymous_5)
FN:217,(anonymous_6)
FN:239,(anonymous_7)
FN:257,(anonymous_8)
FN:282,(anonymous_9)
FN:305,(anonymous_10)
FN:336,(anonymous_11)
FN:363,(anonymous_12)
FN:365,(anonymous_13)
FN:379,(anonymous_14)
FN:394,(anonymous_15)
FN:403,(anonymous_16)
FNF:17
FNH:17
FNDA:12,(anonymous_0)
FNDA:4,(anonymous_1)
FNDA:5,(anonymous_2)
FNDA:7,(anonymous_3)
FNDA:6,(anonymous_4)
FNDA:14,(anonymous_5)
FNDA:10,(anonymous_6)
FNDA:7,(anonymous_7)
FNDA:7,(anonymous_8)
FNDA:7,(anonymous_9)
FNDA:7,(anonymous_10)
FNDA:9,(anonymous_11)
FNDA:3,(anonymous_12)
FNDA:2,(anonymous_13)
FNDA:17,(anonymous_14)
FNDA:10,(anonymous_15)
FNDA:9,(anonymous_16)
DA:10,11
DA:13,11
DA:20,11
DA:21,12
DA:22,12
DA:23,12
DA:25,12
DA:27,2
DA:29,1
DA:31,1
DA:33,1
DA:35,1
DA:37,1
DA:42,5
DA:43,5
DA:44,2
DA:45,2
DA:47,5
DA:48,4
DA:54,1
DA:55,1
DA:64,11
DA:65,4
DA:66,4
DA:72,2
DA:79,2
DA:80,2
DA:89,11
DA:90,5
DA:91,5
DA:95,3
DA:101,2
DA:102,2
DA:111,11
DA:112,7
DA:113,7
DA:115,5
DA:116,3
DA:122,2
DA:123,2
DA:124,2
DA:127,2
DA:128,2
DA:137,11
DA:138,6
DA:139,6
DA:142,5
DA:143,2
DA:148,3
DA:153,1
DA:154,1
DA:163,11
DA:164,14
DA:165,14
DA:166,14
DA:168,14
DA:170,2
DA:172,1
DA:174,1
DA:176,1
DA:178,1
DA:180,1
DA:185,7
DA:190,6
DA:191,2
DA:196,4
DA:197,1
DA:198,1
DA:200,4
DA:201,4
DA:207,1
DA:208,1
DA:217,11
DA:218,10
DA:219,10
DA:220,10
DA:221,10
DA:222,10
DA:223,10
DA:224,8
DA:229,2
DA:230,2
DA:239,11
DA:240,7
DA:241,7
DA:242,5
DA:247,2
DA:248,2
DA:257,11
DA:258,7
DA:259,7
DA:260,7
DA:261,7
DA:267,5
DA:272,2
DA:273,2
DA:282,11
DA:283,7
DA:284,7
DA:285,7
DA:293,5
DA:295,2
DA:296,2
DA:305,11
DA:306,7
DA:307,7
DA:308,7
DA:309,1
DA:313,6
DA:321,4
DA:326,2
DA:327,2
DA:336,11
DA:337,9
DA:338,9
DA:339,7
DA:340,2
DA:345,5
DA:346,3
DA:352,4
DA:353,4
DA:363,11
DA:364,3
DA:365,3
DA:366,2
DA:367,1
DA:369,1
DA:373,1
DA:374,1
DA:379,11
DA:380,17
DA:381,17
DA:382,17
DA:383,2
DA:386,15
DA:387,15
DA:388,17
DA:389,5
DA:391,12
DA:394,10
DA:395,10
DA:404,9
DA:405,2
DA:407,9
DA:408,5
DA:410,2
DA:416,5
DA:421,3
DA:423,7
DA:424,7
DA:425,2
DA:426,5
DA:427,2
DA:429,3
LF:154
LH:154
BRDA:25,0,0,2
BRDA:25,0,1,1
BRDA:25,0,2,1
BRDA:25,0,3,1
BRDA:25,0,4,1
BRDA:25,0,5,1
BRDA:36,1,0,6
BRDA:36,1,1,3
BRDA:43,2,0,2
BRDA:43,2,1,3
BRDA:115,3,0,3
BRDA:115,3,1,2
BRDA:115,4,0,5
BRDA:115,4,1,3
BRDA:122,5,0,2
BRDA:122,5,1,0
BRDA:142,6,0,2
BRDA:142,6,1,3
BRDA:168,7,0,2
BRDA:168,7,1,1
BRDA:168,7,2,1
BRDA:168,7,3,1
BRDA:168,7,4,1
BRDA:168,7,5,1
BRDA:179,8,0,8
BRDA:179,8,1,2
BRDA:190,9,0,2
BRDA:190,9,1,4
BRDA:196,10,0,1
BRDA:196,10,1,3
BRDA:221,11,0,5
BRDA:221,11,1,5
BRDA:222,12,0,5
BRDA:222,12,1,5
BRDA:260,13,0,6
BRDA:260,13,1,1
BRDA:308,14,0,1
BRDA:308,14,1,6
BRDA:308,15,0,7
BRDA:308,15,1,6
BRDA:339,16,0,2
BRDA:339,16,1,5
BRDA:366,17,0,1
BRDA:366,17,1,1
BRDA:382,18,0,2
BRDA:382,18,1,15
BRDA:388,19,0,5
BRDA:388,19,1,12
BRDA:388,20,0,17
BRDA:388,20,1,17
BRDA:388,20,2,14
BRDA:404,21,0,2
BRDA:404,21,1,7
BRDA:407,22,0,5
BRDA:407,22,1,2
BRDA:424,23,0,2
BRDA:424,23,1,5
BRDA:426,24,0,2
BRDA:426,24,1,3
BRF:59
BRH:58
end_of_record
TN:
SF:helpers\authHelper.js
FN:9,(anonymous_0)
FN:23,(anonymous_1)
FNF:2
FNH:2
FNDA:80,(anonymous_0)
FNDA:40,(anonymous_1)
DA:6,16
DA:9,16
DA:10,80
DA:11,4
DA:14,76
DA:15,76
DA:18,1
DA:19,1
DA:23,16
DA:24,40
DA:25,3
DA:27,37
DA:28,3
DA:31,34
DA:32,34
DA:34,1
DA:35,1
LF:17
LH:17
BRDA:10,0,0,4
BRDA:10,0,1,76
BRDA:10,1,0,80
BRDA:10,1,1,77
BRDA:24,2,0,3
BRDA:24,2,1,37
BRDA:24,3,0,40
BRDA:24,3,1,38
BRDA:27,4,0,3
BRDA:27,4,1,34
BRDA:27,5,0,37
BRDA:27,5,1,35
BRF:12
BRH:12
end_of_record
TN:
SF:middlewares\authMiddleware.js
FN:9,(anonymous_0)
FN:45,(anonymous_1)
FNF:2
FNH:2
FNDA:56,(anonymous_0)
FNDA:21,(anonymous_1)
DA:9,9
DA:10,56
DA:11,56
DA:13,56
DA:14,14
DA:21,42
DA:25,42
DA:26,2
DA:32,40
DA:33,37
DA:34,37
DA:36,3
DA:37,3
DA:45,9
DA:46,21
DA:47,21
DA:48,3
DA:54,18
DA:56,17
DA:57,1
DA:63,16
DA:64,7
DA:70,9
DA:72,1
DA:73,1
LF:25
LH:25
BRDA:13,0,0,14
BRDA:13,0,1,42
BRDA:21,1,0,12
BRDA:21,1,1,30
BRDA:25,2,0,2
BRDA:25,2,1,40
BRDA:47,3,0,3
BRDA:47,3,1,18
BRDA:56,4,0,1
BRDA:56,4,1,16
BRDA:63,5,0,7
BRDA:63,5,1,9
BRF:12
BRH:12
end_of_record
TN:
SF:models\categoryModel.js
FNF:0
FNH:0
DA:3,12
LF:1
LH:1
BRF:0
BRH:0
end_of_record
TN:
SF:models\orderModel.js
FNF:0
FNH:0
DA:3,18
LF:1
LH:1
BRF:0
BRH:0
end_of_record
TN:
SF:models\productModel.js
FNF:0
FNH:0
DA:3,10
LF:1
LH:1
BRF:0
BRH:0
end_of_record
TN:
SF:models\userModel.js
FNF:0
FNH:0
DA:3,14
LF:1
LH:1
BRF:0
BRH:0
end_of_record
