TN:
SF:controllers\authController.js
FN:9,(anonymous_0)
FN:109,(anonymous_1)
FN:171,(anonymous_2)
FN:209,(anonymous_3)
FN:214,(anonymous_4)
FN:249,(anonymous_5)
FN:266,(anonymous_6)
FN:285,(anonymous_7)
FN:306,(anonymous_8)
FNF:9
FNH:9
FNDA:42,(anonymous_0)
FNDA:36,(anonymous_1)
FNDA:24,(anonymous_2)
FNDA:2,(anonymous_3)
FNDA:12,(anonymous_4)
FNDA:6,(anonymous_5)
FNDA:3,(anonymous_6)
FNDA:2,(anonymous_7)
FNDA:7,(anonymous_8)
DA:9,19
DA:10,42
DA:11,42
DA:14,42
DA:15,2
DA:21,40
DA:22,2
DA:28,38
DA:29,3
DA:35,35
DA:36,2
DA:42,33
DA:43,2
DA:49,31
DA:50,2
DA:56,29
DA:59,28
DA:60,5
DA:66,23
DA:68,22
DA:78,21
DA:90,21
DA:96,3
DA:97,3
DA:109,19
DA:110,36
DA:111,36
DA:114,36
DA:115,8
DA:121,28
DA:124,27
DA:125,3
DA:131,24
DA:134,23
DA:135,6
DA:141,17
DA:145,16
DA:159,3
DA:160,3
DA:171,19
DA:172,24
DA:173,24
DA:175,24
DA:176,22
DA:177,20
DA:178,3
DA:180,17
DA:182,16
DA:183,5
DA:189,11
DA:190,10
DA:192,10
DA:197,2
DA:198,2
DA:209,19
DA:210,2
DA:214,19
DA:215,12
DA:216,12
DA:217,12
DA:219,10
DA:220,3
DA:222,7
DA:223,7
DA:233,7
DA:239,2
DA:240,2
DA:249,19
DA:250,6
DA:251,6
DA:255,4
DA:257,2
DA:258,2
DA:266,19
DA:267,3
DA:268,3
DA:273,2
DA:275,1
DA:276,1
DA:285,19
DA:286,2
DA:287,2
DA:288,2
DA:289,2
DA:294,1
DA:296,1
DA:297,1
DA:306,19
DA:307,7
DA:308,7
DA:313,5
DA:315,2
DA:316,2
LF:93
LH:93
BRDA:14,0,0,2
BRDA:14,0,1,40
BRDA:21,1,0,2
BRDA:21,1,1,38
BRDA:28,2,0,3
BRDA:28,2,1,35
BRDA:35,3,0,2
BRDA:35,3,1,33
BRDA:42,4,0,2
BRDA:42,4,1,31
BRDA:49,5,0,2
BRDA:49,5,1,29
BRDA:59,6,0,5
BRDA:59,6,1,23
BRDA:114,7,0,8
BRDA:114,7,1,28
BRDA:114,8,0,36
BRDA:114,8,1,31
BRDA:124,9,0,3
BRDA:124,9,1,24
BRDA:134,10,0,6
BRDA:134,10,1,17
BRDA:175,11,0,2
BRDA:175,11,1,22
BRDA:176,12,0,2
BRDA:176,12,1,20
BRDA:177,13,0,3
BRDA:177,13,1,17
BRDA:182,14,0,5
BRDA:182,14,1,11
BRDA:219,15,0,3
BRDA:219,15,1,7
BRDA:219,16,0,10
BRDA:219,16,1,6
BRDA:222,17,0,3
BRDA:222,17,1,4
BRDA:226,18,0,7
BRDA:226,18,1,3
BRDA:227,19,0,7
BRDA:227,19,1,4
BRDA:228,20,0,7
BRDA:228,20,1,3
BRDA:229,21,0,7
BRDA:229,21,1,3
BRF:44
BRH:44
end_of_record
TN:
SF:controllers\braintree.js
FN:3,getBraintreeGateway
FNF:1
FNH:0
FNDA:0,getBraintreeGateway
DA:4,0
DA:5,0
DA:6,0
DA:8,0
DA:9,0
DA:12,0
LF:6
LH:0
BRDA:8,0,0,0
BRDA:8,0,1,0
BRDA:8,1,0,0
BRDA:8,1,1,0
BRDA:8,1,2,0
BRF:5
BRH:0
end_of_record
TN:
SF:controllers\categoryController.js
FN:3,(anonymous_0)
FN:38,(anonymous_1)
FN:75,(anonymous_2)
FN:94,(anonymous_3)
FN:119,(anonymous_4)
FNF:5
FNH:5
FNDA:8,(anonymous_0)
FNDA:8,(anonymous_1)
FNDA:6,(anonymous_2)
FNDA:6,(anonymous_3)
FNDA:7,(anonymous_4)
DA:3,10
DA:4,8
DA:5,8
DA:6,8
DA:7,2
DA:11,6
DA:12,5
DA:13,2
DA:18,3
DA:22,3
DA:28,1
DA:29,1
DA:38,10
DA:39,8
DA:40,8
DA:41,8
DA:43,8
DA:44,2
DA:48,6
DA:53,5
DA:54,2
DA:59,3
DA:65,1
DA:66,1
DA:75,10
DA:76,6
DA:77,6
DA:78,4
DA:84,2
DA:85,2
DA:94,10
DA:95,6
DA:96,6
DA:97,4
DA:98,2
DA:103,2
DA:109,2
DA:110,2
DA:119,10
DA:120,7
DA:121,7
DA:122,7
DA:123,6
DA:124,2
DA:129,4
DA:134,1
DA:135,1
LF:47
LH:47
BRDA:6,0,0,2
BRDA:6,0,1,6
BRDA:12,1,0,2
BRDA:12,1,1,3
BRDA:43,2,0,2
BRDA:43,2,1,6
BRDA:53,3,0,2
BRDA:53,3,1,3
BRDA:97,4,0,2
BRDA:97,4,1,2
BRDA:123,5,0,2
BRDA:123,5,1,4
BRF:12
BRH:12
end_of_record
TN:
SF:controllers\productController.js
FN:12,(anonymous_0)
FN:56,(anonymous_1)
FN:81,(anonymous_2)
FN:103,(anonymous_3)
FN:129,(anonymous_4)
FN:155,(anonymous_5)
FN:209,(anonymous_6)
FN:231,(anonymous_7)
FN:249,(anonymous_8)
FN:274,(anonymous_9)
FN:297,(anonymous_10)
FN:328,(anonymous_11)
FN:355,(anonymous_12)
FN:370,(anonymous_13)
FN:384,(anonymous_14)
FN:402,(anonymous_15)
FN:419,(anonymous_16)
FN:428,(anonymous_17)
FNF:18
FNH:17
FNDA:12,(anonymous_0)
FNDA:4,(anonymous_1)
FNDA:5,(anonymous_2)
FNDA:7,(anonymous_3)
FNDA:6,(anonymous_4)
FNDA:14,(anonymous_5)
FNDA:10,(anonymous_6)
FNDA:7,(anonymous_7)
FNDA:7,(anonymous_8)
FNDA:7,(anonymous_9)
FNDA:7,(anonymous_10)
FNDA:9,(anonymous_11)
FNDA:3,(anonymous_12)
FNDA:2,(anonymous_13)
FNDA:17,(anonymous_14)
FNDA:0,(anonymous_15)
FNDA:10,(anonymous_16)
FNDA:9,(anonymous_17)
DA:10,11
DA:12,11
DA:13,12
DA:14,12
DA:15,12
DA:17,12
DA:19,2
DA:21,1
DA:23,1
DA:25,1
DA:27,1
DA:29,1
DA:34,5
DA:35,5
DA:36,2
DA:37,2
DA:39,5
DA:40,4
DA:46,1
DA:47,1
DA:56,11
DA:57,4
DA:58,4
DA:64,2
DA:71,2
DA:72,2
DA:81,11
DA:82,5
DA:83,5
DA:87,3
DA:93,2
DA:94,2
DA:103,11
DA:104,7
DA:105,7
DA:107,5
DA:108,3
DA:114,2
DA:115,2
DA:116,2
DA:119,2
DA:120,2
DA:129,11
DA:130,6
DA:131,6
DA:134,5
DA:135,2
DA:140,3
DA:145,1
DA:146,1
DA:155,11
DA:156,14
DA:157,14
DA:158,14
DA:160,14
DA:162,2
DA:164,1
DA:166,1
DA:168,1
DA:170,1
DA:172,1
DA:177,7
DA:182,6
DA:183,2
DA:188,4
DA:189,1
DA:190,1
DA:192,4
DA:193,4
DA:199,1
DA:200,1
DA:209,11
DA:210,10
DA:211,10
DA:212,10
DA:213,10
DA:214,10
DA:215,10
DA:216,8
DA:221,2
DA:222,2
DA:231,11
DA:232,7
DA:233,7
DA:234,5
DA:239,2
DA:240,2
DA:249,11
DA:250,7
DA:251,7
DA:252,7
DA:253,7
DA:259,5
DA:264,2
DA:265,2
DA:274,11
DA:275,7
DA:276,7
DA:277,7
DA:285,5
DA:287,2
DA:288,2
DA:297,11
DA:298,7
DA:299,7
DA:300,7
DA:301,1
DA:305,6
DA:313,4
DA:318,2
DA:319,2
DA:328,11
DA:329,9
DA:330,9
DA:331,7
DA:332,2
DA:337,5
DA:338,3
DA:344,4
DA:345,4
DA:355,11
DA:356,3
DA:357,3
DA:358,0
DA:361,3
DA:363,3
DA:364,0
DA:370,3
DA:371,2
DA:372,1
DA:374,1
DA:378,1
DA:379,1
DA:384,11
DA:385,17
DA:386,17
DA:387,17
DA:388,2
DA:391,15
DA:392,15
DA:393,17
DA:394,5
DA:396,12
DA:401,10
DA:402,0
DA:403,0
DA:410,10
DA:412,10
DA:413,0
DA:419,10
DA:420,10
DA:429,9
DA:430,2
DA:431,2
DA:433,7
DA:434,5
DA:436,2
DA:443,5
DA:448,3
DA:450,7
DA:451,7
DA:452,2
DA:453,5
DA:454,2
DA:456,3
LF:165
LH:160
BRDA:17,0,0,2
BRDA:17,0,1,1
BRDA:17,0,2,1
BRDA:17,0,3,1
BRDA:17,0,4,1
BRDA:17,0,5,1
BRDA:28,1,0,6
BRDA:28,1,1,3
BRDA:35,2,0,2
BRDA:35,2,1,3
BRDA:107,3,0,3
BRDA:107,3,1,2
BRDA:107,4,0,5
BRDA:107,4,1,3
BRDA:114,5,0,2
BRDA:114,5,1,0
BRDA:134,6,0,2
BRDA:134,6,1,3
BRDA:160,7,0,2
BRDA:160,7,1,1
BRDA:160,7,2,1
BRDA:160,7,3,1
BRDA:160,7,4,1
BRDA:160,7,5,1
BRDA:171,8,0,8
BRDA:171,8,1,2
BRDA:182,9,0,2
BRDA:182,9,1,4
BRDA:188,10,0,1
BRDA:188,10,1,3
BRDA:213,11,0,5
BRDA:213,11,1,5
BRDA:214,12,0,5
BRDA:214,12,1,5
BRDA:252,13,0,6
BRDA:252,13,1,1
BRDA:300,14,0,1
BRDA:300,14,1,6
BRDA:300,15,0,7
BRDA:300,15,1,6
BRDA:331,16,0,2
BRDA:331,16,1,5
BRDA:357,17,0,0
BRDA:357,17,1,3
BRDA:363,18,0,0
BRDA:363,18,1,3
BRDA:371,19,0,1
BRDA:371,19,1,1
BRDA:387,20,0,2
BRDA:387,20,1,15
BRDA:393,21,0,5
BRDA:393,21,1,12
BRDA:393,22,0,17
BRDA:393,22,1,17
BRDA:393,22,2,14
BRDA:401,23,0,0
BRDA:401,23,1,10
BRDA:412,24,0,0
BRDA:412,24,1,10
BRDA:429,25,0,2
BRDA:429,25,1,7
BRDA:433,26,0,5
BRDA:433,26,1,2
BRDA:451,27,0,2
BRDA:451,27,1,5
BRDA:453,28,0,2
BRDA:453,28,1,3
BRF:67
BRH:62
end_of_record
TN:
SF:helpers\authHelper.js
FN:9,(anonymous_0)
FN:23,(anonymous_1)
FNF:2
FNH:2
FNDA:80,(anonymous_0)
FNDA:40,(anonymous_1)
DA:6,16
DA:9,16
DA:10,80
DA:11,4
DA:14,76
DA:15,76
DA:18,1
DA:19,1
DA:23,16
DA:24,40
DA:25,3
DA:27,37
DA:28,3
DA:31,34
DA:32,34
DA:34,1
DA:35,1
LF:17
LH:17
BRDA:10,0,0,4
BRDA:10,0,1,76
BRDA:10,1,0,80
BRDA:10,1,1,77
BRDA:24,2,0,3
BRDA:24,2,1,37
BRDA:24,3,0,40
BRDA:24,3,1,38
BRDA:27,4,0,3
BRDA:27,4,1,34
BRDA:27,5,0,37
BRDA:27,5,1,35
BRF:12
BRH:12
end_of_record
TN:
SF:middlewares\authMiddleware.js
FN:9,(anonymous_0)
FN:45,(anonymous_1)
FNF:2
FNH:2
FNDA:56,(anonymous_0)
FNDA:21,(anonymous_1)
DA:9,9
DA:10,56
DA:11,56
DA:13,56
DA:14,14
DA:21,42
DA:25,42
DA:26,2
DA:32,40
DA:33,37
DA:34,37
DA:36,3
DA:37,3
DA:45,9
DA:46,21
DA:47,21
DA:48,3
DA:54,18
DA:56,17
DA:57,1
DA:63,16
DA:64,7
DA:70,9
DA:72,1
DA:73,1
LF:25
LH:25
BRDA:13,0,0,14
BRDA:13,0,1,42
BRDA:21,1,0,12
BRDA:21,1,1,30
BRDA:25,2,0,2
BRDA:25,2,1,40
BRDA:47,3,0,3
BRDA:47,3,1,18
BRDA:56,4,0,1
BRDA:56,4,1,16
BRDA:63,5,0,7
BRDA:63,5,1,9
BRF:12
BRH:12
end_of_record
TN:
SF:models\categoryModel.js
FNF:0
FNH:0
DA:3,12
DA:19,12
DA:20,12
LF:3
LH:3
BRF:0
BRH:0
end_of_record
TN:
SF:models\orderModel.js
FNF:0
FNH:0
DA:3,18
LF:1
LH:1
BRF:0
BRH:0
end_of_record
TN:
SF:models\productModel.js
FNF:0
FNH:0
DA:6,10
DA:44,10
DA:45,10
DA:46,10
DA:47,10
DA:48,10
LF:6
LH:6
BRF:0
BRH:0
end_of_record
TN:
SF:models\userModel.js
FNF:0
FNH:0
DA:3,14
LF:1
LH:1
BRF:0
BRH:0
end_of_record
