TN:
SF:client\src\App.js
FN:27,App
FNF:1
FNH:0
FNDA:0,App
DA:28,0
LF:1
LH:0
BRF:0
BRH:0
end_of_record
TN:
SF:client\src\index.js
FNF:0
FNH:0
DA:12,0
DA:13,0
DA:28,0
LF:3
LH:0
BRF:0
BRH:0
end_of_record
TN:
SF:client\src\reportWebVitals.js
FN:1,(anonymous_0)
FN:3,(anonymous_1)
FNF:2
FNH:0
FNDA:0,(anonymous_0)
FNDA:0,(anonymous_1)
DA:1,0
DA:2,0
DA:3,0
DA:4,0
DA:5,0
DA:6,0
DA:7,0
DA:8,0
LF:8
LH:0
BRDA:2,0,0,0
BRDA:2,0,1,0
BRDA:2,1,0,0
BRDA:2,1,1,0
BRF:4
BRH:0
end_of_record
TN:
SF:client\src\components\AdminMenu.js
FN:6,(anonymous_0)
FNF:1
FNH:1
FNDA:83,(anonymous_0)
DA:6,6
DA:7,83
LF:2
LH:2
BRF:0
BRH:0
end_of_record
TN:
SF:client\src\components\Footer.js
FN:4,(anonymous_0)
FNF:1
FNH:1
FNDA:108,(anonymous_0)
DA:4,4
DA:5,108
LF:2
LH:2
BRF:0
BRH:0
end_of_record
TN:
SF:client\src\components\Header.js
FN:10,(anonymous_0)
FN:14,(anonymous_1)
FN:63,(anonymous_2)
FNF:3
FNH:3
FNDA:111,(anonymous_0)
FNDA:1,(anonymous_1)
FNDA:89,(anonymous_2)
DA:10,4
DA:11,111
DA:12,111
DA:13,111
DA:14,111
DA:15,1
DA:20,1
DA:21,1
DA:23,111
DA:64,89
LF:10
LH:10
BRDA:64,0,0,89
BRDA:64,0,1,0
BRDA:76,1,0,84
BRDA:76,1,1,27
BRDA:104,2,0,1
BRDA:104,2,1,26
BRF:6
BRH:5
end_of_record
TN:
SF:client\src\components\Layout.js
FN:8,(anonymous_0)
FNF:1
FNH:1
FNDA:108,(anonymous_0)
DA:8,4
DA:9,108
DA:28,4
LF:3
LH:3
BRF:0
BRH:0
end_of_record
TN:
SF:client\src\components\Prices.js
FNF:0
FNH:0
DA:1,1
LF:1
LH:1
BRF:0
BRH:0
end_of_record
TN:
SF:client\src\components\Spinner.js
FN:3,(anonymous_0)
FN:8,(anonymous_1)
FN:9,(anonymous_2)
FN:10,(anonymous_3)
FN:15,(anonymous_4)
FNF:5
FNH:5
FNDA:7,(anonymous_0)
FNDA:7,(anonymous_1)
FNDA:7,(anonymous_2)
FNDA:7,(anonymous_3)
FNDA:7,(anonymous_4)
DA:3,1
DA:4,7
DA:5,7
DA:6,7
DA:8,7
DA:9,7
DA:10,7
DA:12,7
DA:15,7
DA:17,7
LF:10
LH:10
BRDA:3,0,0,5
BRDA:12,1,0,7
BRDA:12,1,1,2
BRF:3
BRH:3
end_of_record
TN:
SF:client\src\components\UserMenu.js
FN:3,(anonymous_0)
FNF:1
FNH:1
FNDA:5,(anonymous_0)
DA:3,1
DA:4,5
LF:2
LH:2
BRF:0
BRH:0
end_of_record
TN:
SF:client\src\components\Form\CategoryForm.js
FN:3,(anonymous_0)
FN:13,(anonymous_1)
FNF:2
FNH:2
FNDA:43,(anonymous_0)
FNDA:8,(anonymous_1)
DA:3,2
DA:4,43
DA:13,8
LF:3
LH:3
BRF:0
BRH:0
end_of_record
TN:
SF:client\src\components\Form\SearchInput.js
FN:6,(anonymous_0)
FN:10,(anonymous_1)
FN:33,(anonymous_2)
FNF:3
FNH:3
FNDA:113,(anonymous_0)
FNDA:5,(anonymous_1)
FNDA:1,(anonymous_2)
DA:6,4
DA:7,113
DA:8,113
DA:10,113
DA:11,5
DA:12,5
DA:13,5
DA:14,4
DA:15,4
DA:18,3
DA:19,3
DA:21,1
DA:24,113
DA:33,1
LF:14
LH:14
BRDA:13,0,0,1
BRDA:13,0,1,4
BRF:2
BRH:2
end_of_record
TN:
SF:client\src\components\Routes\AdminRoute.js
FN:7,AdminRoute
FN:11,(anonymous_1)
FN:12,(anonymous_2)
FNF:3
FNH:0
FNDA:0,AdminRoute
FNDA:0,(anonymous_1)
FNDA:0,(anonymous_2)
DA:8,0
DA:9,0
DA:11,0
DA:12,0
DA:13,0
DA:14,0
DA:15,0
DA:16,0
DA:18,0
DA:21,0
DA:24,0
DA:27,0
LF:12
LH:0
BRDA:15,0,0,0
BRDA:15,0,1,0
BRDA:24,1,0,0
BRDA:24,1,1,0
BRDA:27,2,0,0
BRDA:27,2,1,0
BRF:6
BRH:0
end_of_record
TN:
SF:client\src\components\Routes\Private.js
FN:7,PrivateRoute
FN:11,(anonymous_1)
FN:12,(anonymous_2)
FNF:3
FNH:3
FNDA:5,PrivateRoute
FNDA:4,(anonymous_1)
FNDA:2,(anonymous_2)
DA:8,5
DA:9,5
DA:11,5
DA:12,4
DA:13,2
DA:14,2
DA:15,1
DA:17,1
DA:20,4
DA:23,5
LF:10
LH:10
BRDA:14,0,0,1
BRDA:14,0,1,1
BRDA:20,1,0,2
BRDA:20,1,1,2
BRDA:23,2,0,1
BRDA:23,2,1,4
BRF:6
BRH:6
end_of_record
TN:
SF:client\src\context\auth.js
FN:9,(anonymous_0)
FN:14,(anonymous_1)
FN:34,(anonymous_2)
FNF:3
FNH:3
FNDA:3,(anonymous_0)
FNDA:2,(anonymous_1)
FNDA:3,(anonymous_2)
DA:7,3
DA:9,3
DA:10,3
DA:12,3
DA:14,3
DA:15,2
DA:16,2
DA:17,1
DA:18,1
DA:27,3
DA:34,3
LF:11
LH:11
BRDA:16,0,0,1
BRDA:16,0,1,1
BRF:2
BRH:2
end_of_record
TN:
SF:client\src\context\cart.js
FN:5,(anonymous_0)
FN:8,(anonymous_1)
FN:14,(anonymous_2)
FN:34,(anonymous_3)
FNF:4
FNH:4
FNDA:11,(anonymous_0)
FNDA:6,(anonymous_1)
FNDA:4,(anonymous_2)
FNDA:11,(anonymous_3)
DA:4,1
DA:5,1
DA:6,11
DA:8,11
DA:9,6
DA:10,6
DA:11,6
DA:12,4
DA:13,3
DA:14,4
DA:16,1
DA:20,2
DA:21,2
DA:22,2
DA:26,11
DA:34,11
LF:16
LH:16
BRDA:11,0,0,4
BRDA:11,0,1,2
BRDA:13,1,0,2
BRDA:13,1,1,1
BRDA:14,2,0,4
BRDA:14,2,1,3
BRF:6
BRH:6
end_of_record
TN:
SF:client\src\context\search.js
FN:4,(anonymous_0)
FN:18,(anonymous_1)
FNF:2
FNH:2
FNDA:7,(anonymous_0)
FNDA:7,(anonymous_1)
DA:3,1
DA:4,1
DA:5,7
DA:10,7
DA:18,7
LF:5
LH:5
BRF:0
BRH:0
end_of_record
TN:
SF:client\src\hooks\useCategory.js
FN:4,useCategory
FN:8,(anonymous_1)
FN:17,(anonymous_2)
FNF:3
FNH:3
FNDA:105,useCategory
FNDA:45,(anonymous_1)
FNDA:45,(anonymous_2)
DA:5,105
DA:8,105
DA:9,45
DA:10,45
DA:11,44
DA:13,1
DA:17,105
DA:18,45
DA:21,105
LF:9
LH:9
BRF:0
BRH:0
end_of_record
TN:
SF:client\src\pages\About.js
FN:4,(anonymous_0)
FNF:1
FNH:1
FNDA:3,(anonymous_0)
DA:4,1
DA:5,3
LF:2
LH:2
BRF:0
BRH:0
end_of_record
TN:
SF:client\src\pages\CartPage.js
FN:12,(anonymous_0)
FN:21,(anonymous_1)
FN:24,(anonymous_2)
FN:36,(anonymous_3)
FN:39,(anonymous_4)
FN:49,(anonymous_5)
FN:57,(anonymous_6)
FN:62,(anonymous_7)
FN:106,(anonymous_8)
FN:125,(anonymous_9)
FN:145,(anonymous_10)
FN:156,(anonymous_11)
FN:163,(anonymous_12)
FN:186,(anonymous_13)
FNF:14
FNH:14
FNDA:56,(anonymous_0)
FNDA:56,(anonymous_1)
FNDA:90,(anonymous_2)
FNDA:3,(anonymous_3)
FNDA:4,(anonymous_4)
FNDA:30,(anonymous_5)
FNDA:30,(anonymous_6)
FNDA:3,(anonymous_7)
FNDA:90,(anonymous_8)
FNDA:3,(anonymous_9)
FNDA:1,(anonymous_10)
FNDA:1,(anonymous_11)
FNDA:1,(anonymous_12)
FNDA:15,(anonymous_13)
DA:12,1
DA:13,56
DA:14,56
DA:15,56
DA:16,56
DA:17,56
DA:18,56
DA:21,56
DA:22,56
DA:23,56
DA:24,56
DA:25,90
DA:27,56
DA:32,1
DA:36,56
DA:37,3
DA:38,3
DA:39,4
DA:40,3
DA:41,3
DA:42,3
DA:44,1
DA:49,56
DA:50,30
DA:51,30
DA:52,29
DA:54,1
DA:57,56
DA:58,30
DA:62,56
DA:63,3
DA:64,3
DA:66,3
DA:67,0
DA:69,3
DA:71,3
DA:75,2
DA:76,2
DA:77,2
DA:78,2
DA:79,2
DA:81,1
DA:82,1
DA:85,56
DA:107,90
DA:125,3
DA:145,1
DA:156,1
DA:164,1
DA:186,15
LF:50
LH:49
BRDA:66,0,0,0
BRDA:66,0,1,3
BRDA:91,1,0,23
BRDA:91,1,1,33
BRDA:93,2,0,33
BRDA:93,2,1,33
BRDA:95,3,0,49
BRDA:95,3,1,7
BRDA:96,4,0,36
BRDA:96,4,1,13
BRDA:138,5,0,30
BRDA:138,5,1,26
BRDA:153,6,0,8
BRDA:153,6,1,18
BRDA:175,7,0,30
BRDA:175,7,1,26
BRDA:175,8,0,56
BRDA:175,8,1,26
BRDA:175,8,2,26
BRDA:192,9,0,26
BRDA:192,9,1,20
BRDA:192,9,2,20
BRDA:192,9,3,14
BRDA:194,10,0,6
BRDA:194,10,1,20
BRF:25
BRH:24
end_of_record
TN:
SF:client\src\pages\Categories.js
FN:5,(anonymous_0)
FN:11,(anonymous_1)
FNF:2
FNH:2
FNDA:5,(anonymous_0)
FNDA:10,(anonymous_1)
DA:5,1
DA:6,5
DA:7,5
DA:12,10
LF:4
LH:4
BRF:0
BRH:0
end_of_record
TN:
SF:client\src\pages\CategoryProduct.js
FN:10,(anonymous_0)
FN:22,(anonymous_1)
FN:29,(anonymous_2)
FN:46,(anonymous_3)
FN:50,(anonymous_4)
FN:67,(anonymous_5)
FN:90,(anonymous_6)
FN:96,(anonymous_7)
FN:109,(anonymous_8)
FN:111,(anonymous_9)
FNF:10
FNH:10
FNDA:20,(anonymous_0)
FNDA:8,(anonymous_1)
FNDA:7,(anonymous_2)
FNDA:13,(anonymous_3)
FNDA:1,(anonymous_4)
FNDA:17,(anonymous_5)
FNDA:1,(anonymous_6)
FNDA:1,(anonymous_7)
FNDA:1,(anonymous_8)
FNDA:1,(anonymous_9)
DA:10,1
DA:11,20
DA:12,20
DA:13,20
DA:15,20
DA:16,20
DA:18,20
DA:19,20
DA:20,20
DA:22,20
DA:23,8
DA:24,7
DA:25,7
DA:29,20
DA:30,7
DA:31,7
DA:32,7
DA:35,5
DA:36,5
DA:38,1
DA:39,1
DA:41,6
DA:46,20
DA:47,13
DA:50,20
DA:51,1
DA:52,1
DA:53,1
DA:54,1
DA:57,20
DA:59,20
DA:68,17
DA:90,1
DA:96,1
DA:110,1
DA:111,1
LF:36
LH:36
BRDA:23,0,0,7
BRDA:23,0,1,1
BRDA:35,1,0,5
BRDA:35,1,1,0
BRDA:36,2,0,5
BRDA:36,2,1,0
BRDA:85,3,0,17
BRDA:85,3,1,0
BRDA:106,4,0,20
BRDA:106,4,1,1
BRDA:115,5,0,0
BRDA:115,5,1,1
BRF:12
BRH:8
end_of_record
TN:
SF:client\src\pages\Contact.js
FN:4,(anonymous_0)
FNF:1
FNH:1
FNDA:5,(anonymous_0)
DA:4,1
DA:5,5
LF:2
LH:2
BRF:0
BRH:0
end_of_record
TN:
SF:client\src\pages\HomePage.js
FN:12,(anonymous_0)
FN:24,(anonymous_1)
FN:35,(anonymous_2)
FN:40,(anonymous_3)
FN:53,(anonymous_4)
FN:62,(anonymous_5)
FN:67,(anonymous_6)
FN:80,(anonymous_7)
FN:85,(anonymous_8)
FN:89,(anonymous_9)
FN:93,(anonymous_10)
FN:98,(anonymous_11)
FN:123,(anonymous_12)
FN:126,(anonymous_13)
FN:135,(anonymous_14)
FN:136,(anonymous_15)
FN:146,(anonymous_16)
FN:155,(anonymous_17)
FN:178,(anonymous_18)
FN:184,(anonymous_19)
FN:204,(anonymous_20)
FNF:21
FNH:21
FNDA:54,(anonymous_0)
FNDA:13,(anonymous_1)
FNDA:13,(anonymous_2)
FNDA:14,(anonymous_3)
FNDA:13,(anonymous_4)
FNDA:15,(anonymous_5)
FNDA:2,(anonymous_6)
FNDA:6,(anonymous_7)
FNDA:3,(anonymous_8)
FNDA:20,(anonymous_9)
FNDA:20,(anonymous_10)
FNDA:6,(anonymous_11)
FNDA:69,(anonymous_12)
FNDA:6,(anonymous_13)
FNDA:1,(anonymous_14)
FNDA:324,(anonymous_15)
FNDA:1,(anonymous_16)
FNDA:59,(anonymous_17)
FNDA:1,(anonymous_18)
FNDA:1,(anonymous_19)
FNDA:2,(anonymous_20)
DA:12,1
DA:13,54
DA:14,54
DA:15,54
DA:16,54
DA:17,54
DA:18,54
DA:19,54
DA:20,54
DA:21,54
DA:24,54
DA:25,13
DA:26,13
DA:27,12
DA:28,9
DA:31,1
DA:35,54
DA:36,13
DA:37,13
DA:40,54
DA:41,14
DA:42,14
DA:43,14
DA:44,13
DA:45,13
DA:47,1
DA:48,1
DA:53,54
DA:54,13
DA:55,13
DA:56,12
DA:58,1
DA:62,54
DA:63,15
DA:64,2
DA:67,54
DA:68,2
DA:69,2
DA:70,2
DA:71,1
DA:72,1
DA:74,1
DA:75,1
DA:80,54
DA:81,6
DA:82,6
DA:83,4
DA:85,3
DA:87,6
DA:89,54
DA:90,20
DA:93,54
DA:94,20
DA:98,54
DA:99,6
DA:100,6
DA:104,5
DA:106,1
DA:109,54
DA:124,69
DA:126,6
DA:135,1
DA:137,324
DA:146,1
DA:156,59
DA:178,1
DA:185,1
DA:186,1
DA:190,1
DA:205,2
DA:206,2
LF:71
LH:71
BRDA:27,0,0,9
BRDA:27,0,1,3
BRDA:63,1,0,13
BRDA:63,1,1,2
BRDA:82,2,0,4
BRDA:82,2,1,2
BRDA:90,3,0,14
BRDA:90,3,1,6
BRDA:90,4,0,20
BRDA:90,4,1,15
BRDA:94,5,0,6
BRDA:94,5,1,14
BRDA:94,6,0,20
BRDA:94,6,1,15
BRDA:201,7,0,54
BRDA:201,7,1,54
BRDA:201,7,2,13
BRDA:209,8,0,3
BRDA:209,8,1,10
BRF:19
BRH:19
end_of_record
TN:
SF:client\src\pages\Pagenotfound.js
FN:7,(anonymous_0)
FNF:1
FNH:1
FNDA:3,(anonymous_0)
DA:7,1
DA:8,3
LF:2
LH:2
BRF:0
BRH:0
end_of_record
TN:
SF:client\src\pages\Policy.js
FN:4,(anonymous_0)
FNF:1
FNH:1
FNDA:3,(anonymous_0)
DA:4,1
DA:5,3
LF:2
LH:2
BRF:0
BRH:0
end_of_record
TN:
SF:client\src\pages\ProductDetails.js
FN:9,(anonymous_0)
FN:17,(anonymous_1)
FN:21,(anonymous_2)
FN:36,(anonymous_3)
FN:73,(anonymous_4)
FN:91,(anonymous_5)
FN:116,(anonymous_6)
FNF:7
FNH:7
FNDA:15,(anonymous_0)
FNDA:9,(anonymous_1)
FNDA:8,(anonymous_2)
FNDA:5,(anonymous_3)
FNDA:1,(anonymous_4)
FNDA:1,(anonymous_5)
FNDA:1,(anonymous_6)
DA:9,1
DA:10,15
DA:11,15
DA:12,15
DA:13,15
DA:14,15
DA:17,15
DA:18,9
DA:21,15
DA:22,8
DA:23,8
DA:26,7
DA:27,7
DA:28,7
DA:29,5
DA:32,1
DA:36,15
DA:37,5
DA:38,5
DA:41,4
DA:43,1
DA:46,15
DA:74,1
DA:75,1
DA:76,1
DA:77,1
DA:92,1
DA:116,1
LF:28
LH:28
BRDA:18,0,0,8
BRDA:18,0,1,1
BRDA:27,1,0,7
BRDA:27,1,1,1
BRDA:28,2,0,5
BRDA:28,2,1,2
BRDA:28,3,0,7
BRDA:28,3,1,6
BRDA:87,4,0,15
BRDA:87,4,1,14
BRDA:93,5,0,1
BRDA:93,5,1,1
BRDA:104,6,0,1
BRDA:104,6,1,0
BRDA:111,7,0,1
BRDA:111,7,1,0
BRF:16
BRH:14
end_of_record
TN:
SF:client\src\pages\Search.js
FN:8,(anonymous_0)
FN:35,(anonymous_1)
FN:70,(anonymous_2)
FN:77,(anonymous_3)
FNF:4
FNH:4
FNDA:6,(anonymous_0)
FNDA:5,(anonymous_1)
FNDA:1,(anonymous_2)
FNDA:1,(anonymous_3)
DA:8,1
DA:9,6
DA:10,6
DA:11,6
DA:13,6
DA:14,6
DA:16,6
DA:36,5
DA:70,1
DA:78,1
DA:79,1
DA:83,1
LF:12
LH:12
BRDA:13,0,0,6
BRDA:13,0,1,1
BRDA:22,1,0,2
BRDA:22,1,1,4
BRDA:24,2,0,3
BRDA:24,2,1,1
BRDA:27,3,0,2
BRDA:27,3,1,4
BRDA:63,4,0,1
BRDA:63,4,1,4
BRF:10
BRH:10
end_of_record
TN:
SF:client\src\pages\Auth\ForgotPassword.js
FN:11,(anonymous_0)
FN:23,(anonymous_1)
FN:70,(anonymous_2)
FN:83,(anonymous_3)
FN:96,(anonymous_4)
FNF:5
FNH:5
FNDA:38,(anonymous_0)
FNDA:8,(anonymous_1)
FNDA:7,(anonymous_2)
FNDA:7,(anonymous_3)
FNDA:7,(anonymous_4)
DA:11,1
DA:12,38
DA:13,38
DA:14,38
DA:15,38
DA:19,38
DA:23,38
DA:24,8
DA:26,8
DA:28,7
DA:29,7
DA:30,7
DA:36,5
DA:37,2
DA:46,2
DA:48,3
DA:51,1
DA:52,1
DA:54,6
DA:59,38
DA:70,7
DA:83,7
DA:96,7
LF:23
LH:23
BRDA:26,0,0,1
BRDA:26,0,1,7
BRDA:36,1,0,2
BRDA:36,1,1,3
BRDA:37,2,0,2
BRDA:37,2,1,1
BRDA:48,3,0,3
BRDA:48,3,1,1
BRDA:106,4,0,7
BRDA:106,4,1,31
BRF:10
BRH:10
end_of_record
TN:
SF:client\src\pages\Auth\Login.js
FN:12,(anonymous_0)
FN:24,(anonymous_1)
FN:40,(anonymous_2)
FN:99,(anonymous_3)
FN:112,(anonymous_4)
FN:125,(anonymous_5)
FNF:6
FNH:6
FNDA:48,(anonymous_0)
FNDA:6,(anonymous_1)
FNDA:12,(anonymous_2)
FNDA:11,(anonymous_3)
FNDA:11,(anonymous_4)
FNDA:1,(anonymous_5)
DA:12,1
DA:13,48
DA:14,48
DA:16,48
DA:18,48
DA:20,48
DA:21,48
DA:24,48
DA:25,6
DA:27,6
DA:30,4
DA:32,3
DA:34,3
DA:35,2
DA:37,1
DA:40,48
DA:41,12
DA:44,12
DA:46,11
DA:47,11
DA:48,11
DA:50,9
DA:51,6
DA:53,6
DA:62,6
DA:68,6
DA:71,6
DA:76,6
DA:78,3
DA:81,1
DA:82,1
DA:84,10
DA:88,48
DA:99,11
DA:112,11
DA:125,1
LF:36
LH:36
BRDA:27,0,0,2
BRDA:27,0,1,4
BRDA:30,1,0,1
BRDA:30,1,1,3
BRDA:34,2,0,1
BRDA:34,2,1,2
BRDA:35,3,0,1
BRDA:35,3,1,1
BRDA:44,4,0,1
BRDA:44,4,1,11
BRDA:50,5,0,6
BRDA:50,5,1,3
BRDA:51,6,0,6
BRDA:51,6,1,1
BRDA:78,7,0,3
BRDA:78,7,1,1
BRDA:133,8,0,11
BRDA:133,8,1,37
BRF:18
BRH:18
end_of_record
TN:
SF:client\src\pages\Auth\Register.js
FN:11,(anonymous_0)
FN:21,(anonymous_1)
FN:56,(anonymous_2)
FN:69,(anonymous_3)
FN:81,(anonymous_4)
FN:93,(anonymous_5)
FN:105,(anonymous_6)
FN:117,(anonymous_7)
FN:129,(anonymous_8)
FNF:9
FNH:9
FNDA:49,(anonymous_0)
FNDA:5,(anonymous_1)
FNDA:6,(anonymous_2)
FNDA:6,(anonymous_3)
FNDA:6,(anonymous_4)
FNDA:6,(anonymous_5)
FNDA:6,(anonymous_6)
FNDA:6,(anonymous_7)
FNDA:6,(anonymous_8)
DA:11,1
DA:12,49
DA:13,49
DA:14,49
DA:15,49
DA:16,49
DA:17,49
DA:18,49
DA:19,49
DA:21,49
DA:22,5
DA:23,5
DA:24,5
DA:34,4
DA:35,2
DA:36,2
DA:38,2
DA:41,1
DA:42,1
DA:46,49
DA:56,6
DA:69,6
DA:81,6
DA:93,6
DA:105,6
DA:117,6
DA:129,6
LF:27
LH:27
BRDA:34,0,0,2
BRDA:34,0,1,2
BRDA:34,1,0,4
BRDA:34,1,1,4
BRDA:38,2,0,2
BRDA:38,2,1,1
BRF:6
BRH:6
end_of_record
TN:
SF:client\src\pages\admin\AdminDashboard.js
FN:8,(anonymous_0)
FNF:1
FNH:1
FNDA:2,(anonymous_0)
DA:8,1
DA:9,2
DA:10,2
LF:3
LH:3
BRF:0
BRH:0
end_of_record
TN:
SF:client\src\pages\admin\AdminOrders.js
FN:10,(anonymous_0)
FN:20,(anonymous_1)
FN:29,(anonymous_2)
FN:33,(anonymous_3)
FN:52,(anonymous_4)
FN:71,(anonymous_5)
FN:74,(anonymous_6)
FN:89,(anonymous_7)
FNF:8
FNH:8
FNDA:6,(anonymous_0)
FNDA:4,(anonymous_1)
FNDA:3,(anonymous_2)
FNDA:1,(anonymous_3)
FNDA:2,(anonymous_4)
FNDA:1,(anonymous_5)
FNDA:10,(anonymous_6)
FNDA:2,(anonymous_7)
DA:8,1
DA:10,1
DA:11,6
DA:18,5
DA:19,5
DA:20,5
DA:21,4
DA:22,4
DA:23,4
DA:25,0
DA:29,5
DA:30,3
DA:33,5
DA:34,1
DA:35,1
DA:38,1
DA:40,0
DA:41,0
DA:44,5
DA:53,2
DA:71,1
DA:75,10
DA:90,2
LF:23
LH:20
BRDA:83,0,0,2
BRDA:83,0,1,0
BRF:2
BRH:1
end_of_record
TN:
SF:client\src\pages\admin\CreateCategory.js
FN:8,(anonymous_0)
FN:15,(anonymous_1)
FN:36,(anonymous_2)
FN:48,(anonymous_3)
FN:53,(anonymous_4)
FN:76,(anonymous_5)
FN:119,(anonymous_6)
FN:126,(anonymous_7)
FN:136,(anonymous_8)
FN:150,(anonymous_9)
FNF:10
FNH:9
FNDA:34,(anonymous_0)
FNDA:4,(anonymous_1)
FNDA:18,(anonymous_2)
FNDA:14,(anonymous_3)
FNDA:3,(anonymous_4)
FNDA:3,(anonymous_5)
FNDA:16,(anonymous_6)
FNDA:3,(anonymous_7)
FNDA:3,(anonymous_8)
FNDA:0,(anonymous_9)
DA:8,1
DA:9,34
DA:10,34
DA:11,34
DA:12,34
DA:13,34
DA:15,34
DA:16,4
DA:17,4
DA:18,4
DA:21,3
DA:22,2
DA:23,2
DA:25,1
DA:29,1
DA:30,1
DA:31,1
DA:36,34
DA:37,18
DA:38,18
DA:39,17
DA:40,10
DA:43,1
DA:44,1
DA:48,34
DA:49,14
DA:53,34
DA:54,3
DA:55,3
DA:56,3
DA:60,2
DA:61,1
DA:62,1
DA:63,1
DA:64,1
DA:65,1
DA:67,1
DA:70,1
DA:71,1
DA:72,1
DA:76,34
DA:77,3
DA:78,3
DA:81,2
DA:82,1
DA:84,1
DA:86,1
DA:89,1
DA:90,1
DA:91,1
DA:94,34
DA:120,16
DA:127,3
DA:128,3
DA:129,3
DA:137,3
DA:150,0
LF:57
LH:56
BRDA:21,0,0,2
BRDA:21,0,1,1
BRDA:29,1,0,1
BRDA:29,1,1,1
BRDA:39,2,0,10
BRDA:39,2,1,7
BRDA:60,3,0,1
BRDA:60,3,1,1
BRDA:70,4,0,1
BRDA:70,4,1,1
BRDA:81,5,0,1
BRDA:81,5,1,1
BRDA:89,6,0,1
BRDA:89,6,1,1
BRF:14
BRH:14
end_of_record
TN:
SF:client\src\pages\admin\CreateProduct.js
FN:10,(anonymous_0)
FN:22,(anonymous_1)
FN:39,(anonymous_2)
FN:44,(anonymous_3)
FN:88,(anonymous_4)
FN:92,(anonymous_5)
FN:105,(anonymous_6)
FN:128,(anonymous_7)
FN:137,(anonymous_8)
FN:147,(anonymous_9)
FN:156,(anonymous_10)
FN:166,(anonymous_11)
FNF:12
FNH:12
FNDA:16,(anonymous_0)
FNDA:7,(anonymous_1)
FNDA:7,(anonymous_2)
FNDA:3,(anonymous_3)
FNDA:1,(anonymous_4)
FNDA:10,(anonymous_5)
FNDA:1,(anonymous_6)
FNDA:1,(anonymous_7)
FNDA:1,(anonymous_8)
FNDA:1,(anonymous_9)
FNDA:1,(anonymous_10)
FNDA:1,(anonymous_11)
DA:8,1
DA:10,1
DA:11,16
DA:12,16
DA:13,16
DA:14,16
DA:15,16
DA:16,16
DA:17,16
DA:18,16
DA:19,16
DA:22,16
DA:23,7
DA:24,7
DA:25,6
DA:26,2
DA:28,4
DA:32,1
DA:34,1
DA:35,1
DA:39,16
DA:40,7
DA:44,16
DA:45,3
DA:46,3
DA:47,3
DA:48,3
DA:49,3
DA:50,3
DA:51,3
DA:52,3
DA:53,3
DA:54,3
DA:55,3
DA:59,2
DA:60,1
DA:61,1
DA:63,1
DA:66,1
DA:67,1
DA:68,1
DA:72,16
DA:89,1
DA:93,10
DA:105,1
DA:128,1
DA:137,1
DA:147,1
DA:156,1
DA:167,1
LF:50
LH:50
BRDA:25,0,0,2
BRDA:25,0,1,4
BRDA:32,1,0,1
BRDA:32,1,1,1
BRDA:59,2,0,1
BRDA:59,2,1,1
BRDA:66,3,0,1
BRDA:66,3,1,1
BRDA:100,4,0,6
BRDA:100,4,1,10
BRDA:111,5,0,16
BRDA:111,5,1,6
BRF:12
BRH:12
end_of_record
TN:
SF:client\src\pages\admin\Products.js
FN:7,(anonymous_0)
FN:11,(anonymous_1)
FN:22,(anonymous_2)
FN:35,(anonymous_3)
FNF:4
FNH:4
FNDA:4,(anonymous_0)
FNDA:3,(anonymous_1)
FNDA:3,(anonymous_2)
FNDA:2,(anonymous_3)
DA:7,1
DA:8,4
DA:11,4
DA:12,3
DA:13,3
DA:14,2
DA:16,1
DA:17,1
DA:22,4
DA:23,3
DA:26,4
DA:36,2
LF:12
LH:12
BRF:0
BRH:0
end_of_record
TN:
SF:client\src\pages\admin\UpdateProduct.js
FN:10,(anonymous_0)
FN:24,(anonymous_1)
FN:41,(anonymous_2)
FN:46,(anonymous_3)
FN:58,(anonymous_4)
FN:63,(anonymous_5)
FN:90,(anonymous_6)
FN:124,(anonymous_7)
FN:129,(anonymous_8)
FN:142,(anonymous_9)
FN:174,(anonymous_10)
FN:183,(anonymous_11)
FN:193,(anonymous_12)
FN:202,(anonymous_13)
FN:212,(anonymous_14)
FNF:15
FNH:8
FNDA:21,(anonymous_0)
FNDA:11,(anonymous_1)
FNDA:11,(anonymous_2)
FNDA:11,(anonymous_3)
FNDA:11,(anonymous_4)
FNDA:3,(anonymous_5)
FNDA:5,(anonymous_6)
FNDA:0,(anonymous_7)
FNDA:20,(anonymous_8)
FNDA:0,(anonymous_9)
FNDA:0,(anonymous_10)
FNDA:0,(anonymous_11)
FNDA:0,(anonymous_12)
FNDA:0,(anonymous_13)
FNDA:0,(anonymous_14)
DA:8,1
DA:10,1
DA:11,21
DA:12,21
DA:13,21
DA:14,21
DA:15,21
DA:16,21
DA:17,21
DA:18,21
DA:19,21
DA:20,21
DA:21,21
DA:24,21
DA:25,11
DA:26,11
DA:29,10
DA:30,10
DA:31,10
DA:32,10
DA:33,10
DA:34,10
DA:35,10
DA:36,10
DA:38,1
DA:41,21
DA:42,11
DA:46,21
DA:47,11
DA:48,11
DA:49,10
DA:50,10
DA:53,1
DA:54,1
DA:58,21
DA:59,11
DA:63,21
DA:64,3
DA:65,3
DA:66,3
DA:67,3
DA:68,3
DA:69,3
DA:70,3
DA:71,3
DA:72,3
DA:73,3
DA:77,2
DA:78,1
DA:79,1
DA:81,1
DA:84,1
DA:85,1
DA:90,21
DA:91,5
DA:92,5
DA:93,5
DA:94,3
DA:97,2
DA:98,1
DA:99,1
DA:101,1
DA:104,1
DA:105,1
DA:108,21
DA:125,0
DA:130,20
DA:142,0
DA:174,0
DA:183,0
DA:193,0
DA:202,0
DA:213,0
LF:73
LH:66
BRDA:49,0,0,10
BRDA:49,0,1,0
BRDA:71,1,0,3
BRDA:71,1,1,0
BRDA:77,2,0,1
BRDA:77,2,1,1
BRDA:93,3,0,2
BRDA:93,3,1,3
BRDA:97,4,0,1
BRDA:97,4,1,1
BRDA:137,5,0,0
BRDA:137,5,1,21
BRDA:148,6,0,0
BRDA:148,6,1,21
BRDA:215,7,0,10
BRDA:215,7,1,11
BRF:16
BRH:12
end_of_record
TN:
SF:client\src\pages\admin\Users.js
FN:7,(anonymous_0)
FN:10,(anonymous_1)
FN:22,(anonymous_2)
FN:50,(anonymous_3)
FNF:4
FNH:4
FNDA:8,(anonymous_0)
FNDA:6,(anonymous_1)
FNDA:6,(anonymous_2)
FNDA:3,(anonymous_3)
DA:7,1
DA:8,8
DA:10,8
DA:11,6
DA:12,6
DA:13,4
DA:15,2
DA:16,2
DA:17,2
DA:18,2
DA:22,8
DA:23,6
DA:26,8
DA:51,3
LF:14
LH:14
BRDA:13,0,0,4
BRDA:13,0,1,3
BRDA:18,1,0,2
BRDA:18,1,1,1
BRDA:49,2,0,2
BRDA:49,2,1,6
BRDA:55,3,0,3
BRDA:55,3,1,1
BRDA:56,4,0,3
BRDA:56,4,1,1
BRDA:57,5,0,1
BRDA:57,5,1,2
BRDA:59,6,0,2
BRDA:59,6,1,1
BRF:14
BRH:14
end_of_record
TN:
SF:client\src\pages\user\Dashboard.js
FN:5,(anonymous_0)
FNF:1
FNH:1
FNDA:2,(anonymous_0)
DA:5,1
DA:6,2
DA:7,2
LF:3
LH:3
BRF:0
BRH:0
end_of_record
TN:
SF:client\src\pages\user\Orders.js
FN:8,(anonymous_0)
FN:11,(anonymous_1)
FN:20,(anonymous_2)
FN:32,(anonymous_3)
FN:58,(anonymous_4)
FNF:5
FNH:5
FNDA:9,(anonymous_0)
FNDA:5,(anonymous_1)
FNDA:6,(anonymous_2)
FNDA:3,(anonymous_3)
FNDA:4,(anonymous_4)
DA:8,1
DA:9,9
DA:10,8
DA:11,8
DA:12,5
DA:13,5
DA:14,4
DA:16,1
DA:20,8
DA:21,6
DA:23,8
DA:33,3
DA:59,4
LF:13
LH:13
BRDA:21,0,0,5
BRDA:21,0,1,1
BRDA:34,1,0,3
BRDA:34,1,1,1
BRDA:52,2,0,2
BRDA:52,2,1,1
BRDA:61,3,0,4
BRDA:61,3,1,1
BRF:8
BRH:8
end_of_record
TN:
SF:client\src\pages\user\Profile.js
FN:7,(anonymous_0)
FN:18,(anonymous_1)
FN:27,(anonymous_2)
FN:67,(anonymous_3)
FN:88,(anonymous_4)
FN:98,(anonymous_5)
FN:108,(anonymous_6)
FNF:7
FNH:7
FNDA:13,(anonymous_0)
FNDA:4,(anonymous_1)
FNDA:3,(anonymous_2)
FNDA:1,(anonymous_3)
FNDA:2,(anonymous_4)
FNDA:1,(anonymous_5)
FNDA:1,(anonymous_6)
DA:7,1
DA:9,13
DA:11,13
DA:12,13
DA:13,13
DA:14,13
DA:15,13
DA:18,13
DA:19,4
DA:20,4
DA:21,4
DA:22,4
DA:23,4
DA:27,13
DA:28,3
DA:29,3
DA:30,3
DA:37,2
DA:38,1
DA:40,1
DA:41,1
DA:42,1
DA:43,1
DA:44,1
DA:45,1
DA:48,1
DA:49,1
DA:52,13
DA:67,1
DA:88,2
DA:98,1
DA:108,1
LF:32
LH:32
BRDA:37,0,0,1
BRDA:37,0,1,1
BRF:2
BRH:2
end_of_record
TN:
SF:client\src\tests\fixtures\test.cartpage.data.js
FNF:0
FNH:0
DA:1,1
DA:2,1
DA:6,1
DA:7,1
DA:8,1
DA:9,1
DA:10,1
DA:11,1
LF:8
LH:8
BRF:0
BRH:0
end_of_record
TN:
SF:client\src\tests\fixtures\test.categories.data.js
FNF:0
FNH:0
DA:1,1
LF:1
LH:1
BRF:0
BRH:0
end_of_record
TN:
SF:client\src\tests\fixtures\test.homepage.data.js
FNF:0
FNH:0
DA:1,1
DA:19,1
DA:55,1
LF:3
LH:3
BRF:0
BRH:0
end_of_record
