<?xml version="1.0" encoding="UTF-8"?>
<coverage generated="1770397647627" clover="3.2.0">
  <project timestamp="1770397647627" name="All files">
    <metrics statements="71" coveredstatements="70" conditionals="19" coveredconditionals="17" methods="21" coveredmethods="20" elements="111" coveredelements="107" complexity="0" loc="71" ncloc="71" packages="1" files="1" classes="1"/>
    <file name="HomePage.js" path="C:\Users\bobot\Downloads\CS4218\cs4218-2520-ecom-project-cs4218-2520-team14\client\src\pages\HomePage.js">
      <metrics statements="71" coveredstatements="70" conditionals="19" coveredconditionals="17" methods="21" coveredmethods="20"/>
      <line num="12" count="1" type="stmt"/>
      <line num="13" count="44" type="stmt"/>
      <line num="14" count="44" type="stmt"/>
      <line num="15" count="44" type="stmt"/>
      <line num="16" count="43" type="stmt"/>
      <line num="17" count="43" type="stmt"/>
      <line num="18" count="43" type="stmt"/>
      <line num="19" count="43" type="stmt"/>
      <line num="20" count="43" type="stmt"/>
      <line num="21" count="43" type="stmt"/>
      <line num="24" count="43" type="stmt"/>
      <line num="25" count="12" type="stmt"/>
      <line num="26" count="12" type="stmt"/>
      <line num="27" count="11" type="cond" truecount="2" falsecount="0"/>
      <line num="28" count="8" type="stmt"/>
      <line num="31" count="1" type="stmt"/>
      <line num="35" count="43" type="stmt"/>
      <line num="36" count="12" type="stmt"/>
      <line num="37" count="12" type="stmt"/>
      <line num="40" count="43" type="stmt"/>
      <line num="41" count="15" type="stmt"/>
      <line num="42" count="15" type="stmt"/>
      <line num="43" count="15" type="stmt"/>
      <line num="44" count="14" type="stmt"/>
      <line num="45" count="14" type="stmt"/>
      <line num="47" count="1" type="stmt"/>
      <line num="48" count="1" type="stmt"/>
      <line num="53" count="43" type="stmt"/>
      <line num="54" count="12" type="stmt"/>
      <line num="55" count="12" type="stmt"/>
      <line num="56" count="11" type="stmt"/>
      <line num="58" count="1" type="stmt"/>
      <line num="62" count="43" type="stmt"/>
      <line num="63" count="14" type="cond" truecount="2" falsecount="0"/>
      <line num="64" count="2" type="stmt"/>
      <line num="67" count="43" type="stmt"/>
      <line num="68" count="2" type="stmt"/>
      <line num="69" count="2" type="stmt"/>
      <line num="70" count="2" type="stmt"/>
      <line num="71" count="1" type="stmt"/>
      <line num="72" count="1" type="stmt"/>
      <line num="74" count="1" type="stmt"/>
      <line num="75" count="1" type="stmt"/>
      <line num="80" count="43" type="stmt"/>
      <line num="81" count="2" type="stmt"/>
      <line num="82" count="2" type="cond" truecount="1" falsecount="1"/>
      <line num="83" count="2" type="stmt"/>
      <line num="85" count="0" type="stmt"/>
      <line num="87" count="2" type="stmt"/>
      <line num="89" count="43" type="stmt"/>
      <line num="90" count="15" type="cond" truecount="3" falsecount="1"/>
      <line num="93" count="43" type="stmt"/>
      <line num="94" count="15" type="cond" truecount="4" falsecount="0"/>
      <line num="98" count="43" type="stmt"/>
      <line num="99" count="3" type="stmt"/>
      <line num="100" count="3" type="stmt"/>
      <line num="104" count="2" type="stmt"/>
      <line num="106" count="1" type="stmt"/>
      <line num="109" count="43" type="stmt"/>
      <line num="124" count="42" type="stmt"/>
      <line num="126" count="2" type="stmt"/>
      <line num="135" count="1" type="stmt"/>
      <line num="137" count="258" type="stmt"/>
      <line num="146" count="1" type="stmt"/>
      <line num="156" count="44" type="stmt"/>
      <line num="178" count="1" type="stmt"/>
      <line num="185" count="1" type="stmt"/>
      <line num="186" count="1" type="stmt"/>
      <line num="190" count="1" type="stmt"/>
      <line num="205" count="2" type="stmt"/>
      <line num="206" count="2" type="stmt"/>
    </file>
  </project>
</coverage>
