{"C:\\Users\\bobot\\Downloads\\CS4218\\cs4218-2520-ecom-project-cs4218-2520-team14\\client\\src\\App.js": {"path":"C:\\Users\\bobot\\Downloads\\CS4218\\cs4218-2520-ecom-project-cs4218-2520-team14\\client\\src\\App.js","statementMap":{"0":{"start":{"line":28,"column":2},"end":{"line":60,"column":4}}},"fnMap":{"0":{"name":"App","decl":{"start":{"line":27,"column":9},"end":{"line":27,"column":12}},"loc":{"start":{"line":27,"column":15},"end":{"line":61,"column":1}},"line":27}},"branchMap":{},"s":{"0":0},"f":{"0":0},"b":{}}
,"C:\\Users\\bobot\\Downloads\\CS4218\\cs4218-2520-ecom-project-cs4218-2520-team14\\client\\src\\index.js": {"path":"C:\\Users\\bobot\\Downloads\\CS4218\\cs4218-2520-ecom-project-cs4218-2520-team14\\client\\src\\index.js","statementMap":{"0":{"start":{"line":12,"column":13},"end":{"line":12,"column":65}},"1":{"start":{"line":13,"column":0},"end":{"line":23,"column":2}},"2":{"start":{"line":28,"column":0},"end":{"line":28,"column":18}}},"fnMap":{},"branchMap":{},"s":{"0":0,"1":0,"2":0},"f":{},"b":{}}
,"C:\\Users\\bobot\\Downloads\\CS4218\\cs4218-2520-ecom-project-cs4218-2520-team14\\client\\src\\reportWebVitals.js": {"path":"C:\\Users\\bobot\\Downloads\\CS4218\\cs4218-2520-ecom-project-cs4218-2520-team14\\client\\src\\reportWebVitals.js","statementMap":{"0":{"start":{"line":1,"column":24},"end":{"line":11,"column":1}},"1":{"start":{"line":2,"column":2},"end":{"line":10,"column":3}},"2":{"start":{"line":3,"column":4},"end":{"line":9,"column":7}},"3":{"start":{"line":4,"column":6},"end":{"line":4,"column":26}},"4":{"start":{"line":5,"column":6},"end":{"line":5,"column":26}},"5":{"start":{"line":6,"column":6},"end":{"line":6,"column":26}},"6":{"start":{"line":7,"column":6},"end":{"line":7,"column":26}},"7":{"start":{"line":8,"column":6},"end":{"line":8,"column":27}}},"fnMap":{"0":{"name":"(anonymous_0)","decl":{"start":{"line":1,"column":24},"end":{"line":1,"column":25}},"loc":{"start":{"line":1,"column":39},"end":{"line":11,"column":1}},"line":1},"1":{"name":"(anonymous_1)","decl":{"start":{"line":3,"column":30},"end":{"line":3,"column":31}},"loc":{"start":{"line":3,"column":79},"end":{"line":9,"column":5}},"line":3}},"branchMap":{"0":{"loc":{"start":{"line":2,"column":2},"end":{"line":10,"column":3}},"type":"if","locations":[{"start":{"line":2,"column":2},"end":{"line":10,"column":3}},{"start":{},"end":{}}],"line":2},"1":{"loc":{"start":{"line":2,"column":6},"end":{"line":2,"column":52}},"type":"binary-expr","locations":[{"start":{"line":2,"column":6},"end":{"line":2,"column":17}},{"start":{"line":2,"column":21},"end":{"line":2,"column":52}}],"line":2}},"s":{"0":0,"1":0,"2":0,"3":0,"4":0,"5":0,"6":0,"7":0},"f":{"0":0,"1":0},"b":{"0":[0,0],"1":[0,0]}}
,"C:\\Users\\bobot\\Downloads\\CS4218\\cs4218-2520-ecom-project-cs4218-2520-team14\\client\\src\\components\\AdminMenu.js": {"path":"C:\\Users\\bobot\\Downloads\\CS4218\\cs4218-2520-ecom-project-cs4218-2520-team14\\client\\src\\components\\AdminMenu.js","statementMap":{"0":{"start":{"line":6,"column":18},"end":{"line":46,"column":1}},"1":{"start":{"line":7,"column":2},"end":{"line":45,"column":4}}},"fnMap":{"0":{"name":"(anonymous_0)","decl":{"start":{"line":6,"column":18},"end":{"line":6,"column":19}},"loc":{"start":{"line":6,"column":24},"end":{"line":46,"column":1}},"line":6}},"branchMap":{},"s":{"0":6,"1":83},"f":{"0":83},"b":{},"_coverageSchema":"1a1c01bbd47fc00a2c39e90264f33305004495a9","hash":"4af4d61b5fe706e59346642cd77d36c6a7857d88"}
,"C:\\Users\\bobot\\Downloads\\CS4218\\cs4218-2520-ecom-project-cs4218-2520-team14\\client\\src\\components\\Footer.js": {"path":"C:\\Users\\bobot\\Downloads\\CS4218\\cs4218-2520-ecom-project-cs4218-2520-team14\\client\\src\\components\\Footer.js","statementMap":{"0":{"start":{"line":4,"column":15},"end":{"line":14,"column":1}},"1":{"start":{"line":5,"column":2},"end":{"line":13,"column":4}}},"fnMap":{"0":{"name":"(anonymous_0)","decl":{"start":{"line":4,"column":15},"end":{"line":4,"column":16}},"loc":{"start":{"line":4,"column":21},"end":{"line":14,"column":1}},"line":4}},"branchMap":{},"s":{"0":4,"1":107},"f":{"0":107},"b":{},"_coverageSchema":"1a1c01bbd47fc00a2c39e90264f33305004495a9","hash":"82642ee0c3aa45d63f4895580c434b52ebaac4d7"}
,"C:\\Users\\bobot\\Downloads\\CS4218\\cs4218-2520-ecom-project-cs4218-2520-team14\\client\\src\\components\\Header.js": {"path":"C:\\Users\\bobot\\Downloads\\CS4218\\cs4218-2520-ecom-project-cs4218-2520-team14\\client\\src\\components\\Header.js","statementMap":{"0":{"start":{"line":10,"column":15},"end":{"line":137,"column":1}},"1":{"start":{"line":11,"column":26},"end":{"line":11,"column":35}},"2":{"start":{"line":12,"column":17},"end":{"line":12,"column":26}},"3":{"start":{"line":13,"column":21},"end":{"line":13,"column":34}},"4":{"start":{"line":14,"column":23},"end":{"line":22,"column":3}},"5":{"start":{"line":15,"column":4},"end":{"line":19,"column":7}},"6":{"start":{"line":20,"column":4},"end":{"line":20,"column":36}},"7":{"start":{"line":21,"column":4},"end":{"line":21,"column":41}},"8":{"start":{"line":23,"column":2},"end":{"line":136,"column":4}},"9":{"start":{"line":64,"column":20},"end":{"line":71,"column":25}}},"fnMap":{"0":{"name":"(anonymous_0)","decl":{"start":{"line":10,"column":15},"end":{"line":10,"column":16}},"loc":{"start":{"line":10,"column":21},"end":{"line":137,"column":1}},"line":10},"1":{"name":"(anonymous_1)","decl":{"start":{"line":14,"column":23},"end":{"line":14,"column":24}},"loc":{"start":{"line":14,"column":29},"end":{"line":22,"column":3}},"line":14},"2":{"name":"(anonymous_2)","decl":{"start":{"line":63,"column":35},"end":{"line":63,"column":36}},"loc":{"start":{"line":64,"column":20},"end":{"line":71,"column":25}},"line":64}},"branchMap":{"0":{"loc":{"start":{"line":64,"column":29},"end":{"line":64,"column":44}},"type":"binary-expr","locations":[{"start":{"line":64,"column":29},"end":{"line":64,"column":34}},{"start":{"line":64,"column":38},"end":{"line":64,"column":44}}],"line":64},"1":{"loc":{"start":{"line":76,"column":15},"end":{"line":123,"column":15}},"type":"cond-expr","locations":[{"start":{"line":77,"column":16},"end":{"line":88,"column":19}},{"start":{"line":90,"column":16},"end":{"line":122,"column":19}}],"line":76},"2":{"loc":{"start":{"line":104,"column":44},"end":{"line":104,"column":85}},"type":"cond-expr","locations":[{"start":{"line":104,"column":69},"end":{"line":104,"column":76}},{"start":{"line":104,"column":79},"end":{"line":104,"column":85}}],"line":104}},"s":{"0":4,"1":110,"2":110,"3":110,"4":110,"5":1,"6":1,"7":1,"8":110,"9":89},"f":{"0":110,"1":1,"2":89},"b":{"0":[89,0],"1":[84,26],"2":[1,25]},"_coverageSchema":"1a1c01bbd47fc00a2c39e90264f33305004495a9","hash":"f0a038c895bf9db554f102d57438cc8dde82def1"}
,"C:\\Users\\bobot\\Downloads\\CS4218\\cs4218-2520-ecom-project-cs4218-2520-team14\\client\\src\\components\\Layout.js": {"path":"C:\\Users\\bobot\\Downloads\\CS4218\\cs4218-2520-ecom-project-cs4218-2520-team14\\client\\src\\components\\Layout.js","statementMap":{"0":{"start":{"line":8,"column":15},"end":{"line":26,"column":1}},"1":{"start":{"line":9,"column":2},"end":{"line":25,"column":4}},"2":{"start":{"line":28,"column":0},"end":{"line":33,"column":2}}},"fnMap":{"0":{"name":"(anonymous_0)","decl":{"start":{"line":8,"column":15},"end":{"line":8,"column":16}},"loc":{"start":{"line":8,"column":71},"end":{"line":26,"column":1}},"line":8}},"branchMap":{},"s":{"0":4,"1":107,"2":4},"f":{"0":107},"b":{},"_coverageSchema":"1a1c01bbd47fc00a2c39e90264f33305004495a9","hash":"b346778c87933434852235321e67afee77ee6f2d"}
,"C:\\Users\\bobot\\Downloads\\CS4218\\cs4218-2520-ecom-project-cs4218-2520-team14\\client\\src\\components\\Prices.js": {"path":"C:\\Users\\bobot\\Downloads\\CS4218\\cs4218-2520-ecom-project-cs4218-2520-team14\\client\\src\\components\\Prices.js","statementMap":{"0":{"start":{"line":1,"column":22},"end":{"line":32,"column":1}}},"fnMap":{},"branchMap":{},"s":{"0":1},"f":{},"b":{},"_coverageSchema":"1a1c01bbd47fc00a2c39e90264f33305004495a9","hash":"a8f1661e1e66c8a6f4555168a4483fc7dd6e52fb"}
,"C:\\Users\\bobot\\Downloads\\CS4218\\cs4218-2520-ecom-project-cs4218-2520-team14\\client\\src\\components\\Spinner.js": {"path":"C:\\Users\\bobot\\Downloads\\CS4218\\cs4218-2520-ecom-project-cs4218-2520-team14\\client\\src\\components\\Spinner.js","statementMap":{"0":{"start":{"line":3,"column":16},"end":{"line":30,"column":1}},"1":{"start":{"line":4,"column":28},"end":{"line":4,"column":39}},"2":{"start":{"line":5,"column":19},"end":{"line":5,"column":32}},"3":{"start":{"line":6,"column":19},"end":{"line":6,"column":32}},"4":{"start":{"line":8,"column":2},"end":{"line":16,"column":34}},"5":{"start":{"line":9,"column":21},"end":{"line":11,"column":12}},"6":{"start":{"line":10,"column":6},"end":{"line":10,"column":43}},"7":{"start":{"line":10,"column":30},"end":{"line":10,"column":41}},"8":{"start":{"line":12,"column":4},"end":{"line":14,"column":9}},"9":{"start":{"line":15,"column":4},"end":{"line":15,"column":41}},"10":{"start":{"line":15,"column":17},"end":{"line":15,"column":40}},"11":{"start":{"line":17,"column":2},"end":{"line":29,"column":4}}},"fnMap":{"0":{"name":"(anonymous_0)","decl":{"start":{"line":3,"column":16},"end":{"line":3,"column":17}},"loc":{"start":{"line":3,"column":40},"end":{"line":30,"column":1}},"line":3},"1":{"name":"(anonymous_1)","decl":{"start":{"line":8,"column":12},"end":{"line":8,"column":13}},"loc":{"start":{"line":8,"column":18},"end":{"line":16,"column":3}},"line":8},"2":{"name":"(anonymous_2)","decl":{"start":{"line":9,"column":33},"end":{"line":9,"column":34}},"loc":{"start":{"line":9,"column":39},"end":{"line":11,"column":5}},"line":9},"3":{"name":"(anonymous_3)","decl":{"start":{"line":10,"column":15},"end":{"line":10,"column":16}},"loc":{"start":{"line":10,"column":30},"end":{"line":10,"column":41}},"line":10},"4":{"name":"(anonymous_4)","decl":{"start":{"line":15,"column":11},"end":{"line":15,"column":12}},"loc":{"start":{"line":15,"column":17},"end":{"line":15,"column":40}},"line":15}},"branchMap":{"0":{"loc":{"start":{"line":3,"column":19},"end":{"line":3,"column":33}},"type":"default-arg","locations":[{"start":{"line":3,"column":26},"end":{"line":3,"column":33}}],"line":3},"1":{"loc":{"start":{"line":12,"column":4},"end":{"line":14,"column":8}},"type":"binary-expr","locations":[{"start":{"line":12,"column":4},"end":{"line":12,"column":15}},{"start":{"line":12,"column":19},"end":{"line":14,"column":8}}],"line":12}},"s":{"0":1,"1":7,"2":7,"3":7,"4":7,"5":7,"6":7,"7":7,"8":7,"9":7,"10":7,"11":7},"f":{"0":7,"1":7,"2":7,"3":7,"4":7},"b":{"0":[5],"1":[7,2]},"_coverageSchema":"1a1c01bbd47fc00a2c39e90264f33305004495a9","hash":"5f97540e6a299f892fdce968eba4fa079e4cab04"}
,"C:\\Users\\bobot\\Downloads\\CS4218\\cs4218-2520-ecom-project-cs4218-2520-team14\\client\\src\\components\\UserMenu.js": {"path":"C:\\Users\\bobot\\Downloads\\CS4218\\cs4218-2520-ecom-project-cs4218-2520-team14\\client\\src\\components\\UserMenu.js","statementMap":{"0":{"start":{"line":3,"column":17},"end":{"line":25,"column":1}},"1":{"start":{"line":4,"column":2},"end":{"line":24,"column":4}}},"fnMap":{"0":{"name":"(anonymous_0)","decl":{"start":{"line":3,"column":17},"end":{"line":3,"column":18}},"loc":{"start":{"line":3,"column":23},"end":{"line":25,"column":1}},"line":3}},"branchMap":{},"s":{"0":1,"1":5},"f":{"0":5},"b":{},"_coverageSchema":"1a1c01bbd47fc00a2c39e90264f33305004495a9","hash":"89a8ede95c8d96df408a406e7ef0a783d95963fd"}
,"C:\\Users\\bobot\\Downloads\\CS4218\\cs4218-2520-ecom-project-cs4218-2520-team14\\client\\src\\components\\Form\\CategoryForm.js": {"path":"C:\\Users\\bobot\\Downloads\\CS4218\\cs4218-2520-ecom-project-cs4218-2520-team14\\client\\src\\components\\Form\\CategoryForm.js","statementMap":{"0":{"start":{"line":3,"column":21},"end":{"line":23,"column":1}},"1":{"start":{"line":4,"column":2},"end":{"line":22,"column":4}},"2":{"start":{"line":13,"column":29},"end":{"line":13,"column":53}}},"fnMap":{"0":{"name":"(anonymous_0)","decl":{"start":{"line":3,"column":21},"end":{"line":3,"column":22}},"loc":{"start":{"line":3,"column":60},"end":{"line":23,"column":1}},"line":3},"1":{"name":"(anonymous_1)","decl":{"start":{"line":13,"column":22},"end":{"line":13,"column":23}},"loc":{"start":{"line":13,"column":29},"end":{"line":13,"column":53}},"line":13}},"branchMap":{},"s":{"0":2,"1":43,"2":8},"f":{"0":43,"1":8},"b":{},"_coverageSchema":"1a1c01bbd47fc00a2c39e90264f33305004495a9","hash":"ce322b4ff4957ae9ba5b1987d2cf47e6e6691333"}
,"C:\\Users\\bobot\\Downloads\\CS4218\\cs4218-2520-ecom-project-cs4218-2520-team14\\client\\src\\components\\Form\\SearchInput.js": {"path":"C:\\Users\\bobot\\Downloads\\CS4218\\cs4218-2520-ecom-project-cs4218-2520-team14\\client\\src\\components\\Form\\SearchInput.js","statementMap":{"0":{"start":{"line":6,"column":20},"end":{"line":41,"column":1}},"1":{"start":{"line":7,"column":30},"end":{"line":7,"column":41}},"2":{"start":{"line":8,"column":19},"end":{"line":8,"column":32}},"3":{"start":{"line":10,"column":23},"end":{"line":23,"column":3}},"4":{"start":{"line":11,"column":4},"end":{"line":11,"column":23}},"5":{"start":{"line":12,"column":20},"end":{"line":12,"column":41}},"6":{"start":{"line":13,"column":4},"end":{"line":13,"column":25}},"7":{"start":{"line":13,"column":18},"end":{"line":13,"column":25}},"8":{"start":{"line":14,"column":4},"end":{"line":22,"column":5}},"9":{"start":{"line":15,"column":23},"end":{"line":17,"column":7}},"10":{"start":{"line":18,"column":6},"end":{"line":18,"column":55}},"11":{"start":{"line":19,"column":6},"end":{"line":19,"column":26}},"12":{"start":{"line":21,"column":6},"end":{"line":21,"column":25}},"13":{"start":{"line":24,"column":2},"end":{"line":40,"column":4}},"14":{"start":{"line":33,"column":27},"end":{"line":33,"column":76}}},"fnMap":{"0":{"name":"(anonymous_0)","decl":{"start":{"line":6,"column":20},"end":{"line":6,"column":21}},"loc":{"start":{"line":6,"column":26},"end":{"line":41,"column":1}},"line":6},"1":{"name":"(anonymous_1)","decl":{"start":{"line":10,"column":23},"end":{"line":10,"column":24}},"loc":{"start":{"line":10,"column":36},"end":{"line":23,"column":3}},"line":10},"2":{"name":"(anonymous_2)","decl":{"start":{"line":33,"column":20},"end":{"line":33,"column":21}},"loc":{"start":{"line":33,"column":27},"end":{"line":33,"column":76}},"line":33}},"branchMap":{"0":{"loc":{"start":{"line":13,"column":4},"end":{"line":13,"column":25}},"type":"if","locations":[{"start":{"line":13,"column":4},"end":{"line":13,"column":25}},{"start":{},"end":{}}],"line":13}},"s":{"0":4,"1":112,"2":112,"3":112,"4":5,"5":5,"6":5,"7":1,"8":4,"9":4,"10":3,"11":3,"12":1,"13":112,"14":1},"f":{"0":112,"1":5,"2":1},"b":{"0":[1,4]},"_coverageSchema":"1a1c01bbd47fc00a2c39e90264f33305004495a9","hash":"d34ea15cce9ae098f7eeae8e9aa918eaebfa024b"}
,"C:\\Users\\bobot\\Downloads\\CS4218\\cs4218-2520-ecom-project-cs4218-2520-team14\\client\\src\\components\\Routes\\AdminRoute.js": {"path":"C:\\Users\\bobot\\Downloads\\CS4218\\cs4218-2520-ecom-project-cs4218-2520-team14\\client\\src\\components\\Routes\\AdminRoute.js","statementMap":{"0":{"start":{"line":8,"column":22},"end":{"line":8,"column":37}},"1":{"start":{"line":9,"column":26},"end":{"line":9,"column":35}},"2":{"start":{"line":11,"column":2},"end":{"line":25,"column":20}},"3":{"start":{"line":12,"column":22},"end":{"line":23,"column":5}},"4":{"start":{"line":13,"column":6},"end":{"line":22,"column":7}},"5":{"start":{"line":14,"column":20},"end":{"line":14,"column":62}},"6":{"start":{"line":15,"column":8},"end":{"line":19,"column":9}},"7":{"start":{"line":16,"column":10},"end":{"line":16,"column":22}},"8":{"start":{"line":18,"column":10},"end":{"line":18,"column":23}},"9":{"start":{"line":21,"column":8},"end":{"line":21,"column":21}},"10":{"start":{"line":24,"column":4},"end":{"line":24,"column":33}},"11":{"start":{"line":24,"column":21},"end":{"line":24,"column":33}},"12":{"start":{"line":27,"column":2},"end":{"line":27,"column":39}}},"fnMap":{"0":{"name":"AdminRoute","decl":{"start":{"line":7,"column":24},"end":{"line":7,"column":34}},"loc":{"start":{"line":7,"column":37},"end":{"line":28,"column":1}},"line":7},"1":{"name":"(anonymous_1)","decl":{"start":{"line":11,"column":12},"end":{"line":11,"column":13}},"loc":{"start":{"line":11,"column":18},"end":{"line":25,"column":3}},"line":11},"2":{"name":"(anonymous_2)","decl":{"start":{"line":12,"column":22},"end":{"line":12,"column":23}},"loc":{"start":{"line":12,"column":34},"end":{"line":23,"column":5}},"line":12}},"branchMap":{"0":{"loc":{"start":{"line":15,"column":8},"end":{"line":19,"column":9}},"type":"if","locations":[{"start":{"line":15,"column":8},"end":{"line":19,"column":9}},{"start":{"line":17,"column":15},"end":{"line":19,"column":9}}],"line":15},"1":{"loc":{"start":{"line":24,"column":4},"end":{"line":24,"column":33}},"type":"if","locations":[{"start":{"line":24,"column":4},"end":{"line":24,"column":33}},{"start":{},"end":{}}],"line":24},"2":{"loc":{"start":{"line":27,"column":9},"end":{"line":27,"column":38}},"type":"cond-expr","locations":[{"start":{"line":27,"column":14},"end":{"line":27,"column":24}},{"start":{"line":27,"column":27},"end":{"line":27,"column":38}}],"line":27}},"s":{"0":0,"1":0,"2":0,"3":0,"4":0,"5":0,"6":0,"7":0,"8":0,"9":0,"10":0,"11":0,"12":0},"f":{"0":0,"1":0,"2":0},"b":{"0":[0,0],"1":[0,0],"2":[0,0]}}
,"C:\\Users\\bobot\\Downloads\\CS4218\\cs4218-2520-ecom-project-cs4218-2520-team14\\client\\src\\components\\Routes\\Private.js": {"path":"C:\\Users\\bobot\\Downloads\\CS4218\\cs4218-2520-ecom-project-cs4218-2520-team14\\client\\src\\components\\Routes\\Private.js","statementMap":{"0":{"start":{"line":8,"column":22},"end":{"line":8,"column":37}},"1":{"start":{"line":9,"column":17},"end":{"line":9,"column":26}},"2":{"start":{"line":11,"column":2},"end":{"line":21,"column":20}},"3":{"start":{"line":12,"column":22},"end":{"line":19,"column":5}},"4":{"start":{"line":13,"column":18},"end":{"line":13,"column":59}},"5":{"start":{"line":14,"column":6},"end":{"line":18,"column":7}},"6":{"start":{"line":15,"column":8},"end":{"line":15,"column":20}},"7":{"start":{"line":17,"column":8},"end":{"line":17,"column":21}},"8":{"start":{"line":20,"column":4},"end":{"line":20,"column":33}},"9":{"start":{"line":20,"column":21},"end":{"line":20,"column":33}},"10":{"start":{"line":23,"column":2},"end":{"line":23,"column":47}}},"fnMap":{"0":{"name":"PrivateRoute","decl":{"start":{"line":7,"column":24},"end":{"line":7,"column":36}},"loc":{"start":{"line":7,"column":39},"end":{"line":24,"column":1}},"line":7},"1":{"name":"(anonymous_1)","decl":{"start":{"line":11,"column":12},"end":{"line":11,"column":13}},"loc":{"start":{"line":11,"column":18},"end":{"line":21,"column":3}},"line":11},"2":{"name":"(anonymous_2)","decl":{"start":{"line":12,"column":22},"end":{"line":12,"column":23}},"loc":{"start":{"line":12,"column":34},"end":{"line":19,"column":5}},"line":12}},"branchMap":{"0":{"loc":{"start":{"line":14,"column":6},"end":{"line":18,"column":7}},"type":"if","locations":[{"start":{"line":14,"column":6},"end":{"line":18,"column":7}},{"start":{"line":16,"column":13},"end":{"line":18,"column":7}}],"line":14},"1":{"loc":{"start":{"line":20,"column":4},"end":{"line":20,"column":33}},"type":"if","locations":[{"start":{"line":20,"column":4},"end":{"line":20,"column":33}},{"start":{},"end":{}}],"line":20},"2":{"loc":{"start":{"line":23,"column":9},"end":{"line":23,"column":46}},"type":"cond-expr","locations":[{"start":{"line":23,"column":14},"end":{"line":23,"column":24}},{"start":{"line":23,"column":27},"end":{"line":23,"column":46}}],"line":23}},"s":{"0":5,"1":5,"2":5,"3":4,"4":2,"5":2,"6":1,"7":1,"8":4,"9":2,"10":5},"f":{"0":5,"1":4,"2":2},"b":{"0":[1,1],"1":[2,2],"2":[1,4]},"_coverageSchema":"1a1c01bbd47fc00a2c39e90264f33305004495a9","hash":"ad0390b304925acff80bc4262ba8d4bc75eed40a"}
,"C:\\Users\\bobot\\Downloads\\CS4218\\cs4218-2520-ecom-project-cs4218-2520-team14\\client\\src\\context\\auth.js": {"path":"C:\\Users\\bobot\\Downloads\\CS4218\\cs4218-2520-ecom-project-cs4218-2520-team14\\client\\src\\context\\auth.js","statementMap":{"0":{"start":{"line":7,"column":20},"end":{"line":7,"column":35}},"1":{"start":{"line":9,"column":21},"end":{"line":32,"column":1}},"2":{"start":{"line":10,"column":26},"end":{"line":10,"column":61}},"3":{"start":{"line":12,"column":2},"end":{"line":12,"column":63}},"4":{"start":{"line":14,"column":2},"end":{"line":25,"column":9}},"5":{"start":{"line":15,"column":17},"end":{"line":15,"column":45}},"6":{"start":{"line":16,"column":4},"end":{"line":23,"column":5}},"7":{"start":{"line":17,"column":24},"end":{"line":17,"column":40}},"8":{"start":{"line":18,"column":6},"end":{"line":22,"column":9}},"9":{"start":{"line":27,"column":2},"end":{"line":31,"column":4}},"10":{"start":{"line":34,"column":16},"end":{"line":34,"column":45}},"11":{"start":{"line":34,"column":22},"end":{"line":34,"column":45}}},"fnMap":{"0":{"name":"(anonymous_0)","decl":{"start":{"line":9,"column":21},"end":{"line":9,"column":22}},"loc":{"start":{"line":9,"column":39},"end":{"line":32,"column":1}},"line":9},"1":{"name":"(anonymous_1)","decl":{"start":{"line":14,"column":12},"end":{"line":14,"column":13}},"loc":{"start":{"line":14,"column":18},"end":{"line":25,"column":3}},"line":14},"2":{"name":"(anonymous_2)","decl":{"start":{"line":34,"column":16},"end":{"line":34,"column":17}},"loc":{"start":{"line":34,"column":22},"end":{"line":34,"column":45}},"line":34}},"branchMap":{"0":{"loc":{"start":{"line":16,"column":4},"end":{"line":23,"column":5}},"type":"if","locations":[{"start":{"line":16,"column":4},"end":{"line":23,"column":5}},{"start":{},"end":{}}],"line":16}},"s":{"0":3,"1":3,"2":3,"3":3,"4":3,"5":2,"6":2,"7":1,"8":1,"9":3,"10":3,"11":3},"f":{"0":3,"1":2,"2":3},"b":{"0":[1,1]},"_coverageSchema":"1a1c01bbd47fc00a2c39e90264f33305004495a9","hash":"cb9d83bd4154aad334a997b8e8985cfacdedd6f9"}
,"C:\\Users\\bobot\\Downloads\\CS4218\\cs4218-2520-ecom-project-cs4218-2520-team14\\client\\src\\context\\cart.js": {"path":"C:\\Users\\bobot\\Downloads\\CS4218\\cs4218-2520-ecom-project-cs4218-2520-team14\\client\\src\\context\\cart.js","statementMap":{"0":{"start":{"line":4,"column":20},"end":{"line":4,"column":35}},"1":{"start":{"line":5,"column":21},"end":{"line":31,"column":1}},"2":{"start":{"line":6,"column":26},"end":{"line":6,"column":38}},"3":{"start":{"line":8,"column":2},"end":{"line":24,"column":9}},"4":{"start":{"line":9,"column":4},"end":{"line":23,"column":5}},"5":{"start":{"line":10,"column":29},"end":{"line":10,"column":57}},"6":{"start":{"line":11,"column":6},"end":{"line":18,"column":7}},"7":{"start":{"line":12,"column":27},"end":{"line":12,"column":55}},"8":{"start":{"line":13,"column":8},"end":{"line":17,"column":9}},"9":{"start":{"line":14,"column":10},"end":{"line":14,"column":79}},"10":{"start":{"line":14,"column":44},"end":{"line":14,"column":76}},"11":{"start":{"line":16,"column":10},"end":{"line":16,"column":47}},"12":{"start":{"line":20,"column":6},"end":{"line":20,"column":68}},"13":{"start":{"line":21,"column":6},"end":{"line":21,"column":38}},"14":{"start":{"line":22,"column":6},"end":{"line":22,"column":18}},"15":{"start":{"line":26,"column":2},"end":{"line":30,"column":4}},"16":{"start":{"line":34,"column":16},"end":{"line":34,"column":45}},"17":{"start":{"line":34,"column":22},"end":{"line":34,"column":45}}},"fnMap":{"0":{"name":"(anonymous_0)","decl":{"start":{"line":5,"column":21},"end":{"line":5,"column":22}},"loc":{"start":{"line":5,"column":39},"end":{"line":31,"column":1}},"line":5},"1":{"name":"(anonymous_1)","decl":{"start":{"line":8,"column":12},"end":{"line":8,"column":13}},"loc":{"start":{"line":8,"column":18},"end":{"line":24,"column":3}},"line":8},"2":{"name":"(anonymous_2)","decl":{"start":{"line":14,"column":36},"end":{"line":14,"column":37}},"loc":{"start":{"line":14,"column":44},"end":{"line":14,"column":76}},"line":14},"3":{"name":"(anonymous_3)","decl":{"start":{"line":34,"column":16},"end":{"line":34,"column":17}},"loc":{"start":{"line":34,"column":22},"end":{"line":34,"column":45}},"line":34}},"branchMap":{"0":{"loc":{"start":{"line":11,"column":6},"end":{"line":18,"column":7}},"type":"if","locations":[{"start":{"line":11,"column":6},"end":{"line":18,"column":7}},{"start":{},"end":{}}],"line":11},"1":{"loc":{"start":{"line":13,"column":8},"end":{"line":17,"column":9}},"type":"if","locations":[{"start":{"line":13,"column":8},"end":{"line":17,"column":9}},{"start":{"line":15,"column":15},"end":{"line":17,"column":9}}],"line":13},"2":{"loc":{"start":{"line":14,"column":44},"end":{"line":14,"column":76}},"type":"binary-expr","locations":[{"start":{"line":14,"column":44},"end":{"line":14,"column":48}},{"start":{"line":14,"column":52},"end":{"line":14,"column":76}}],"line":14}},"s":{"0":1,"1":1,"2":11,"3":11,"4":6,"5":6,"6":6,"7":4,"8":3,"9":2,"10":4,"11":1,"12":2,"13":2,"14":2,"15":11,"16":1,"17":11},"f":{"0":11,"1":6,"2":4,"3":11},"b":{"0":[4,2],"1":[2,1],"2":[4,3]},"_coverageSchema":"1a1c01bbd47fc00a2c39e90264f33305004495a9","hash":"e50569310f0d89d051696fe46fb9e588fb169e7e"}
,"C:\\Users\\bobot\\Downloads\\CS4218\\cs4218-2520-ecom-project-cs4218-2520-team14\\client\\src\\context\\search.js": {"path":"C:\\Users\\bobot\\Downloads\\CS4218\\cs4218-2520-ecom-project-cs4218-2520-team14\\client\\src\\context\\search.js","statementMap":{"0":{"start":{"line":3,"column":22},"end":{"line":3,"column":37}},"1":{"start":{"line":4,"column":23},"end":{"line":15,"column":1}},"2":{"start":{"line":5,"column":26},"end":{"line":8,"column":4}},"3":{"start":{"line":10,"column":2},"end":{"line":14,"column":4}},"4":{"start":{"line":18,"column":18},"end":{"line":18,"column":49}},"5":{"start":{"line":18,"column":24},"end":{"line":18,"column":49}}},"fnMap":{"0":{"name":"(anonymous_0)","decl":{"start":{"line":4,"column":23},"end":{"line":4,"column":24}},"loc":{"start":{"line":4,"column":41},"end":{"line":15,"column":1}},"line":4},"1":{"name":"(anonymous_1)","decl":{"start":{"line":18,"column":18},"end":{"line":18,"column":19}},"loc":{"start":{"line":18,"column":24},"end":{"line":18,"column":49}},"line":18}},"branchMap":{},"s":{"0":1,"1":1,"2":7,"3":7,"4":1,"5":7},"f":{"0":7,"1":7},"b":{},"_coverageSchema":"1a1c01bbd47fc00a2c39e90264f33305004495a9","hash":"f239f4ed883a629b7c0ade44764a264657887be3"}
,"C:\\Users\\bobot\\Downloads\\CS4218\\cs4218-2520-ecom-project-cs4218-2520-team14\\client\\src\\hooks\\useCategory.js": {"path":"C:\\Users\\bobot\\Downloads\\CS4218\\cs4218-2520-ecom-project-cs4218-2520-team14\\client\\src\\hooks\\useCategory.js","statementMap":{"0":{"start":{"line":5,"column":38},"end":{"line":5,"column":50}},"1":{"start":{"line":8,"column":24},"end":{"line":15,"column":3}},"2":{"start":{"line":9,"column":4},"end":{"line":14,"column":5}},"3":{"start":{"line":10,"column":23},"end":{"line":10,"column":71}},"4":{"start":{"line":11,"column":6},"end":{"line":11,"column":36}},"5":{"start":{"line":13,"column":6},"end":{"line":13,"column":25}},"6":{"start":{"line":17,"column":2},"end":{"line":19,"column":9}},"7":{"start":{"line":18,"column":4},"end":{"line":18,"column":20}},"8":{"start":{"line":21,"column":2},"end":{"line":21,"column":20}}},"fnMap":{"0":{"name":"useCategory","decl":{"start":{"line":4,"column":24},"end":{"line":4,"column":35}},"loc":{"start":{"line":4,"column":38},"end":{"line":22,"column":1}},"line":4},"1":{"name":"(anonymous_1)","decl":{"start":{"line":8,"column":24},"end":{"line":8,"column":25}},"loc":{"start":{"line":8,"column":36},"end":{"line":15,"column":3}},"line":8},"2":{"name":"(anonymous_2)","decl":{"start":{"line":17,"column":12},"end":{"line":17,"column":13}},"loc":{"start":{"line":17,"column":18},"end":{"line":19,"column":3}},"line":17}},"branchMap":{},"s":{"0":104,"1":104,"2":45,"3":45,"4":44,"5":1,"6":104,"7":45,"8":104},"f":{"0":104,"1":45,"2":45},"b":{},"_coverageSchema":"1a1c01bbd47fc00a2c39e90264f33305004495a9","hash":"5b014201010d9084d2c0b04fcbc3e879642bdd13"}
,"C:\\Users\\bobot\\Downloads\\CS4218\\cs4218-2520-ecom-project-cs4218-2520-team14\\client\\src\\pages\\About.js": {"path":"C:\\Users\\bobot\\Downloads\\CS4218\\cs4218-2520-ecom-project-cs4218-2520-team14\\client\\src\\pages\\About.js","statementMap":{"0":{"start":{"line":4,"column":14},"end":{"line":23,"column":1}},"1":{"start":{"line":5,"column":2},"end":{"line":22,"column":4}}},"fnMap":{"0":{"name":"(anonymous_0)","decl":{"start":{"line":4,"column":14},"end":{"line":4,"column":15}},"loc":{"start":{"line":4,"column":20},"end":{"line":23,"column":1}},"line":4}},"branchMap":{},"s":{"0":1,"1":3},"f":{"0":3},"b":{},"_coverageSchema":"1a1c01bbd47fc00a2c39e90264f33305004495a9","hash":"cf65ffde70fe6346326ea87a7d32dbe2923819c9"}
,"C:\\Users\\bobot\\Downloads\\CS4218\\cs4218-2520-ecom-project-cs4218-2520-team14\\client\\src\\pages\\CartPage.js": {"path":"C:\\Users\\bobot\\Downloads\\CS4218\\cs4218-2520-ecom-project-cs4218-2520-team14\\client\\src\\pages\\CartPage.js","statementMap":{"0":{"start":{"line":12,"column":17},"end":{"line":205,"column":1}},"1":{"start":{"line":13,"column":26},"end":{"line":13,"column":35}},"2":{"start":{"line":14,"column":26},"end":{"line":14,"column":35}},"3":{"start":{"line":15,"column":40},"end":{"line":15,"column":52}},"4":{"start":{"line":16,"column":34},"end":{"line":16,"column":46}},"5":{"start":{"line":17,"column":32},"end":{"line":17,"column":47}},"6":{"start":{"line":18,"column":19},"end":{"line":18,"column":32}},"7":{"start":{"line":21,"column":21},"end":{"line":34,"column":3}},"8":{"start":{"line":22,"column":4},"end":{"line":33,"column":5}},"9":{"start":{"line":23,"column":18},"end":{"line":23,"column":19}},"10":{"start":{"line":24,"column":6},"end":{"line":26,"column":9}},"11":{"start":{"line":25,"column":8},"end":{"line":25,"column":35}},"12":{"start":{"line":27,"column":6},"end":{"line":30,"column":9}},"13":{"start":{"line":32,"column":6},"end":{"line":32,"column":25}},"14":{"start":{"line":36,"column":25},"end":{"line":46,"column":3}},"15":{"start":{"line":37,"column":4},"end":{"line":45,"column":5}},"16":{"start":{"line":38,"column":19},"end":{"line":38,"column":28}},"17":{"start":{"line":39,"column":18},"end":{"line":39,"column":62}},"18":{"start":{"line":39,"column":45},"end":{"line":39,"column":61}},"19":{"start":{"line":40,"column":6},"end":{"line":40,"column":30}},"20":{"start":{"line":41,"column":6},"end":{"line":41,"column":22}},"21":{"start":{"line":42,"column":6},"end":{"line":42,"column":59}},"22":{"start":{"line":44,"column":6},"end":{"line":44,"column":25}},"23":{"start":{"line":49,"column":19},"end":{"line":56,"column":3}},"24":{"start":{"line":50,"column":4},"end":{"line":55,"column":5}},"25":{"start":{"line":51,"column":23},"end":{"line":51,"column":73}},"26":{"start":{"line":52,"column":6},"end":{"line":52,"column":40}},"27":{"start":{"line":54,"column":6},"end":{"line":54,"column":25}},"28":{"start":{"line":57,"column":2},"end":{"line":59,"column":20}},"29":{"start":{"line":58,"column":4},"end":{"line":58,"column":15}},"30":{"start":{"line":62,"column":24},"end":{"line":84,"column":3}},"31":{"start":{"line":63,"column":4},"end":{"line":83,"column":5}},"32":{"start":{"line":64,"column":6},"end":{"line":64,"column":23}},"33":{"start":{"line":66,"column":6},"end":{"line":70,"column":7}},"34":{"start":{"line":67,"column":8},"end":{"line":67,"column":73}},"35":{"start":{"line":69,"column":8},"end":{"line":69,"column":60}},"36":{"start":{"line":71,"column":23},"end":{"line":74,"column":8}},"37":{"start":{"line":75,"column":6},"end":{"line":75,"column":24}},"38":{"start":{"line":76,"column":6},"end":{"line":76,"column":38}},"39":{"start":{"line":77,"column":6},"end":{"line":77,"column":18}},"40":{"start":{"line":78,"column":6},"end":{"line":78,"column":41}},"41":{"start":{"line":79,"column":6},"end":{"line":79,"column":55}},"42":{"start":{"line":81,"column":6},"end":{"line":81,"column":25}},"43":{"start":{"line":82,"column":6},"end":{"line":82,"column":24}},"44":{"start":{"line":85,"column":2},"end":{"line":204,"column":4}},"45":{"start":{"line":107,"column":16},"end":{"line":130,"column":22}},"46":{"start":{"line":125,"column":37},"end":{"line":125,"column":58}},"47":{"start":{"line":145,"column":37},"end":{"line":145,"column":72}},"48":{"start":{"line":156,"column":37},"end":{"line":156,"column":72}},"49":{"start":{"line":164,"column":24},"end":{"line":166,"column":26}},"50":{"start":{"line":186,"column":48},"end":{"line":186,"column":69}}},"fnMap":{"0":{"name":"(anonymous_0)","decl":{"start":{"line":12,"column":17},"end":{"line":12,"column":18}},"loc":{"start":{"line":12,"column":23},"end":{"line":205,"column":1}},"line":12},"1":{"name":"(anonymous_1)","decl":{"start":{"line":21,"column":21},"end":{"line":21,"column":22}},"loc":{"start":{"line":21,"column":27},"end":{"line":34,"column":3}},"line":21},"2":{"name":"(anonymous_2)","decl":{"start":{"line":24,"column":16},"end":{"line":24,"column":17}},"loc":{"start":{"line":24,"column":26},"end":{"line":26,"column":7}},"line":24},"3":{"name":"(anonymous_3)","decl":{"start":{"line":36,"column":25},"end":{"line":36,"column":26}},"loc":{"start":{"line":36,"column":34},"end":{"line":46,"column":3}},"line":36},"4":{"name":"(anonymous_4)","decl":{"start":{"line":39,"column":35},"end":{"line":39,"column":36}},"loc":{"start":{"line":39,"column":45},"end":{"line":39,"column":61}},"line":39},"5":{"name":"(anonymous_5)","decl":{"start":{"line":49,"column":19},"end":{"line":49,"column":20}},"loc":{"start":{"line":49,"column":31},"end":{"line":56,"column":3}},"line":49},"6":{"name":"(anonymous_6)","decl":{"start":{"line":57,"column":12},"end":{"line":57,"column":13}},"loc":{"start":{"line":57,"column":18},"end":{"line":59,"column":3}},"line":57},"7":{"name":"(anonymous_7)","decl":{"start":{"line":62,"column":24},"end":{"line":62,"column":25}},"loc":{"start":{"line":62,"column":36},"end":{"line":84,"column":3}},"line":62},"8":{"name":"(anonymous_8)","decl":{"start":{"line":106,"column":25},"end":{"line":106,"column":26}},"loc":{"start":{"line":107,"column":16},"end":{"line":130,"column":22}},"line":107},"9":{"name":"(anonymous_9)","decl":{"start":{"line":125,"column":31},"end":{"line":125,"column":32}},"loc":{"start":{"line":125,"column":37},"end":{"line":125,"column":58}},"line":125},"10":{"name":"(anonymous_10)","decl":{"start":{"line":145,"column":31},"end":{"line":145,"column":32}},"loc":{"start":{"line":145,"column":37},"end":{"line":145,"column":72}},"line":145},"11":{"name":"(anonymous_11)","decl":{"start":{"line":156,"column":31},"end":{"line":156,"column":32}},"loc":{"start":{"line":156,"column":37},"end":{"line":156,"column":72}},"line":156},"12":{"name":"(anonymous_12)","decl":{"start":{"line":163,"column":31},"end":{"line":163,"column":32}},"loc":{"start":{"line":164,"column":24},"end":{"line":166,"column":26}},"line":164},"13":{"name":"(anonymous_13)","decl":{"start":{"line":186,"column":34},"end":{"line":186,"column":35}},"loc":{"start":{"line":186,"column":48},"end":{"line":186,"column":69}},"line":186}},"branchMap":{"0":{"loc":{"start":{"line":66,"column":6},"end":{"line":70,"column":7}},"type":"if","locations":[{"start":{"line":66,"column":6},"end":{"line":70,"column":7}},{"start":{"line":68,"column":13},"end":{"line":70,"column":7}}],"line":66},"1":{"loc":{"start":{"line":91,"column":15},"end":{"line":93,"column":61}},"type":"cond-expr","locations":[{"start":{"line":92,"column":18},"end":{"line":92,"column":31}},{"start":{"line":93,"column":18},"end":{"line":93,"column":61}}],"line":91},"2":{"loc":{"start":{"line":93,"column":28},"end":{"line":93,"column":59}},"type":"binary-expr","locations":[{"start":{"line":93,"column":28},"end":{"line":93,"column":39}},{"start":{"line":93,"column":43},"end":{"line":93,"column":59}}],"line":93},"3":{"loc":{"start":{"line":95,"column":17},"end":{"line":98,"column":41}},"type":"cond-expr","locations":[{"start":{"line":96,"column":20},"end":{"line":97,"column":20}},{"start":{"line":98,"column":20},"end":{"line":98,"column":41}}],"line":95},"4":{"loc":{"start":{"line":96,"column":66},"end":{"line":96,"column":113}},"type":"cond-expr","locations":[{"start":{"line":96,"column":80},"end":{"line":96,"column":82}},{"start":{"line":96,"column":85},"end":{"line":96,"column":113}}],"line":96},"5":{"loc":{"start":{"line":138,"column":15},"end":{"line":173,"column":15}},"type":"cond-expr","locations":[{"start":{"line":139,"column":16},"end":{"line":150,"column":19}},{"start":{"line":152,"column":16},"end":{"line":172,"column":22}}],"line":138},"6":{"loc":{"start":{"line":153,"column":19},"end":{"line":171,"column":19}},"type":"cond-expr","locations":[{"start":{"line":154,"column":20},"end":{"line":159,"column":29}},{"start":{"line":161,"column":20},"end":{"line":170,"column":29}}],"line":153},"7":{"loc":{"start":{"line":175,"column":17},"end":{"line":197,"column":17}},"type":"cond-expr","locations":[{"start":{"line":176,"column":18},"end":{"line":176,"column":20}},{"start":{"line":178,"column":18},"end":{"line":196,"column":21}}],"line":175},"8":{"loc":{"start":{"line":175,"column":17},"end":{"line":175,"column":62}},"type":"binary-expr","locations":[{"start":{"line":175,"column":17},"end":{"line":175,"column":29}},{"start":{"line":175,"column":33},"end":{"line":175,"column":45}},{"start":{"line":175,"column":49},"end":{"line":175,"column":62}}],"line":175},"9":{"loc":{"start":{"line":192,"column":32},"end":{"line":192,"column":119}},"type":"binary-expr","locations":[{"start":{"line":192,"column":32},"end":{"line":192,"column":39}},{"start":{"line":192,"column":44},"end":{"line":192,"column":81}},{"start":{"line":192,"column":85},"end":{"line":192,"column":94}},{"start":{"line":192,"column":99},"end":{"line":192,"column":119}}],"line":192},"10":{"loc":{"start":{"line":194,"column":23},"end":{"line":194,"column":67}},"type":"cond-expr","locations":[{"start":{"line":194,"column":33},"end":{"line":194,"column":50}},{"start":{"line":194,"column":53},"end":{"line":194,"column":67}}],"line":194}},"s":{"0":1,"1":53,"2":53,"3":53,"4":53,"5":53,"6":53,"7":53,"8":53,"9":53,"10":53,"11":84,"12":53,"13":1,"14":53,"15":3,"16":3,"17":3,"18":4,"19":3,"20":3,"21":3,"22":1,"23":53,"24":30,"25":30,"26":29,"27":1,"28":53,"29":30,"30":53,"31":3,"32":3,"33":3,"34":0,"35":3,"36":3,"37":2,"38":2,"39":2,"40":2,"41":2,"42":1,"43":1,"44":53,"45":84,"46":3,"47":1,"48":1,"49":1,"50":14},"f":{"0":53,"1":53,"2":84,"3":3,"4":4,"5":30,"6":30,"7":3,"8":84,"9":3,"10":1,"11":1,"12":1,"13":14},"b":{"0":[0,3],"1":[23,30],"2":[30,30],"3":[46,7],"4":[33,13],"5":[27,26],"6":[8,18],"7":[30,23],"8":[53,23,23],"9":[23,17,17,11],"10":[6,17]},"_coverageSchema":"1a1c01bbd47fc00a2c39e90264f33305004495a9","hash":"0e7f8a5bbf45f44e97f2dd1e816186df89211da6"}
,"C:\\Users\\bobot\\Downloads\\CS4218\\cs4218-2520-ecom-project-cs4218-2520-team14\\client\\src\\pages\\Categories.js": {"path":"C:\\Users\\bobot\\Downloads\\CS4218\\cs4218-2520-ecom-project-cs4218-2520-team14\\client\\src\\pages\\Categories.js","statementMap":{"0":{"start":{"line":5,"column":19},"end":{"line":22,"column":1}},"1":{"start":{"line":6,"column":21},"end":{"line":6,"column":34}},"2":{"start":{"line":7,"column":2},"end":{"line":21,"column":4}},"3":{"start":{"line":12,"column":12},"end":{"line":16,"column":18}}},"fnMap":{"0":{"name":"(anonymous_0)","decl":{"start":{"line":5,"column":19},"end":{"line":5,"column":20}},"loc":{"start":{"line":5,"column":25},"end":{"line":22,"column":1}},"line":5},"1":{"name":"(anonymous_1)","decl":{"start":{"line":11,"column":26},"end":{"line":11,"column":27}},"loc":{"start":{"line":12,"column":12},"end":{"line":16,"column":18}},"line":12}},"branchMap":{},"s":{"0":1,"1":5,"2":5,"3":10},"f":{"0":5,"1":10},"b":{},"_coverageSchema":"1a1c01bbd47fc00a2c39e90264f33305004495a9","hash":"9dd96a3d31e9e0d9ea3f87e6609cf917bac99028"}
,"C:\\Users\\bobot\\Downloads\\CS4218\\cs4218-2520-ecom-project-cs4218-2520-team14\\client\\src\\pages\\CategoryProduct.js": {"path":"C:\\Users\\bobot\\Downloads\\CS4218\\cs4218-2520-ecom-project-cs4218-2520-team14\\client\\src\\pages\\CategoryProduct.js","statementMap":{"0":{"start":{"line":10,"column":24},"end":{"line":131,"column":1}},"1":{"start":{"line":11,"column":17},"end":{"line":11,"column":28}},"2":{"start":{"line":12,"column":19},"end":{"line":12,"column":32}},"3":{"start":{"line":13,"column":26},"end":{"line":13,"column":35}},"4":{"start":{"line":15,"column":40},"end":{"line":15,"column":52}},"5":{"start":{"line":16,"column":34},"end":{"line":16,"column":46}},"6":{"start":{"line":18,"column":26},"end":{"line":18,"column":37}},"7":{"start":{"line":19,"column":18},"end":{"line":19,"column":19}},"8":{"start":{"line":20,"column":32},"end":{"line":20,"column":47}},"9":{"start":{"line":22,"column":2},"end":{"line":27,"column":21}},"10":{"start":{"line":23,"column":4},"end":{"line":26,"column":5}},"11":{"start":{"line":24,"column":6},"end":{"line":24,"column":17}},"12":{"start":{"line":25,"column":6},"end":{"line":25,"column":25}},"13":{"start":{"line":29,"column":27},"end":{"line":43,"column":3}},"14":{"start":{"line":30,"column":4},"end":{"line":42,"column":5}},"15":{"start":{"line":31,"column":6},"end":{"line":31,"column":23}},"16":{"start":{"line":32,"column":23},"end":{"line":34,"column":7}},"17":{"start":{"line":35,"column":6},"end":{"line":35,"column":73}},"18":{"start":{"line":36,"column":6},"end":{"line":36,"column":40}},"19":{"start":{"line":38,"column":6},"end":{"line":38,"column":25}},"20":{"start":{"line":39,"column":6},"end":{"line":39,"column":54}},"21":{"start":{"line":41,"column":6},"end":{"line":41,"column":24}},"22":{"start":{"line":46,"column":19},"end":{"line":48,"column":25}},"23":{"start":{"line":47,"column":4},"end":{"line":47,"column":48}},"24":{"start":{"line":50,"column":26},"end":{"line":55,"column":3}},"25":{"start":{"line":51,"column":20},"end":{"line":51,"column":32}},"26":{"start":{"line":52,"column":4},"end":{"line":52,"column":21}},"27":{"start":{"line":53,"column":4},"end":{"line":53,"column":58}},"28":{"start":{"line":54,"column":4},"end":{"line":54,"column":40}},"29":{"start":{"line":57,"column":16},"end":{"line":57,"column":34}},"30":{"start":{"line":59,"column":2},"end":{"line":130,"column":4}},"31":{"start":{"line":68,"column":16},"end":{"line":102,"column":22}},"32":{"start":{"line":90,"column":39},"end":{"line":90,"column":69}},"33":{"start":{"line":96,"column":39},"end":{"line":96,"column":57}},"34":{"start":{"line":110,"column":20},"end":{"line":110,"column":39}},"35":{"start":{"line":111,"column":20},"end":{"line":111,"column":48}},"36":{"start":{"line":111,"column":38},"end":{"line":111,"column":46}}},"fnMap":{"0":{"name":"(anonymous_0)","decl":{"start":{"line":10,"column":24},"end":{"line":10,"column":25}},"loc":{"start":{"line":10,"column":30},"end":{"line":131,"column":1}},"line":10},"1":{"name":"(anonymous_1)","decl":{"start":{"line":22,"column":12},"end":{"line":22,"column":13}},"loc":{"start":{"line":22,"column":18},"end":{"line":27,"column":3}},"line":22},"2":{"name":"(anonymous_2)","decl":{"start":{"line":29,"column":27},"end":{"line":29,"column":28}},"loc":{"start":{"line":29,"column":39},"end":{"line":43,"column":3}},"line":29},"3":{"name":"(anonymous_3)","decl":{"start":{"line":46,"column":27},"end":{"line":46,"column":28}},"loc":{"start":{"line":46,"column":33},"end":{"line":48,"column":3}},"line":46},"4":{"name":"(anonymous_4)","decl":{"start":{"line":50,"column":26},"end":{"line":50,"column":27}},"loc":{"start":{"line":50,"column":33},"end":{"line":55,"column":3}},"line":50},"5":{"name":"(anonymous_5)","decl":{"start":{"line":67,"column":29},"end":{"line":67,"column":30}},"loc":{"start":{"line":68,"column":16},"end":{"line":102,"column":22}},"line":68},"6":{"name":"(anonymous_6)","decl":{"start":{"line":90,"column":33},"end":{"line":90,"column":34}},"loc":{"start":{"line":90,"column":39},"end":{"line":90,"column":69}},"line":90},"7":{"name":"(anonymous_7)","decl":{"start":{"line":96,"column":33},"end":{"line":96,"column":34}},"loc":{"start":{"line":96,"column":39},"end":{"line":96,"column":57}},"line":96},"8":{"name":"(anonymous_8)","decl":{"start":{"line":109,"column":27},"end":{"line":109,"column":28}},"loc":{"start":{"line":109,"column":34},"end":{"line":112,"column":19}},"line":109},"9":{"name":"(anonymous_9)","decl":{"start":{"line":111,"column":28},"end":{"line":111,"column":29}},"loc":{"start":{"line":111,"column":38},"end":{"line":111,"column":46}},"line":111}},"branchMap":{"0":{"loc":{"start":{"line":23,"column":4},"end":{"line":26,"column":5}},"type":"if","locations":[{"start":{"line":23,"column":4},"end":{"line":26,"column":5}},{"start":{},"end":{}}],"line":23},"1":{"loc":{"start":{"line":35,"column":21},"end":{"line":35,"column":71}},"type":"cond-expr","locations":[{"start":{"line":35,"column":53},"end":{"line":35,"column":66}},{"start":{"line":35,"column":69},"end":{"line":35,"column":71}}],"line":35},"2":{"loc":{"start":{"line":36,"column":18},"end":{"line":36,"column":38}},"type":"binary-expr","locations":[{"start":{"line":36,"column":18},"end":{"line":36,"column":32}},{"start":{"line":36,"column":36},"end":{"line":36,"column":38}}],"line":36},"3":{"loc":{"start":{"line":85,"column":24},"end":{"line":85,"column":43}},"type":"binary-expr","locations":[{"start":{"line":85,"column":24},"end":{"line":85,"column":37}},{"start":{"line":85,"column":41},"end":{"line":85,"column":43}}],"line":85},"4":{"loc":{"start":{"line":106,"column":15},"end":{"line":124,"column":15}},"type":"binary-expr","locations":[{"start":{"line":106,"column":15},"end":{"line":106,"column":38}},{"start":{"line":107,"column":16},"end":{"line":123,"column":25}}],"line":106},"5":{"loc":{"start":{"line":115,"column":19},"end":{"line":122,"column":19}},"type":"cond-expr","locations":[{"start":{"line":116,"column":20},"end":{"line":116,"column":33}},{"start":{"line":118,"column":20},"end":{"line":121,"column":23}}],"line":115}},"s":{"0":1,"1":20,"2":20,"3":20,"4":20,"5":20,"6":20,"7":20,"8":20,"9":20,"10":8,"11":7,"12":7,"13":20,"14":7,"15":7,"16":7,"17":5,"18":5,"19":1,"20":1,"21":6,"22":20,"23":13,"24":20,"25":1,"26":1,"27":1,"28":1,"29":20,"30":20,"31":17,"32":1,"33":1,"34":1,"35":1,"36":1},"f":{"0":20,"1":8,"2":7,"3":13,"4":1,"5":17,"6":1,"7":1,"8":1,"9":1},"b":{"0":[7,1],"1":[5,0],"2":[5,0],"3":[17,0],"4":[20,1],"5":[0,1]},"_coverageSchema":"1a1c01bbd47fc00a2c39e90264f33305004495a9","hash":"6659dba5428b34382f1322b0ec3c5d3bac5c5e46"}
,"C:\\Users\\bobot\\Downloads\\CS4218\\cs4218-2520-ecom-project-cs4218-2520-team14\\client\\src\\pages\\Contact.js": {"path":"C:\\Users\\bobot\\Downloads\\CS4218\\cs4218-2520-ecom-project-cs4218-2520-team14\\client\\src\\pages\\Contact.js","statementMap":{"0":{"start":{"line":4,"column":16},"end":{"line":34,"column":1}},"1":{"start":{"line":5,"column":2},"end":{"line":33,"column":4}}},"fnMap":{"0":{"name":"(anonymous_0)","decl":{"start":{"line":4,"column":16},"end":{"line":4,"column":17}},"loc":{"start":{"line":4,"column":22},"end":{"line":34,"column":1}},"line":4}},"branchMap":{},"s":{"0":1,"1":5},"f":{"0":5},"b":{},"_coverageSchema":"1a1c01bbd47fc00a2c39e90264f33305004495a9","hash":"b06a3c99e54e7407c8d998fcd61e02cd4929e0f6"}
,"C:\\Users\\bobot\\Downloads\\CS4218\\cs4218-2520-ecom-project-cs4218-2520-team14\\client\\src\\pages\\HomePage.js": {"path":"C:\\Users\\bobot\\Downloads\\CS4218\\cs4218-2520-ecom-project-cs4218-2520-team14\\client\\src\\pages\\HomePage.js","statementMap":{"0":{"start":{"line":12,"column":17},"end":{"line":224,"column":1}},"1":{"start":{"line":13,"column":19},"end":{"line":13,"column":32}},"2":{"start":{"line":14,"column":26},"end":{"line":14,"column":35}},"3":{"start":{"line":15,"column":34},"end":{"line":15,"column":46}},"4":{"start":{"line":16,"column":38},"end":{"line":16,"column":50}},"5":{"start":{"line":17,"column":32},"end":{"line":17,"column":44}},"6":{"start":{"line":18,"column":28},"end":{"line":18,"column":40}},"7":{"start":{"line":19,"column":28},"end":{"line":19,"column":39}},"8":{"start":{"line":20,"column":26},"end":{"line":20,"column":37}},"9":{"start":{"line":21,"column":32},"end":{"line":21,"column":47}},"10":{"start":{"line":24,"column":25},"end":{"line":33,"column":3}},"11":{"start":{"line":25,"column":4},"end":{"line":32,"column":5}},"12":{"start":{"line":26,"column":23},"end":{"line":26,"column":71}},"13":{"start":{"line":27,"column":6},"end":{"line":29,"column":7}},"14":{"start":{"line":28,"column":8},"end":{"line":28,"column":38}},"15":{"start":{"line":31,"column":6},"end":{"line":31,"column":25}},"16":{"start":{"line":35,"column":2},"end":{"line":38,"column":9}},"17":{"start":{"line":36,"column":4},"end":{"line":36,"column":21}},"18":{"start":{"line":37,"column":4},"end":{"line":37,"column":15}},"19":{"start":{"line":40,"column":25},"end":{"line":50,"column":3}},"20":{"start":{"line":41,"column":4},"end":{"line":49,"column":5}},"21":{"start":{"line":42,"column":6},"end":{"line":42,"column":23}},"22":{"start":{"line":43,"column":23},"end":{"line":43,"column":78}},"23":{"start":{"line":44,"column":6},"end":{"line":44,"column":24}},"24":{"start":{"line":45,"column":6},"end":{"line":45,"column":33}},"25":{"start":{"line":47,"column":6},"end":{"line":47,"column":24}},"26":{"start":{"line":48,"column":6},"end":{"line":48,"column":25}},"27":{"start":{"line":53,"column":19},"end":{"line":60,"column":3}},"28":{"start":{"line":54,"column":4},"end":{"line":59,"column":5}},"29":{"start":{"line":55,"column":23},"end":{"line":55,"column":71}},"30":{"start":{"line":56,"column":6},"end":{"line":56,"column":28}},"31":{"start":{"line":58,"column":6},"end":{"line":58,"column":25}},"32":{"start":{"line":62,"column":2},"end":{"line":65,"column":13}},"33":{"start":{"line":63,"column":4},"end":{"line":63,"column":27}},"34":{"start":{"line":63,"column":20},"end":{"line":63,"column":27}},"35":{"start":{"line":64,"column":4},"end":{"line":64,"column":15}},"36":{"start":{"line":67,"column":19},"end":{"line":77,"column":3}},"37":{"start":{"line":68,"column":4},"end":{"line":76,"column":5}},"38":{"start":{"line":69,"column":6},"end":{"line":69,"column":23}},"39":{"start":{"line":70,"column":23},"end":{"line":70,"column":78}},"40":{"start":{"line":71,"column":6},"end":{"line":71,"column":24}},"41":{"start":{"line":72,"column":6},"end":{"line":72,"column":52}},"42":{"start":{"line":74,"column":6},"end":{"line":74,"column":25}},"43":{"start":{"line":75,"column":6},"end":{"line":75,"column":24}},"44":{"start":{"line":80,"column":23},"end":{"line":88,"column":3}},"45":{"start":{"line":81,"column":14},"end":{"line":81,"column":26}},"46":{"start":{"line":82,"column":4},"end":{"line":86,"column":5}},"47":{"start":{"line":83,"column":6},"end":{"line":83,"column":19}},"48":{"start":{"line":85,"column":6},"end":{"line":85,"column":40}},"49":{"start":{"line":85,"column":30},"end":{"line":85,"column":38}},"50":{"start":{"line":87,"column":4},"end":{"line":87,"column":20}},"51":{"start":{"line":89,"column":2},"end":{"line":91,"column":37}},"52":{"start":{"line":90,"column":4},"end":{"line":90,"column":59}},"53":{"start":{"line":90,"column":42},"end":{"line":90,"column":59}},"54":{"start":{"line":93,"column":2},"end":{"line":95,"column":23}},"55":{"start":{"line":94,"column":4},"end":{"line":94,"column":56}},"56":{"start":{"line":94,"column":40},"end":{"line":94,"column":56}},"57":{"start":{"line":98,"column":24},"end":{"line":108,"column":3}},"58":{"start":{"line":99,"column":4},"end":{"line":107,"column":5}},"59":{"start":{"line":100,"column":23},"end":{"line":103,"column":8}},"60":{"start":{"line":104,"column":6},"end":{"line":104,"column":34}},"61":{"start":{"line":106,"column":6},"end":{"line":106,"column":25}},"62":{"start":{"line":109,"column":2},"end":{"line":223,"column":4}},"63":{"start":{"line":124,"column":14},"end":{"line":129,"column":25}},"64":{"start":{"line":126,"column":33},"end":{"line":126,"column":70}},"65":{"start":{"line":135,"column":42},"end":{"line":135,"column":66}},"66":{"start":{"line":137,"column":16},"end":{"line":139,"column":22}},"67":{"start":{"line":146,"column":29},"end":{"line":146,"column":53}},"68":{"start":{"line":156,"column":14},"end":{"line":197,"column":20}},"69":{"start":{"line":178,"column":37},"end":{"line":178,"column":67}},"70":{"start":{"line":185,"column":24},"end":{"line":185,"column":46}},"71":{"start":{"line":186,"column":24},"end":{"line":189,"column":26}},"72":{"start":{"line":190,"column":24},"end":{"line":190,"column":60}},"73":{"start":{"line":205,"column":18},"end":{"line":205,"column":37}},"74":{"start":{"line":206,"column":18},"end":{"line":206,"column":36}}},"fnMap":{"0":{"name":"(anonymous_0)","decl":{"start":{"line":12,"column":17},"end":{"line":12,"column":18}},"loc":{"start":{"line":12,"column":23},"end":{"line":224,"column":1}},"line":12},"1":{"name":"(anonymous_1)","decl":{"start":{"line":24,"column":25},"end":{"line":24,"column":26}},"loc":{"start":{"line":24,"column":37},"end":{"line":33,"column":3}},"line":24},"2":{"name":"(anonymous_2)","decl":{"start":{"line":35,"column":12},"end":{"line":35,"column":13}},"loc":{"start":{"line":35,"column":18},"end":{"line":38,"column":3}},"line":35},"3":{"name":"(anonymous_3)","decl":{"start":{"line":40,"column":25},"end":{"line":40,"column":26}},"loc":{"start":{"line":40,"column":37},"end":{"line":50,"column":3}},"line":40},"4":{"name":"(anonymous_4)","decl":{"start":{"line":53,"column":19},"end":{"line":53,"column":20}},"loc":{"start":{"line":53,"column":31},"end":{"line":60,"column":3}},"line":53},"5":{"name":"(anonymous_5)","decl":{"start":{"line":62,"column":12},"end":{"line":62,"column":13}},"loc":{"start":{"line":62,"column":18},"end":{"line":65,"column":3}},"line":62},"6":{"name":"(anonymous_6)","decl":{"start":{"line":67,"column":19},"end":{"line":67,"column":20}},"loc":{"start":{"line":67,"column":31},"end":{"line":77,"column":3}},"line":67},"7":{"name":"(anonymous_7)","decl":{"start":{"line":80,"column":23},"end":{"line":80,"column":24}},"loc":{"start":{"line":80,"column":38},"end":{"line":88,"column":3}},"line":80},"8":{"name":"(anonymous_8)","decl":{"start":{"line":85,"column":23},"end":{"line":85,"column":24}},"loc":{"start":{"line":85,"column":30},"end":{"line":85,"column":38}},"line":85},"9":{"name":"(anonymous_9)","decl":{"start":{"line":89,"column":12},"end":{"line":89,"column":13}},"loc":{"start":{"line":89,"column":18},"end":{"line":91,"column":3}},"line":89},"10":{"name":"(anonymous_10)","decl":{"start":{"line":93,"column":12},"end":{"line":93,"column":13}},"loc":{"start":{"line":93,"column":18},"end":{"line":95,"column":3}},"line":93},"11":{"name":"(anonymous_11)","decl":{"start":{"line":98,"column":24},"end":{"line":98,"column":25}},"loc":{"start":{"line":98,"column":36},"end":{"line":108,"column":3}},"line":98},"12":{"name":"(anonymous_12)","decl":{"start":{"line":123,"column":29},"end":{"line":123,"column":30}},"loc":{"start":{"line":124,"column":14},"end":{"line":129,"column":25}},"line":124},"13":{"name":"(anonymous_13)","decl":{"start":{"line":126,"column":26},"end":{"line":126,"column":27}},"loc":{"start":{"line":126,"column":33},"end":{"line":126,"column":70}},"line":126},"14":{"name":"(anonymous_14)","decl":{"start":{"line":135,"column":35},"end":{"line":135,"column":36}},"loc":{"start":{"line":135,"column":42},"end":{"line":135,"column":66}},"line":135},"15":{"name":"(anonymous_15)","decl":{"start":{"line":136,"column":27},"end":{"line":136,"column":28}},"loc":{"start":{"line":137,"column":16},"end":{"line":139,"column":22}},"line":137},"16":{"name":"(anonymous_16)","decl":{"start":{"line":146,"column":23},"end":{"line":146,"column":24}},"loc":{"start":{"line":146,"column":29},"end":{"line":146,"column":53}},"line":146},"17":{"name":"(anonymous_17)","decl":{"start":{"line":155,"column":27},"end":{"line":155,"column":28}},"loc":{"start":{"line":156,"column":14},"end":{"line":197,"column":20}},"line":156},"18":{"name":"(anonymous_18)","decl":{"start":{"line":178,"column":31},"end":{"line":178,"column":32}},"loc":{"start":{"line":178,"column":37},"end":{"line":178,"column":67}},"line":178},"19":{"name":"(anonymous_19)","decl":{"start":{"line":184,"column":31},"end":{"line":184,"column":32}},"loc":{"start":{"line":184,"column":37},"end":{"line":191,"column":23}},"line":184},"20":{"name":"(anonymous_20)","decl":{"start":{"line":204,"column":25},"end":{"line":204,"column":26}},"loc":{"start":{"line":204,"column":32},"end":{"line":207,"column":17}},"line":204}},"branchMap":{"0":{"loc":{"start":{"line":27,"column":6},"end":{"line":29,"column":7}},"type":"if","locations":[{"start":{"line":27,"column":6},"end":{"line":29,"column":7}},{"start":{},"end":{}}],"line":27},"1":{"loc":{"start":{"line":63,"column":4},"end":{"line":63,"column":27}},"type":"if","locations":[{"start":{"line":63,"column":4},"end":{"line":63,"column":27}},{"start":{},"end":{}}],"line":63},"2":{"loc":{"start":{"line":82,"column":4},"end":{"line":86,"column":5}},"type":"if","locations":[{"start":{"line":82,"column":4},"end":{"line":86,"column":5}},{"start":{"line":84,"column":11},"end":{"line":86,"column":5}}],"line":82},"3":{"loc":{"start":{"line":90,"column":4},"end":{"line":90,"column":59}},"type":"if","locations":[{"start":{"line":90,"column":4},"end":{"line":90,"column":59}},{"start":{},"end":{}}],"line":90},"4":{"loc":{"start":{"line":90,"column":8},"end":{"line":90,"column":40}},"type":"binary-expr","locations":[{"start":{"line":90,"column":8},"end":{"line":90,"column":23}},{"start":{"line":90,"column":27},"end":{"line":90,"column":40}}],"line":90},"5":{"loc":{"start":{"line":94,"column":4},"end":{"line":94,"column":56}},"type":"if","locations":[{"start":{"line":94,"column":4},"end":{"line":94,"column":56}},{"start":{},"end":{}}],"line":94},"6":{"loc":{"start":{"line":94,"column":8},"end":{"line":94,"column":38}},"type":"binary-expr","locations":[{"start":{"line":94,"column":8},"end":{"line":94,"column":22}},{"start":{"line":94,"column":26},"end":{"line":94,"column":38}}],"line":94},"7":{"loc":{"start":{"line":201,"column":13},"end":{"line":218,"column":13}},"type":"binary-expr","locations":[{"start":{"line":201,"column":13},"end":{"line":201,"column":21}},{"start":{"line":201,"column":25},"end":{"line":201,"column":48}},{"start":{"line":202,"column":14},"end":{"line":217,"column":23}}],"line":201},"8":{"loc":{"start":{"line":209,"column":17},"end":{"line":216,"column":17}},"type":"cond-expr","locations":[{"start":{"line":210,"column":18},"end":{"line":210,"column":31}},{"start":{"line":212,"column":18},"end":{"line":215,"column":21}}],"line":209}},"s":{"0":1,"1":54,"2":54,"3":54,"4":54,"5":54,"6":54,"7":54,"8":54,"9":54,"10":54,"11":13,"12":13,"13":12,"14":9,"15":1,"16":54,"17":13,"18":13,"19":54,"20":14,"21":14,"22":14,"23":13,"24":13,"25":1,"26":1,"27":54,"28":13,"29":13,"30":12,"31":1,"32":54,"33":15,"34":13,"35":2,"36":54,"37":2,"38":2,"39":2,"40":1,"41":1,"42":1,"43":1,"44":54,"45":6,"46":6,"47":4,"48":2,"49":3,"50":6,"51":54,"52":20,"53":14,"54":54,"55":20,"56":6,"57":54,"58":6,"59":6,"60":5,"61":1,"62":54,"63":69,"64":6,"65":1,"66":324,"67":1,"68":59,"69":1,"70":1,"71":1,"72":1,"73":2,"74":2},"f":{"0":54,"1":13,"2":13,"3":14,"4":13,"5":15,"6":2,"7":6,"8":3,"9":20,"10":20,"11":6,"12":69,"13":6,"14":1,"15":324,"16":1,"17":59,"18":1,"19":1,"20":2},"b":{"0":[9,3],"1":[13,2],"2":[4,2],"3":[14,6],"4":[20,15],"5":[6,14],"6":[20,15],"7":[54,54,13],"8":[3,10]},"_coverageSchema":"1a1c01bbd47fc00a2c39e90264f33305004495a9","hash":"b18d25ade9dbae13638ff0dfdec9c52afe316eb7"}
,"C:\\Users\\bobot\\Downloads\\CS4218\\cs4218-2520-ecom-project-cs4218-2520-team14\\client\\src\\pages\\Pagenotfound.js": {"path":"C:\\Users\\bobot\\Downloads\\CS4218\\cs4218-2520-ecom-project-cs4218-2520-team14\\client\\src\\pages\\Pagenotfound.js","statementMap":{"0":{"start":{"line":7,"column":21},"end":{"line":19,"column":1}},"1":{"start":{"line":8,"column":2},"end":{"line":18,"column":4}}},"fnMap":{"0":{"name":"(anonymous_0)","decl":{"start":{"line":7,"column":21},"end":{"line":7,"column":22}},"loc":{"start":{"line":7,"column":27},"end":{"line":19,"column":1}},"line":7}},"branchMap":{},"s":{"0":1,"1":3},"f":{"0":3},"b":{},"_coverageSchema":"1a1c01bbd47fc00a2c39e90264f33305004495a9","hash":"9922a543f8de94c99543d71daf508ac3947f9e66"}
,"C:\\Users\\bobot\\Downloads\\CS4218\\cs4218-2520-ecom-project-cs4218-2520-team14\\client\\src\\pages\\Policy.js": {"path":"C:\\Users\\bobot\\Downloads\\CS4218\\cs4218-2520-ecom-project-cs4218-2520-team14\\client\\src\\pages\\Policy.js","statementMap":{"0":{"start":{"line":4,"column":15},"end":{"line":27,"column":1}},"1":{"start":{"line":5,"column":2},"end":{"line":26,"column":4}}},"fnMap":{"0":{"name":"(anonymous_0)","decl":{"start":{"line":4,"column":15},"end":{"line":4,"column":16}},"loc":{"start":{"line":4,"column":21},"end":{"line":27,"column":1}},"line":4}},"branchMap":{},"s":{"0":1,"1":3},"f":{"0":3},"b":{},"_coverageSchema":"1a1c01bbd47fc00a2c39e90264f33305004495a9","hash":"261453090d101975e4f3a070d44ecf8721a6ebb4"}
,"C:\\Users\\bobot\\Downloads\\CS4218\\cs4218-2520-ecom-project-cs4218-2520-team14\\client\\src\\pages\\ProductDetails.js": {"path":"C:\\Users\\bobot\\Downloads\\CS4218\\cs4218-2520-ecom-project-cs4218-2520-team14\\client\\src\\pages\\ProductDetails.js","statementMap":{"0":{"start":{"line":9,"column":23},"end":{"line":141,"column":1}},"1":{"start":{"line":10,"column":17},"end":{"line":10,"column":28}},"2":{"start":{"line":11,"column":19},"end":{"line":11,"column":32}},"3":{"start":{"line":12,"column":26},"end":{"line":12,"column":35}},"4":{"start":{"line":13,"column":32},"end":{"line":13,"column":44}},"5":{"start":{"line":14,"column":48},"end":{"line":14,"column":60}},"6":{"start":{"line":17,"column":2},"end":{"line":19,"column":21}},"7":{"start":{"line":18,"column":4},"end":{"line":18,"column":35}},"8":{"start":{"line":18,"column":22},"end":{"line":18,"column":35}},"9":{"start":{"line":21,"column":21},"end":{"line":34,"column":3}},"10":{"start":{"line":22,"column":4},"end":{"line":33,"column":5}},"11":{"start":{"line":23,"column":23},"end":{"line":25,"column":7}},"12":{"start":{"line":26,"column":16},"end":{"line":26,"column":29}},"13":{"start":{"line":27,"column":6},"end":{"line":27,"column":26}},"14":{"start":{"line":28,"column":6},"end":{"line":30,"column":7}},"15":{"start":{"line":29,"column":8},"end":{"line":29,"column":55}},"16":{"start":{"line":32,"column":6},"end":{"line":32,"column":25}},"17":{"start":{"line":36,"column":28},"end":{"line":45,"column":3}},"18":{"start":{"line":37,"column":4},"end":{"line":44,"column":5}},"19":{"start":{"line":38,"column":23},"end":{"line":40,"column":7}},"20":{"start":{"line":41,"column":6},"end":{"line":41,"column":41}},"21":{"start":{"line":43,"column":6},"end":{"line":43,"column":25}},"22":{"start":{"line":46,"column":2},"end":{"line":140,"column":4}},"23":{"start":{"line":74,"column":30},"end":{"line":74,"column":48}},"24":{"start":{"line":75,"column":14},"end":{"line":75,"column":31}},"25":{"start":{"line":76,"column":14},"end":{"line":76,"column":68}},"26":{"start":{"line":77,"column":14},"end":{"line":77,"column":50}},"27":{"start":{"line":92,"column":12},"end":{"line":135,"column":18}},"28":{"start":{"line":116,"column":35},"end":{"line":116,"column":65}}},"fnMap":{"0":{"name":"(anonymous_0)","decl":{"start":{"line":9,"column":23},"end":{"line":9,"column":24}},"loc":{"start":{"line":9,"column":29},"end":{"line":141,"column":1}},"line":9},"1":{"name":"(anonymous_1)","decl":{"start":{"line":17,"column":12},"end":{"line":17,"column":13}},"loc":{"start":{"line":17,"column":18},"end":{"line":19,"column":3}},"line":17},"2":{"name":"(anonymous_2)","decl":{"start":{"line":21,"column":21},"end":{"line":21,"column":22}},"loc":{"start":{"line":21,"column":33},"end":{"line":34,"column":3}},"line":21},"3":{"name":"(anonymous_3)","decl":{"start":{"line":36,"column":28},"end":{"line":36,"column":29}},"loc":{"start":{"line":36,"column":48},"end":{"line":45,"column":3}},"line":36},"4":{"name":"(anonymous_4)","decl":{"start":{"line":73,"column":21},"end":{"line":73,"column":22}},"loc":{"start":{"line":73,"column":27},"end":{"line":78,"column":13}},"line":73},"5":{"name":"(anonymous_5)","decl":{"start":{"line":91,"column":32},"end":{"line":91,"column":33}},"loc":{"start":{"line":92,"column":12},"end":{"line":135,"column":18}},"line":92},"6":{"name":"(anonymous_6)","decl":{"start":{"line":116,"column":29},"end":{"line":116,"column":30}},"loc":{"start":{"line":116,"column":35},"end":{"line":116,"column":65}},"line":116}},"branchMap":{"0":{"loc":{"start":{"line":18,"column":4},"end":{"line":18,"column":35}},"type":"if","locations":[{"start":{"line":18,"column":4},"end":{"line":18,"column":35}},{"start":{},"end":{}}],"line":18},"1":{"loc":{"start":{"line":27,"column":17},"end":{"line":27,"column":24}},"type":"binary-expr","locations":[{"start":{"line":27,"column":17},"end":{"line":27,"column":18}},{"start":{"line":27,"column":22},"end":{"line":27,"column":24}}],"line":27},"2":{"loc":{"start":{"line":28,"column":6},"end":{"line":30,"column":7}},"type":"if","locations":[{"start":{"line":28,"column":6},"end":{"line":30,"column":7}},{"start":{},"end":{}}],"line":28},"3":{"loc":{"start":{"line":28,"column":10},"end":{"line":28,"column":36}},"type":"binary-expr","locations":[{"start":{"line":28,"column":10},"end":{"line":28,"column":16}},{"start":{"line":28,"column":20},"end":{"line":28,"column":36}}],"line":28},"4":{"loc":{"start":{"line":87,"column":9},"end":{"line":89,"column":9}},"type":"binary-expr","locations":[{"start":{"line":87,"column":9},"end":{"line":87,"column":35}},{"start":{"line":88,"column":10},"end":{"line":88,"column":66}}],"line":87},"5":{"loc":{"start":{"line":93,"column":15},"end":{"line":99,"column":15}},"type":"binary-expr","locations":[{"start":{"line":93,"column":15},"end":{"line":93,"column":21}},{"start":{"line":94,"column":16},"end":{"line":98,"column":18}}],"line":93},"6":{"loc":{"start":{"line":104,"column":28},"end":{"line":104,"column":40}},"type":"binary-expr","locations":[{"start":{"line":104,"column":28},"end":{"line":104,"column":35}},{"start":{"line":104,"column":39},"end":{"line":104,"column":40}}],"line":104},"7":{"loc":{"start":{"line":111,"column":20},"end":{"line":111,"column":39}},"type":"binary-expr","locations":[{"start":{"line":111,"column":20},"end":{"line":111,"column":33}},{"start":{"line":111,"column":37},"end":{"line":111,"column":39}}],"line":111}},"s":{"0":1,"1":15,"2":15,"3":15,"4":15,"5":15,"6":15,"7":9,"8":8,"9":15,"10":8,"11":8,"12":7,"13":7,"14":7,"15":5,"16":1,"17":15,"18":5,"19":5,"20":4,"21":1,"22":15,"23":1,"24":1,"25":1,"26":1,"27":1,"28":1},"f":{"0":15,"1":9,"2":8,"3":5,"4":1,"5":1,"6":1},"b":{"0":[8,1],"1":[7,1],"2":[5,2],"3":[7,6],"4":[15,14],"5":[1,1],"6":[1,0],"7":[1,0]},"_coverageSchema":"1a1c01bbd47fc00a2c39e90264f33305004495a9","hash":"c4a00e917b2226f2ae2a417a5771d5af764bac93"}
,"C:\\Users\\bobot\\Downloads\\CS4218\\cs4218-2520-ecom-project-cs4218-2520-team14\\client\\src\\pages\\Search.js": {"path":"C:\\Users\\bobot\\Downloads\\CS4218\\cs4218-2520-ecom-project-cs4218-2520-team14\\client\\src\\pages\\Search.js","statementMap":{"0":{"start":{"line":8,"column":15},"end":{"line":98,"column":1}},"1":{"start":{"line":9,"column":19},"end":{"line":9,"column":30}},"2":{"start":{"line":10,"column":19},"end":{"line":10,"column":32}},"3":{"start":{"line":11,"column":26},"end":{"line":11,"column":35}},"4":{"start":{"line":13,"column":18},"end":{"line":13,"column":39}},"5":{"start":{"line":14,"column":16},"end":{"line":14,"column":30}},"6":{"start":{"line":16,"column":2},"end":{"line":97,"column":4}},"7":{"start":{"line":36,"column":14},"end":{"line":91,"column":20}},"8":{"start":{"line":70,"column":39},"end":{"line":70,"column":69}},"9":{"start":{"line":78,"column":26},"end":{"line":78,"column":48}},"10":{"start":{"line":79,"column":26},"end":{"line":82,"column":28}},"11":{"start":{"line":83,"column":26},"end":{"line":83,"column":62}}},"fnMap":{"0":{"name":"(anonymous_0)","decl":{"start":{"line":8,"column":15},"end":{"line":8,"column":16}},"loc":{"start":{"line":8,"column":21},"end":{"line":98,"column":1}},"line":8},"1":{"name":"(anonymous_1)","decl":{"start":{"line":35,"column":25},"end":{"line":35,"column":26}},"loc":{"start":{"line":36,"column":14},"end":{"line":91,"column":20}},"line":36},"2":{"name":"(anonymous_2)","decl":{"start":{"line":70,"column":33},"end":{"line":70,"column":34}},"loc":{"start":{"line":70,"column":39},"end":{"line":70,"column":69}},"line":70},"3":{"name":"(anonymous_3)","decl":{"start":{"line":77,"column":33},"end":{"line":77,"column":34}},"loc":{"start":{"line":77,"column":39},"end":{"line":84,"column":25}},"line":77}},"branchMap":{"0":{"loc":{"start":{"line":13,"column":18},"end":{"line":13,"column":39}},"type":"binary-expr","locations":[{"start":{"line":13,"column":18},"end":{"line":13,"column":33}},{"start":{"line":13,"column":37},"end":{"line":13,"column":39}}],"line":13},"1":{"loc":{"start":{"line":22,"column":13},"end":{"line":24,"column":65}},"type":"cond-expr","locations":[{"start":{"line":23,"column":16},"end":{"line":23,"column":35}},{"start":{"line":24,"column":16},"end":{"line":24,"column":65}}],"line":22},"2":{"loc":{"start":{"line":24,"column":41},"end":{"line":24,"column":63}},"type":"cond-expr","locations":[{"start":{"line":24,"column":55},"end":{"line":24,"column":57}},{"start":{"line":24,"column":60},"end":{"line":24,"column":63}}],"line":24},"3":{"loc":{"start":{"line":27,"column":9},"end":{"line":94,"column":9}},"type":"cond-expr","locations":[{"start":{"line":28,"column":10},"end":{"line":32,"column":16}},{"start":{"line":34,"column":10},"end":{"line":93,"column":16}}],"line":27},"4":{"loc":{"start":{"line":63,"column":23},"end":{"line":63,"column":61}},"type":"cond-expr","locations":[{"start":{"line":63,"column":51},"end":{"line":63,"column":56}},{"start":{"line":63,"column":59},"end":{"line":63,"column":61}}],"line":63}},"s":{"0":1,"1":6,"2":6,"3":6,"4":6,"5":6,"6":6,"7":5,"8":1,"9":1,"10":1,"11":1},"f":{"0":6,"1":5,"2":1,"3":1},"b":{"0":[6,1],"1":[2,4],"2":[3,1],"3":[2,4],"4":[1,4]},"_coverageSchema":"1a1c01bbd47fc00a2c39e90264f33305004495a9","hash":"87a98ec54140b2be61c8f737ec9d0de9878c4d09"}
,"C:\\Users\\bobot\\Downloads\\CS4218\\cs4218-2520-ecom-project-cs4218-2520-team14\\client\\src\\pages\\Auth\\ForgotPassword.js": {"path":"C:\\Users\\bobot\\Downloads\\CS4218\\cs4218-2520-ecom-project-cs4218-2520-team14\\client\\src\\pages\\Auth\\ForgotPassword.js","statementMap":{"0":{"start":{"line":11,"column":23},"end":{"line":112,"column":1}},"1":{"start":{"line":12,"column":28},"end":{"line":12,"column":40}},"2":{"start":{"line":13,"column":30},"end":{"line":13,"column":42}},"3":{"start":{"line":14,"column":40},"end":{"line":14,"column":52}},"4":{"start":{"line":15,"column":42},"end":{"line":15,"column":57}},"5":{"start":{"line":19,"column":19},"end":{"line":19,"column":32}},"6":{"start":{"line":23,"column":23},"end":{"line":56,"column":3}},"7":{"start":{"line":24,"column":4},"end":{"line":24,"column":23}},"8":{"start":{"line":26,"column":4},"end":{"line":26,"column":29}},"9":{"start":{"line":26,"column":22},"end":{"line":26,"column":29}},"10":{"start":{"line":28,"column":4},"end":{"line":28,"column":26}},"11":{"start":{"line":29,"column":4},"end":{"line":55,"column":5}},"12":{"start":{"line":30,"column":18},"end":{"line":34,"column":8}},"13":{"start":{"line":36,"column":6},"end":{"line":49,"column":7}},"14":{"start":{"line":37,"column":8},"end":{"line":44,"column":11}},"15":{"start":{"line":46,"column":8},"end":{"line":46,"column":27}},"16":{"start":{"line":48,"column":8},"end":{"line":48,"column":67}},"17":{"start":{"line":51,"column":6},"end":{"line":51,"column":27}},"18":{"start":{"line":52,"column":6},"end":{"line":52,"column":42}},"19":{"start":{"line":54,"column":6},"end":{"line":54,"column":29}},"20":{"start":{"line":59,"column":2},"end":{"line":111,"column":4}},"21":{"start":{"line":70,"column":31},"end":{"line":70,"column":55}},"22":{"start":{"line":83,"column":31},"end":{"line":83,"column":56}},"23":{"start":{"line":96,"column":31},"end":{"line":96,"column":61}}},"fnMap":{"0":{"name":"(anonymous_0)","decl":{"start":{"line":11,"column":23},"end":{"line":11,"column":24}},"loc":{"start":{"line":11,"column":29},"end":{"line":112,"column":1}},"line":11},"1":{"name":"(anonymous_1)","decl":{"start":{"line":23,"column":23},"end":{"line":23,"column":24}},"loc":{"start":{"line":23,"column":36},"end":{"line":56,"column":3}},"line":23},"2":{"name":"(anonymous_2)","decl":{"start":{"line":70,"column":24},"end":{"line":70,"column":25}},"loc":{"start":{"line":70,"column":31},"end":{"line":70,"column":55}},"line":70},"3":{"name":"(anonymous_3)","decl":{"start":{"line":83,"column":24},"end":{"line":83,"column":25}},"loc":{"start":{"line":83,"column":31},"end":{"line":83,"column":56}},"line":83},"4":{"name":"(anonymous_4)","decl":{"start":{"line":96,"column":24},"end":{"line":96,"column":25}},"loc":{"start":{"line":96,"column":31},"end":{"line":96,"column":61}},"line":96}},"branchMap":{"0":{"loc":{"start":{"line":26,"column":4},"end":{"line":26,"column":29}},"type":"if","locations":[{"start":{"line":26,"column":4},"end":{"line":26,"column":29}},{"start":{},"end":{}}],"line":26},"1":{"loc":{"start":{"line":36,"column":6},"end":{"line":49,"column":7}},"type":"if","locations":[{"start":{"line":36,"column":6},"end":{"line":49,"column":7}},{"start":{"line":47,"column":13},"end":{"line":49,"column":7}}],"line":36},"2":{"loc":{"start":{"line":37,"column":22},"end":{"line":37,"column":73}},"type":"binary-expr","locations":[{"start":{"line":37,"column":22},"end":{"line":37,"column":40}},{"start":{"line":37,"column":44},"end":{"line":37,"column":73}}],"line":37},"3":{"loc":{"start":{"line":48,"column":20},"end":{"line":48,"column":65}},"type":"binary-expr","locations":[{"start":{"line":48,"column":20},"end":{"line":48,"column":38}},{"start":{"line":48,"column":42},"end":{"line":48,"column":65}}],"line":48},"4":{"loc":{"start":{"line":106,"column":13},"end":{"line":106,"column":61}},"type":"cond-expr","locations":[{"start":{"line":106,"column":28},"end":{"line":106,"column":42}},{"start":{"line":106,"column":45},"end":{"line":106,"column":61}}],"line":106}},"s":{"0":1,"1":38,"2":38,"3":38,"4":38,"5":38,"6":38,"7":8,"8":8,"9":1,"10":7,"11":7,"12":7,"13":5,"14":2,"15":2,"16":3,"17":1,"18":1,"19":6,"20":38,"21":7,"22":7,"23":7},"f":{"0":38,"1":8,"2":7,"3":7,"4":7},"b":{"0":[1,7],"1":[2,3],"2":[2,1],"3":[3,1],"4":[7,31]},"_coverageSchema":"1a1c01bbd47fc00a2c39e90264f33305004495a9","hash":"6f12ee0716e49d03b18ead1b0860385f4a3a518c"}
,"C:\\Users\\bobot\\Downloads\\CS4218\\cs4218-2520-ecom-project-cs4218-2520-team14\\client\\src\\pages\\Auth\\Login.js": {"path":"C:\\Users\\bobot\\Downloads\\CS4218\\cs4218-2520-ecom-project-cs4218-2520-team14\\client\\src\\pages\\Auth\\Login.js","statementMap":{"0":{"start":{"line":12,"column":14},"end":{"line":139,"column":1}},"1":{"start":{"line":13,"column":28},"end":{"line":13,"column":40}},"2":{"start":{"line":14,"column":34},"end":{"line":14,"column":46}},"3":{"start":{"line":16,"column":26},"end":{"line":16,"column":35}},"4":{"start":{"line":18,"column":42},"end":{"line":18,"column":57}},"5":{"start":{"line":20,"column":19},"end":{"line":20,"column":32}},"6":{"start":{"line":21,"column":19},"end":{"line":21,"column":32}},"7":{"start":{"line":24,"column":26},"end":{"line":38,"column":3}},"8":{"start":{"line":25,"column":18},"end":{"line":25,"column":33}},"9":{"start":{"line":27,"column":4},"end":{"line":27,"column":27}},"10":{"start":{"line":27,"column":16},"end":{"line":27,"column":27}},"11":{"start":{"line":30,"column":4},"end":{"line":30,"column":48}},"12":{"start":{"line":30,"column":35},"end":{"line":30,"column":48}},"13":{"start":{"line":32,"column":17},"end":{"line":32,"column":28}},"14":{"start":{"line":34,"column":4},"end":{"line":34,"column":46}},"15":{"start":{"line":34,"column":34},"end":{"line":34,"column":46}},"16":{"start":{"line":35,"column":4},"end":{"line":35,"column":65}},"17":{"start":{"line":35,"column":44},"end":{"line":35,"column":65}},"18":{"start":{"line":37,"column":4},"end":{"line":37,"column":15}},"19":{"start":{"line":40,"column":23},"end":{"line":86,"column":3}},"20":{"start":{"line":41,"column":4},"end":{"line":41,"column":23}},"21":{"start":{"line":44,"column":4},"end":{"line":44,"column":29}},"22":{"start":{"line":44,"column":22},"end":{"line":44,"column":29}},"23":{"start":{"line":46,"column":4},"end":{"line":46,"column":26}},"24":{"start":{"line":47,"column":4},"end":{"line":85,"column":5}},"25":{"start":{"line":48,"column":18},"end":{"line":48,"column":77}},"26":{"start":{"line":50,"column":6},"end":{"line":79,"column":7}},"27":{"start":{"line":51,"column":24},"end":{"line":51,"column":64}},"28":{"start":{"line":53,"column":8},"end":{"line":60,"column":11}},"29":{"start":{"line":62,"column":25},"end":{"line":66,"column":9}},"30":{"start":{"line":68,"column":8},"end":{"line":68,"column":26}},"31":{"start":{"line":71,"column":8},"end":{"line":74,"column":10}},"32":{"start":{"line":76,"column":8},"end":{"line":76,"column":36}},"33":{"start":{"line":78,"column":8},"end":{"line":78,"column":58}},"34":{"start":{"line":81,"column":6},"end":{"line":81,"column":27}},"35":{"start":{"line":82,"column":6},"end":{"line":82,"column":42}},"36":{"start":{"line":84,"column":6},"end":{"line":84,"column":29}},"37":{"start":{"line":88,"column":2},"end":{"line":138,"column":4}},"38":{"start":{"line":99,"column":31},"end":{"line":99,"column":55}},"39":{"start":{"line":112,"column":31},"end":{"line":112,"column":58}},"40":{"start":{"line":125,"column":29},"end":{"line":125,"column":57}}},"fnMap":{"0":{"name":"(anonymous_0)","decl":{"start":{"line":12,"column":14},"end":{"line":12,"column":15}},"loc":{"start":{"line":12,"column":20},"end":{"line":139,"column":1}},"line":12},"1":{"name":"(anonymous_1)","decl":{"start":{"line":24,"column":26},"end":{"line":24,"column":27}},"loc":{"start":{"line":24,"column":32},"end":{"line":38,"column":3}},"line":24},"2":{"name":"(anonymous_2)","decl":{"start":{"line":40,"column":23},"end":{"line":40,"column":24}},"loc":{"start":{"line":40,"column":36},"end":{"line":86,"column":3}},"line":40},"3":{"name":"(anonymous_3)","decl":{"start":{"line":99,"column":24},"end":{"line":99,"column":25}},"loc":{"start":{"line":99,"column":31},"end":{"line":99,"column":55}},"line":99},"4":{"name":"(anonymous_4)","decl":{"start":{"line":112,"column":24},"end":{"line":112,"column":25}},"loc":{"start":{"line":112,"column":31},"end":{"line":112,"column":58}},"line":112},"5":{"name":"(anonymous_5)","decl":{"start":{"line":125,"column":23},"end":{"line":125,"column":24}},"loc":{"start":{"line":125,"column":29},"end":{"line":125,"column":57}},"line":125}},"branchMap":{"0":{"loc":{"start":{"line":27,"column":4},"end":{"line":27,"column":27}},"type":"if","locations":[{"start":{"line":27,"column":4},"end":{"line":27,"column":27}},{"start":{},"end":{}}],"line":27},"1":{"loc":{"start":{"line":30,"column":4},"end":{"line":30,"column":48}},"type":"if","locations":[{"start":{"line":30,"column":4},"end":{"line":30,"column":48}},{"start":{},"end":{}}],"line":30},"2":{"loc":{"start":{"line":34,"column":4},"end":{"line":34,"column":46}},"type":"if","locations":[{"start":{"line":34,"column":4},"end":{"line":34,"column":46}},{"start":{},"end":{}}],"line":34},"3":{"loc":{"start":{"line":35,"column":4},"end":{"line":35,"column":65}},"type":"if","locations":[{"start":{"line":35,"column":4},"end":{"line":35,"column":65}},{"start":{},"end":{}}],"line":35},"4":{"loc":{"start":{"line":44,"column":4},"end":{"line":44,"column":29}},"type":"if","locations":[{"start":{"line":44,"column":4},"end":{"line":44,"column":29}},{"start":{},"end":{}}],"line":44},"5":{"loc":{"start":{"line":50,"column":6},"end":{"line":79,"column":7}},"type":"if","locations":[{"start":{"line":50,"column":6},"end":{"line":79,"column":7}},{"start":{"line":77,"column":13},"end":{"line":79,"column":7}}],"line":50},"6":{"loc":{"start":{"line":51,"column":24},"end":{"line":51,"column":64}},"type":"binary-expr","locations":[{"start":{"line":51,"column":24},"end":{"line":51,"column":42}},{"star
[...]
loc":{"start":{"line":24,"column":39},"end":{"line":40,"column":3}},"line":24},"2":{"name":"(anonymous_2)","decl":{"start":{"line":41,"column":12},"end":{"line":41,"column":13}},"loc":{"start":{"line":41,"column":18},"end":{"line":44,"column":3}},"line":41},"3":{"name":"(anonymous_3)","decl":{"start":{"line":46,"column":25},"end":{"line":46,"column":26}},"loc":{"start":{"line":46,"column":37},"end":{"line":56,"column":3}},"line":46},"4":{"name":"(anonymous_4)","decl":{"start":{"line":58,"column":12},"end":{"line":58,"column":13}},"loc":{"start":{"line":58,"column":18},"end":{"line":60,"column":3}},"line":58},"5":{"name":"(anonymous_5)","decl":{"start":{"line":63,"column":23},"end":{"line":63,"column":24}},"loc":{"start":{"line":63,"column":36},"end":{"line":87,"column":3}},"line":63},"6":{"name":"(anonymous_6)","decl":{"start":{"line":90,"column":23},"end":{"line":90,"column":24}},"loc":{"start":{"line":90,"column":35},"end":{"line":107,"column":3}},"line":90},"7":{"name":"(anonymous_7)","decl":{"start":{"line":124,"column":26},"end":{"line":124,"column":27}},"loc":{"start":{"line":124,"column":37},"end":{"line":126,"column":17}},"line":124},"8":{"name":"(anonymous_8)","decl":{"start":{"line":129,"column":33},"end":{"line":129,"column":34}},"loc":{"start":{"line":130,"column":18},"end":{"line":132,"column":27}},"line":130},"9":{"name":"(anonymous_9)","decl":{"start":{"line":142,"column":30},"end":{"line":142,"column":31}},"loc":{"start":{"line":142,"column":37},"end":{"line":142,"column":64}},"line":142},"10":{"name":"(anonymous_10)","decl":{"start":{"line":174,"column":28},"end":{"line":174,"column":29}},"loc":{"start":{"line":174,"column":35},"end":{"line":174,"column":58}},"line":174},"11":{"name":"(anonymous_11)","decl":{"start":{"line":183,"column":28},"end":{"line":183,"column":29}},"loc":{"start":{"line":183,"column":35},"end":{"line":183,"column":65}},"line":183},"12":{"name":"(anonymous_12)","decl":{"start":{"line":193,"column":28},"end":{"line":193,"column":29}},"loc":{"start":{"line":193,"column":35},"end":{"line":193,"column":59}},"line":193},"13":{"name":"(anonymous_13)","decl":{"start":{"line":202,"column":28},"end":{"line":202,"column":29}},"loc":{"start":{"line":202,"column":35},"end":{"line":202,"column":62}},"line":202},"14":{"name":"(anonymous_14)","decl":{"start":{"line":212,"column":28},"end":{"line":212,"column":29}},"loc":{"start":{"line":212,"column":39},"end":{"line":214,"column":19}},"line":212}},"branchMap":{"0":{"loc":{"start":{"line":49,"column":6},"end":{"line":51,"column":7}},"type":"if","locations":[{"start":{"line":49,"column":6},"end":{"line":51,"column":7}},{"start":{},"end":{}}],"line":49},"1":{"loc":{"start":{"line":71,"column":6},"end":{"line":71,"column":49}},"type":"binary-expr","locations":[{"start":{"line":71,"column":6},"end":{"line":71,"column":11}},{"start":{"line":71,"column":15},"end":{"line":71,"column":49}}],"line":71},"2":{"loc":{"start":{"line":77,"column":6},"end":{"line":82,"column":7}},"type":"if","locations":[{"start":{"line":77,"column":6},"end":{"line":82,"column":7}},{"start":{"line":80,"column":13},"end":{"line":82,"column":7}}],"line":77},"3":{"loc":{"start":{"line":93,"column":6},"end":{"line":93,"column":26}},"type":"if","locations":[{"start":{"line":93,"column":6},"end":{"line":93,"column":26}},{"start":{},"end":{}}],"line":93},"4":{"loc":{"start":{"line":97,"column":6},"end":{"line":102,"column":7}},"type":"if","locations":[{"start":{"line":97,"column":6},"end":{"line":102,"column":7}},{"start":{"line":100,"column":13},"end":{"line":102,"column":7}}],"line":97},"5":{"loc":{"start":{"line":137,"column":19},"end":{"line":137,"column":54}},"type":"cond-expr","locations":[{"start":{"line":137,"column":27},"end":{"line":137,"column":37}},{"start":{"line":137,"column":40},"end":{"line":137,"column":54}}],"line":137},"6":{"loc":{"start":{"line":148,"column":17},"end":{"line":166,"column":17}},"type":"cond-expr","locations":[{"start":{"line":149,"column":18},"end":{"line":156,"column":24}},{"start":{"line":158,"column":18},"end":{"line":165,"column":24}}],"line":148},"7":{"loc":{"start":{"line":215,"column":25},"end":{"line":215,"column":48}},"type":"cond-expr","locations":[{"start":{"line":215,"column":36},"end":{"line":215,"column":41}},{"start":{"line":215,"column":44},"end":{"line":215,"column":48}}],"line":215}},"s":{"0":1,"1":1,"2":21,"3":21,"4":21,"5":21,"6":21,"7":21,"8":21,"9":21,"10":21,"11":21,"12":21,"13":21,"14":11,"15":11,"16":10,"17":10,"18":10,"19":10,"20":10,"21":10,"22":10,"23":10,"24":1,"25":21,"26":11,"27":21,"28":11,"29":11,"30":10,"31":10,"32":1,"33":1,"34":21,"35":11,"36":21,"37":3,"38":3,"39":3,"40":3,"41":3,"42":3,"43":3,"44":3,"45":3,"46":3,"47":2,"48":1,"49":1,"50":1,"51":1,"52":1,"53":21,"54":5,"55":5,"56":5,"57":2,"58":3,"59":2,"60":1,"61":1,"62":1,"63":1,"64":1,"65":21,"66":0,"67":20,"68":0,"69":0,"70":0,"71":0,"72":0,"73":0},"f":{"0":21,"1":11,"2":11,"3":11,"4":11,"5":3,"6":5,"7":0,"8":20,"9":0,"10":0,"11":0,"12":0,"13":0,"14":0},"b":{"0":[10,0],"1":[3,0],"2":[1,1],"3":[2,3],"4":[1,1],"5":[0,21],"6":[0,21],"7":[10,11]},"_coverageSchema":"1a1c01bbd47fc00a2c39e90264f33305004495a9","hash":"747ac140036a4853121bced7e2cf3e1bc0ce5618"}
,"C:\\Users\\bobot\\Downloads\\CS4218\\cs4218-2520-ecom-project-cs4218-2520-team14\\client\\src\\pages\\admin\\Users.js": {"path":"C:\\Users\\bobot\\Downloads\\CS4218\\cs4218-2520-ecom-project-cs4218-2520-team14\\client\\src\\pages\\admin\\Users.js","statementMap":{"0":{"start":{"line":7,"column":14},"end":{"line":80,"column":1}},"1":{"start":{"line":8,"column":28},"end":{"line":8,"column":40}},"2":{"start":{"line":10,"column":22},"end":{"line":20,"column":3}},"3":{"start":{"line":11,"column":4},"end":{"line":19,"column":5}},"4":{"start":{"line":12,"column":23},"end":{"line":12,"column":60}},"5":{"start":{"line":13,"column":6},"end":{"line":13,"column":36}},"6":{"start":{"line":15,"column":6},"end":{"line":15,"column":54}},"7":{"start":{"line":16,"column":6},"end":{"line":16,"column":50}},"8":{"start":{"line":17,"column":6},"end":{"line":17,"column":42}},"9":{"start":{"line":18,"column":6},"end":{"line":18,"column":77}},"10":{"start":{"line":22,"column":2},"end":{"line":24,"column":9}},"11":{"start":{"line":23,"column":4},"end":{"line":23,"column":18}},"12":{"start":{"line":26,"column":2},"end":{"line":79,"column":4}},"13":{"start":{"line":51,"column":22},"end":{"line":63,"column":27}}},"fnMap":{"0":{"name":"(anonymous_0)","decl":{"start":{"line":7,"column":14},"end":{"line":7,"column":15}},"loc":{"start":{"line":7,"column":20},"end":{"line":80,"column":1}},"line":7},"1":{"name":"(anonymous_1)","decl":{"start":{"line":10,"column":22},"end":{"line":10,"column":23}},"loc":{"start":{"line":10,"column":34},"end":{"line":20,"column":3}},"line":10},"2":{"name":"(anonymous_2)","decl":{"start":{"line":22,"column":12},"end":{"line":22,"column":13}},"loc":{"start":{"line":22,"column":18},"end":{"line":24,"column":3}},"line":22},"3":{"name":"(anonymous_3)","decl":{"start":{"line":50,"column":30},"end":{"line":50,"column":31}},"loc":{"start":{"line":51,"column":22},"end":{"line":63,"column":27}},"line":51}},"branchMap":{"0":{"loc":{"start":{"line":13,"column":15},"end":{"line":13,"column":34}},"type":"binary-expr","locations":[{"start":{"line":13,"column":15},"end":{"line":13,"column":26}},{"start":{"line":13,"column":30},"end":{"line":13,"column":34}}],"line":13},"1":{"loc":{"start":{"line":18,"column":18},"end":{"line":18,"column":75}},"type":"binary-expr","locations":[{"start":{"line":18,"column":18},"end":{"line":18,"column":48}},{"start":{"line":18,"column":52},"end":{"line":18,"column":75}}],"line":18},"2":{"loc":{"start":{"line":49,"column":19},"end":{"line":71,"column":19}},"type":"cond-expr","locations":[{"start":{"line":50,"column":20},"end":{"line":64,"column":22}},{"start":{"line":66,"column":20},"end":{"line":70,"column":25}}],"line":49},"3":{"loc":{"start":{"line":55,"column":29},"end":{"line":55,"column":43}},"type":"binary-expr","locations":[{"start":{"line":55,"column":29},"end":{"line":55,"column":36}},{"start":{"line":55,"column":40},"end":{"line":55,"column":43}}],"line":55},"4":{"loc":{"start":{"line":56,"column":29},"end":{"line":56,"column":45}},"type":"binary-expr","locations":[{"start":{"line":56,"column":29},"end":{"line":56,"column":38}},{"start":{"line":56,"column":42},"end":{"line":56,"column":45}}],"line":56},"5":{"loc":{"start":{"line":57,"column":29},"end":{"line":57,"column":60}},"type":"cond-expr","locations":[{"start":{"line":57,"column":44},"end":{"line":57,"column":51}},{"start":{"line":57,"column":54},"end":{"line":57,"column":60}}],"line":57},"6":{"loc":{"start":{"line":59,"column":27},"end":{"line":61,"column":33}},"type":"cond-expr","locations":[{"start":{"line":60,"column":30},"end":{"line":60,"column":68}},{"start":{"line":61,"column":30},"end":{"line":61,"column":33}}],"line":59}},"s":{"0":1,"1":8,"2":8,"3":6,"4":6,"5":4,"6":2,"7":2,"8":2,"9":2,"10":8,"11":6,"12":8,"13":3},"f":{"0":8,"1":6,"2":6,"3":3},"b":{"0":[4,3],"1":[2,1],"2":[2,6],"3":[3,1],"4":[3,1],"5":[1,2],"6":[2,1]},"_coverageSchema":"1a1c01bbd47fc00a2c39e90264f33305004495a9","hash":"01603e37fc4772ed7045277a630bc28a8b0794d1"}
,"C:\\Users\\bobot\\Downloads\\CS4218\\cs4218-2520-ecom-project-cs4218-2520-team14\\client\\src\\pages\\user\\Dashboard.js": {"path":"C:\\Users\\bobot\\Downloads\\CS4218\\cs4218-2520-ecom-project-cs4218-2520-team14\\client\\src\\pages\\user\\Dashboard.js","statementMap":{"0":{"start":{"line":5,"column":18},"end":{"line":25,"column":1}},"1":{"start":{"line":6,"column":17},"end":{"line":6,"column":26}},"2":{"start":{"line":7,"column":2},"end":{"line":24,"column":4}}},"fnMap":{"0":{"name":"(anonymous_0)","decl":{"start":{"line":5,"column":18},"end":{"line":5,"column":19}},"loc":{"start":{"line":5,"column":24},"end":{"line":25,"column":1}},"line":5}},"branchMap":{},"s":{"0":1,"1":2,"2":2},"f":{"0":2},"b":{},"_coverageSchema":"1a1c01bbd47fc00a2c39e90264f33305004495a9","hash":"c292c936bab7e6dfeed54db0614ff36167218dc8"}
,"C:\\Users\\bobot\\Downloads\\CS4218\\cs4218-2520-ecom-project-cs4218-2520-team14\\client\\src\\pages\\user\\Orders.js": {"path":"C:\\Users\\bobot\\Downloads\\CS4218\\cs4218-2520-ecom-project-cs4218-2520-team14\\client\\src\\pages\\user\\Orders.js","statementMap":{"0":{"start":{"line":8,"column":15},"end":{"line":96,"column":1}},"1":{"start":{"line":9,"column":30},"end":{"line":9,"column":42}},"2":{"start":{"line":10,"column":17},"end":{"line":10,"column":26}},"3":{"start":{"line":11,"column":20},"end":{"line":18,"column":3}},"4":{"start":{"line":12,"column":4},"end":{"line":17,"column":5}},"5":{"start":{"line":13,"column":23},"end":{"line":13,"column":61}},"6":{"start":{"line":14,"column":6},"end":{"line":14,"column":22}},"7":{"start":{"line":16,"column":6},"end":{"line":16,"column":25}},"8":{"start":{"line":20,"column":2},"end":{"line":22,"column":20}},"9":{"start":{"line":21,"column":4},"end":{"line":21,"column":33}},"10":{"start":{"line":21,"column":21},"end":{"line":21,"column":33}},"11":{"start":{"line":23,"column":2},"end":{"line":95,"column":4}},"12":{"start":{"line":33,"column":14},"end":{"line":89,"column":16}},"13":{"start":{"line":59,"column":22},"end":{"line":85,"column":28}}},"fnMap":{"0":{"name":"(anonymous_0)","decl":{"start":{"line":8,"column":15},"end":{"line":8,"column":16}},"loc":{"start":{"line":8,"column":21},"end":{"line":96,"column":1}},"line":8},"1":{"name":"(anonymous_1)","decl":{"start":{"line":11,"column":20},"end":{"line":11,"column":21}},"loc":{"start":{"line":11,"column":32},"end":{"line":18,"column":3}},"line":11},"2":{"name":"(anonymous_2)","decl":{"start":{"line":20,"column":12},"end":{"line":20,"column":13}},"loc":{"start":{"line":20,"column":18},"end":{"line":22,"column":3}},"line":20},"3":{"name":"(anonymous_3)","decl":{"start":{"line":32,"column":25},"end":{"line":32,"column":26}},"loc":{"start":{"line":32,"column":35},"end":{"line":90,"column":13}},"line":32},"4":{"name":"(anonymous_4)","decl":{"start":{"line":58,"column":38},"end":{"line":58,"column":39}},"loc":{"start":{"line":59,"column":22},"end":{"line":85,"column":28}},"line":59}},"branchMap":{"0":{"loc":{"start":{"line":21,"column":4},"end":{"line":21,"column":33}},"type":"if","locations":[{"start":{"line":21,"column":4},"end":{"line":21,"column":33}},{"start":{},"end":{}}],"line":21},"1":{"loc":{"start":{"line":34,"column":52},"end":{"line":34,"column":62}},"type":"binary-expr","locations":[{"start":{"line":34,"column":52},"end":{"line":34,"column":57}},{"start":{"line":34,"column":61},"end":{"line":34,"column":62}}],"line":34},"2":{"loc":{"start":{"line":52,"column":29},"end":{"line":52,"column":71}},"type":"cond-expr","locations":[{"start":{"line":52,"column":51},"end":{"line":52,"column":60}},{"start":{"line":52,"column":63},"end":{"line":52,"column":71}}],"line":52},"3":{"loc":{"start":{"line":61,"column":29},"end":{"line":61,"column":39}},"type":"binary-expr","locations":[{"start":{"line":61,"column":29},"end":{"line":61,"column":34}},{"start":{"line":61,"column":38},"end":{"line":61,"column":39}}],"line":61}},"s":{"0":1,"1":9,"2":8,"3":8,"4":5,"5":5,"6":4,"7":1,"8":8,"9":6,"10":5,"11":8,"12":3,"13":4},"f":{"0":9,"1":5,"2":6,"3":3,"4":4},"b":{"0":[5,1],"1":[3,1],"2":[2,1],"3":[4,1]},"_coverageSchema":"1a1c01bbd47fc00a2c39e90264f33305004495a9","hash":"9ed61261c5340becf6064c50c05e7f5d664770f2"}
,"C:\\Users\\bobot\\Downloads\\CS4218\\cs4218-2520-ecom-project-cs4218-2520-team14\\client\\src\\pages\\user\\Profile.js": {"path":"C:\\Users\\bobot\\Downloads\\CS4218\\cs4218-2520-ecom-project-cs4218-2520-team14\\client\\src\\pages\\user\\Profile.js","statementMap":{"0":{"start":{"line":7,"column":16},"end":{"line":125,"column":1}},"1":{"start":{"line":9,"column":26},"end":{"line":9,"column":35}},"2":{"start":{"line":11,"column":26},"end":{"line":11,"column":38}},"3":{"start":{"line":12,"column":28},"end":{"line":12,"column":40}},"4":{"start":{"line":13,"column":34},"end":{"line":13,"column":46}},"5":{"start":{"line":14,"column":28},"end":{"line":14,"column":40}},"6":{"start":{"line":15,"column":32},"end":{"line":15,"column":44}},"7":{"start":{"line":18,"column":2},"end":{"line":24,"column":19}},"8":{"start":{"line":19,"column":44},"end":{"line":19,"column":54}},"9":{"start":{"line":20,"column":4},"end":{"line":20,"column":18}},"10":{"start":{"line":21,"column":4},"end":{"line":21,"column":20}},"11":{"start":{"line":22,"column":4},"end":{"line":22,"column":20}},"12":{"start":{"line":23,"column":4},"end":{"line":23,"column":24}},"13":{"start":{"line":27,"column":23},"end":{"line":51,"column":3}},"14":{"start":{"line":28,"column":4},"end":{"line":28,"column":23}},"15":{"start":{"line":29,"column":4},"end":{"line":50,"column":5}},"16":{"start":{"line":30,"column":23},"end":{"line":36,"column":8}},"17":{"start":{"line":37,"column":6},"end":{"line":46,"column":7}},"18":{"start":{"line":38,"column":8},"end":{"line":38,"column":33}},"19":{"start":{"line":40,"column":8},"end":{"line":40,"column":54}},"20":{"start":{"line":41,"column":17},"end":{"line":41,"column":45}},"21":{"start":{"line":42,"column":8},"end":{"line":42,"column":28}},"22":{"start":{"line":43,"column":8},"end":{"line":43,"column":35}},"23":{"start":{"line":44,"column":8},"end":{"line":44,"column":57}},"24":{"start":{"line":45,"column":8},"end":{"line":45,"column":54}},"25":{"start":{"line":48,"column":6},"end":{"line":48,"column":25}},"26":{"start":{"line":49,"column":6},"end":{"line":49,"column":42}},"27":{"start":{"line":52,"column":2},"end":{"line":124,"column":4}},"28":{"start":{"line":67,"column":37},"end":{"line":67,"column":60}},"29":{"start":{"line":88,"column":37},"end":{"line":88,"column":64}},"30":{"start":{"line":98,"column":37},"end":{"line":98,"column":61}},"31":{"start":{"line":108,"column":37},"end":{"line":108,"column":63}}},"fnMap":{"0":{"name":"(anonymous_0)","decl":{"start":{"line":7,"column":16},"end":{"line":7,"column":17}},"loc":{"start":{"line":7,"column":22},"end":{"line":125,"column":1}},"line":7},"1":{"name":"(anonymous_1)","decl":{"start":{"line":18,"column":12},"end":{"line":18,"column":13}},"loc":{"start":{"line":18,"column":18},"end":{"line":24,"column":3}},"line":18},"2":{"name":"(anonymous_2)","decl":{"start":{"line":27,"column":23},"end":{"line":27,"column":24}},"loc":{"start":{"line":27,"column":36},"end":{"line":51,"column":3}},"line":27},"3":{"name":"(anonymous_3)","decl":{"start":{"line":67,"column":30},"end":{"line":67,"column":31}},"loc":{"start":{"line":67,"column":37},"end":{"line":67,"column":60}},"line":67},"4":{"name":"(anonymous_4)","decl":{"start":{"line":88,"column":30},"end":{"line":88,"column":31}},"loc":{"start":{"line":88,"column":37},"end":{"line":88,"column":64}},"line":88},"5":{"name":"(anonymous_5)","decl":{"start":{"line":98,"column":30},"end":{"line":98,"column":31}},"loc":{"start":{"line":98,"column":37},"end":{"line":98,"column":61}},"line":98},"6":{"name":"(anonymous_6)","decl":{"start":{"line":108,"column":30},"end":{"line":108,"column":31}},"loc":{"start":{"line":108,"column":37},"end":{"line":108,"column":63}},"line":108}},"branchMap":{"0":{"loc":{"start":{"line":37,"column":6},"end":{"line":46,"column":7}},"type":"if","locations":[{"start":{"line":37,"column":6},"end":{"line":46,"column":7}},{"start":{"line":39,"column":13},"end":{"line":46,"column":7}}],"line":37}},"s":{"0":1,"1":13,"2":13,"3":13,"4":13,"5":13,"6":13,"7":13,"8":4,"9":4,"10":4,"11":4,"12":4,"13":13,"14":3,"15":3,"16":3,"17":2,"18":1,"19":1,"20":1,"21":1,"22":1,"23":1,"24":1,"25":1,"26":1,"27":13,"28":1,"29":2,"30":1,"31":1},"f":{"0":13,"1":4,"2":3,"3":1,"4":2,"5":1,"6":1},"b":{"0":[1,1]},"_coverageSchema":"1a1c01bbd47fc00a2c39e90264f33305004495a9","hash":"a46593802c9f064c4e85093c6eb2af4d6775d41d"}
,"C:\\Users\\bobot\\Downloads\\CS4218\\cs4218-2520-ecom-project-cs4218-2520-team14\\client\\src\\tests\\fixtures\\test.cartpage.data.js": {"path":"C:\\Users\\bobot\\Downloads\\CS4218\\cs4218-2520-ecom-project-cs4218-2520-team14\\client\\src\\tests\\fixtures\\test.cartpage.data.js","statementMap":{"0":{"start":{"line":1,"column":30},"end":{"line":1,"column":95}},"1":{"start":{"line":2,"column":25},"end":{"line":5,"column":1}},"2":{"start":{"line":6,"column":36},"end":{"line":6,"column":37}},"3":{"start":{"line":7,"column":31},"end":{"line":7,"column":32}},"4":{"start":{"line":8,"column":35},"end":{"line":8,"column":43}},"5":{"start":{"line":9,"column":29},"end":{"line":9,"column":37}},"6":{"start":{"line":10,"column":24},"end":{"line":10,"column":99}},"7":{"start":{"line":11,"column":31},"end":{"line":11,"column":65}}},"fnMap":{},"branchMap":{},"s":{"0":1,"1":1,"2":1,"3":1,"4":1,"5":1,"6":1,"7":1},"f":{},"b":{},"_coverageSchema":"1a1c01bbd47fc00a2c39e90264f33305004495a9","hash":"d3dcd777aff6ebc74ab55cb81346607319285722"}
,"C:\\Users\\bobot\\Downloads\\CS4218\\cs4218-2520-ecom-project-cs4218-2520-team14\\client\\src\\tests\\fixtures\\test.categories.data.js": {"path":"C:\\Users\\bobot\\Downloads\\CS4218\\cs4218-2520-ecom-project-cs4218-2520-team14\\client\\src\\tests\\fixtures\\test.categories.data.js","statementMap":{"0":{"start":{"line":1,"column":30},"end":{"line":9,"column":1}}},"fnMap":{},"branchMap":{},"s":{"0":1},"f":{},"b":{},"_coverageSchema":"1a1c01bbd47fc00a2c39e90264f33305004495a9","hash":"3639ee26fa3f58d57141a8f051f18bc6666d690f"}
,"C:\\Users\\bobot\\Downloads\\CS4218\\cs4218-2520-ecom-project-cs4218-2520-team14\\client\\src\\tests\\fixtures\\test.homepage.data.js": {"path":"C:\\Users\\bobot\\Downloads\\CS4218\\cs4218-2520-ecom-project-cs4218-2520-team14\\client\\src\\tests\\fixtures\\test.homepage.data.js","statementMap":{"0":{"start":{"line":1,"column":26},"end":{"line":17,"column":1}},"1":{"start":{"line":19,"column":24},"end":{"line":53,"column":1}},"2":{"start":{"line":55,"column":29},"end":{"line":55,"column":30}}},"fnMap":{},"branchMap":{},"s":{"0":1,"1":1,"2":1},"f":{},"b":{},"_coverageSchema":"1a1c01bbd47fc00a2c39e90264f33305004495a9","hash":"96111b1187880d40c091072e355de7ae70629f19"}
}
