TN:
SF:client\src\pages\HomePage.js
FN:12,(anonymous_0)
FN:24,(anonymous_1)
FN:35,(anonymous_2)
FN:40,(anonymous_3)
FN:53,(anonymous_4)
FN:62,(anonymous_5)
FN:67,(anonymous_6)
FN:80,(anonymous_7)
FN:85,(anonymous_8)
FN:89,(anonymous_9)
FN:93,(anonymous_10)
FN:98,(anonymous_11)
FN:123,(anonymous_12)
FN:126,(anonymous_13)
FN:135,(anonymous_14)
FN:136,(anonymous_15)
FN:146,(anonymous_16)
FN:155,(anonymous_17)
FN:178,(anonymous_18)
FN:184,(anonymous_19)
FN:204,(anonymous_20)
FNF:21
FNH:20
FNDA:44,(anonymous_0)
FNDA:12,(anonymous_1)
FNDA:12,(anonymous_2)
FNDA:15,(anonymous_3)
FNDA:12,(anonymous_4)
FNDA:14,(anonymous_5)
FNDA:2,(anonymous_6)
FNDA:2,(anonymous_7)
FNDA:0,(anonymous_8)
FNDA:15,(anonymous_9)
FNDA:15,(anonymous_10)
FNDA:3,(anonymous_11)
FNDA:42,(anonymous_12)
FNDA:2,(anonymous_13)
FNDA:1,(anonymous_14)
FNDA:258,(anonymous_15)
FNDA:1,(anonymous_16)
FNDA:44,(anonymous_17)
FNDA:1,(anonymous_18)
FNDA:1,(anonymous_19)
FNDA:2,(anonymous_20)
DA:12,1
DA:13,44
DA:14,44
DA:15,44
DA:16,43
DA:17,43
DA:18,43
DA:19,43
DA:20,43
DA:21,43
DA:24,43
DA:25,12
DA:26,12
DA:27,11
DA:28,8
DA:31,1
DA:35,43
DA:36,12
DA:37,12
DA:40,43
DA:41,15
DA:42,15
DA:43,15
DA:44,14
DA:45,14
DA:47,1
DA:48,1
DA:53,43
DA:54,12
DA:55,12
DA:56,11
DA:58,1
DA:62,43
DA:63,14
DA:64,2
DA:67,43
DA:68,2
DA:69,2
DA:70,2
DA:71,1
DA:72,1
DA:74,1
DA:75,1
DA:80,43
DA:81,2
DA:82,2
DA:83,2
DA:85,0
DA:87,2
DA:89,43
DA:90,15
DA:93,43
DA:94,15
DA:98,43
DA:99,3
DA:100,3
DA:104,2
DA:106,1
DA:109,43
DA:124,42
DA:126,2
DA:135,1
DA:137,258
DA:146,1
DA:156,44
DA:178,1
DA:185,1
DA:186,1
DA:190,1
DA:205,2
DA:206,2
LF:71
LH:70
BRDA:27,0,0,8
BRDA:27,0,1,3
BRDA:63,1,0,12
BRDA:63,1,1,2
BRDA:82,2,0,2
BRDA:82,2,1,0
BRDA:90,3,0,15
BRDA:90,3,1,0
BRDA:90,4,0,15
BRDA:90,4,1,2
BRDA:94,5,0,3
BRDA:94,5,1,12
BRDA:94,6,0,15
BRDA:94,6,1,13
BRDA:201,7,0,43
BRDA:201,7,1,43
BRDA:201,7,2,6
BRDA:209,8,0,2
BRDA:209,8,1,4
BRF:19
BRH:17
end_of_record
