TN:
SF:controllers\authController.js
FN:7,(anonymous_0)
FN:66,(anonymous_1)
FN:120,(anonymous_2)
FN:158,(anonymous_3)
FN:168,(anonymous_4)
FN:203,(anonymous_5)
FN:220,(anonymous_6)
FN:239,(anonymous_7)
FNF:8
FNH:0
FNDA:0,(anonymous_0)
FNDA:0,(anonymous_1)
FNDA:0,(anonymous_2)
FNDA:0,(anonymous_3)
FNDA:0,(anonymous_4)
FNDA:0,(anonymous_5)
FNDA:0,(anonymous_6)
FNDA:0,(anonymous_7)
DA:7,0
DA:8,0
DA:9,0
DA:11,0
DA:12,0
DA:14,0
DA:15,0
DA:17,0
DA:18,0
DA:20,0
DA:21,0
DA:23,0
DA:24,0
DA:26,0
DA:27,0
DA:30,0
DA:32,0
DA:33,0
DA:39,0
DA:41,0
DA:50,0
DA:56,0
DA:57,0
DA:66,0
DA:67,0
DA:68,0
DA:70,0
DA:71,0
DA:77,0
DA:78,0
DA:79,0
DA:84,0
DA:85,0
DA:86,0
DA:92,0
DA:95,0
DA:109,0
DA:110,0
DA:120,0
DA:121,0
DA:122,0
DA:123,0
DA:124,0
DA:126,0
DA:127,0
DA:129,0
DA:130,0
DA:133,0
DA:135,0
DA:136,0
DA:141,0
DA:142,0
DA:143,0
DA:148,0
DA:149,0
DA:158,0
DA:159,0
DA:160,0
DA:162,0
DA:163,0
DA:168,0
DA:169,0
DA:170,0
DA:171,0
DA:173,0
DA:174,0
DA:176,0
DA:177,0
DA:187,0
DA:193,0
DA:194,0
DA:203,0
DA:204,0
DA:205,0
DA:209,0
DA:211,0
DA:212,0
DA:220,0
DA:221,0
DA:222,0
DA:227,0
DA:229,0
DA:230,0
DA:239,0
DA:240,0
DA:241,0
DA:242,0
DA:243,0
DA:248,0
DA:250,0
DA:251,0
LF:91
LH:0
BRDA:11,0,0,0
BRDA:11,0,1,0
BRDA:14,1,0,0
BRDA:14,1,1,0
BRDA:17,2,0,0
BRDA:17,2,1,0
BRDA:20,3,0,0
BRDA:20,3,1,0
BRDA:23,4,0,0
BRDA:23,4,1,0
BRDA:26,5,0,0
BRDA:26,5,1,0
BRDA:32,6,0,0
BRDA:32,6,1,0
BRDA:70,7,0,0
BRDA:70,7,1,0
BRDA:70,8,0,0
BRDA:70,8,1,0
BRDA:78,9,0,0
BRDA:78,9,1,0
BRDA:85,10,0,0
BRDA:85,10,1,0
BRDA:123,11,0,0
BRDA:123,11,1,0
BRDA:126,12,0,0
BRDA:126,12,1,0
BRDA:129,13,0,0
BRDA:129,13,1,0
BRDA:135,14,0,0
BRDA:135,14,1,0
BRDA:173,15,0,0
BRDA:173,15,1,0
BRDA:173,16,0,0
BRDA:173,16,1,0
BRDA:176,17,0,0
BRDA:176,17,1,0
BRDA:180,18,0,0
BRDA:180,18,1,0
BRDA:181,19,0,0
BRDA:181,19,1,0
BRDA:182,20,0,0
BRDA:182,20,1,0
BRDA:183,21,0,0
BRDA:183,21,1,0
BRF:44
BRH:0
end_of_record
TN:
SF:controllers\categoryController.js
FN:3,(anonymous_0)
FN:36,(anonymous_1)
FN:61,(anonymous_2)
FN:80,(anonymous_3)
FN:105,(anonymous_4)
FNF:5
FNH:2
FNDA:0,(anonymous_0)
FNDA:0,(anonymous_1)
FNDA:3,(anonymous_2)
FNDA:3,(anonymous_3)
FNDA:0,(anonymous_4)
DA:3,1
DA:4,0
DA:5,0
DA:6,0
DA:7,0
DA:9,0
DA:10,0
DA:11,0
DA:16,0
DA:20,0
DA:26,0
DA:27,0
DA:36,1
DA:37,0
DA:38,0
DA:39,0
DA:40,0
DA:45,0
DA:51,0
DA:52,0
DA:61,1
DA:62,3
DA:63,3
DA:64,2
DA:70,1
DA:71,1
DA:80,1
DA:81,3
DA:82,3
DA:83,2
DA:84,1
DA:89,1
DA:95,1
DA:96,1
DA:105,1
DA:106,0
DA:107,0
DA:108,0
DA:109,0
DA:114,0
DA:115,0
LF:41
LH:17
BRDA:6,0,0,0
BRDA:6,0,1,0
BRDA:10,1,0,0
BRDA:10,1,1,0
BRDA:83,2,0,1
BRDA:83,2,1,1
BRF:6
BRH:2
end_of_record
TN:
SF:controllers\productController.js
FN:20,(anonymous_0)
FN:65,(anonymous_1)
FN:89,(anonymous_2)
FN:111,(anonymous_3)
FN:129,(anonymous_4)
FN:147,(anonymous_5)
FN:196,(anonymous_6)
FN:218,(anonymous_7)
FN:236,(anonymous_8)
FN:261,(anonymous_9)
FN:284,(anonymous_10)
FN:310,(anonymous_11)
FN:331,(anonymous_12)
FN:333,(anonymous_13)
FN:347,(anonymous_14)
FN:355,(anonymous_15)
FN:361,(anonymous_16)
FN:370,(anonymous_17)
FNF:18
FNH:6
FNDA:0,(anonymous_0)
FNDA:0,(anonymous_1)
FNDA:0,(anonymous_2)
FNDA:0,(anonymous_3)
FNDA:0,(anonymous_4)
FNDA:0,(anonymous_5)
FNDA:0,(anonymous_6)
FNDA:0,(anonymous_7)
FNDA:0,(anonymous_8)
FNDA:0,(anonymous_9)
FNDA:0,(anonymous_10)
FNDA:0,(anonymous_11)
FNDA:3,(anonymous_12)
FNDA:2,(anonymous_13)
FNDA:10,(anonymous_14)
FNDA:10,(anonymous_15)
FNDA:9,(anonymous_16)
FNDA:8,(anonymous_17)
DA:10,1
DA:13,1
DA:20,1
DA:21,0
DA:23,0
DA:24,0
DA:26,0
DA:28,0
DA:30,0
DA:32,0
DA:34,0
DA:36,0
DA:38,0
DA:43,0
DA:44,0
DA:45,0
DA:46,0
DA:48,0
DA:49,0
DA:55,0
DA:56,0
DA:65,1
DA:66,0
DA:67,0
DA:73,0
DA:80,0
DA:81,0
DA:89,1
DA:90,0
DA:91,0
DA:95,0
DA:101,0
DA:102,0
DA:111,1
DA:112,0
DA:113,0
DA:114,0
DA:115,0
DA:116,0
DA:119,0
DA:120,0
DA:129,1
DA:130,0
DA:131,0
DA:132,0
DA:137,0
DA:138,0
DA:147,1
DA:148,0
DA:150,0
DA:151,0
DA:153,0
DA:155,0
DA:157,0
DA:159,0
DA:161,0
DA:163,0
DA:165,0
DA:170,0
DA:175,0
DA:176,0
DA:177,0
DA:179,0
DA:180,0
DA:186,0
DA:187,0
DA:196,1
DA:197,0
DA:198,0
DA:199,0
DA:200,0
DA:201,0
DA:202,0
DA:203,0
DA:208,0
DA:209,0
DA:218,1
DA:219,0
DA:220,0
DA:221,0
DA:226,0
DA:227,0
DA:236,1
DA:237,0
DA:238,0
DA:239,0
DA:240,0
DA:246,0
DA:251,0
DA:252,0
DA:261,1
DA:262,0
DA:263,0
DA:264,0
DA:272,0
DA:274,0
DA:275,0
DA:284,1
DA:285,0
DA:286,0
DA:287,0
DA:295,0
DA:300,0
DA:301,0
DA:310,1
DA:311,0
DA:312,0
DA:313,0
DA:314,0
DA:320,0
DA:321,0
DA:331,1
DA:332,3
DA:333,3
DA:334,2
DA:335,1
DA:337,1
DA:341,1
DA:342,1
DA:347,1
DA:348,10
DA:349,10
DA:350,10
DA:351,1
DA:354,9
DA:355,9
DA:356,10
DA:357,2
DA:359,8
DA:361,9
DA:362,9
DA:371,8
DA:372,1
DA:374,8
DA:375,6
DA:377,1
DA:383,6
DA:388,4
DA:391,5
DA:392,5
DA:393,1
DA:394,4
DA:395,1
DA:397,3
LF:144
LH:47
BRDA:26,0,0,0
BRDA:26,0,1,0
BRDA:26,0,2,0
BRDA:26,0,3,0
BRDA:26,0,4,0
BRDA:26,0,5,0
BRDA:37,1,0,0
BRDA:37,1,1,0
BRDA:44,2,0,0
BRDA:44,2,1,0
BRDA:114,3,0,0
BRDA:114,3,1,0
BRDA:153,4,0,0
BRDA:153,4,1,0
BRDA:153,4,2,0
BRDA:153,4,3,0
BRDA:153,4,4,0
BRDA:153,4,5,0
BRDA:164,5,0,0
BRDA:164,5,1,0
BRDA:175,6,0,0
BRDA:175,6,1,0
BRDA:200,7,0,0
BRDA:200,7,1,0
BRDA:201,8,0,0
BRDA:201,8,1,0
BRDA:239,9,0,0
BRDA:239,9,1,0
BRDA:334,10,0,1
BRDA:334,10,1,1
BRDA:350,11,0,1
BRDA:350,11,1,9
BRDA:356,12,0,2
BRDA:356,12,1,8
BRDA:356,13,0,10
BRDA:356,13,1,10
BRDA:371,14,0,1
BRDA:371,14,1,7
BRDA:374,15,0,6
BRDA:374,15,1,1
BRDA:392,16,0,1
BRDA:392,16,1,4
BRDA:394,17,0,1
BRDA:394,17,1,3
BRF:44
BRH:16
end_of_record
TN:
SF:models\categoryModel.js
FNF:0
FNH:0
DA:3,3
LF:1
LH:1
BRF:0
BRH:0
end_of_record
TN:
SF:models\orderModel.js
FNF:0
FNH:0
DA:3,0
LF:1
LH:0
BRF:0
BRH:0
end_of_record
TN:
SF:models\productModel.js
FNF:0
FNH:0
DA:3,1
LF:1
LH:1
BRF:0
BRH:0
end_of_record
TN:
SF:models\userModel.js
FNF:0
FNH:0
DA:3,0
LF:1
LH:0
BRF:0
BRH:0
end_of_record
